\BOOKMARK [0][-]{chapter.1}{\376\377\0001\000\040\000H\000i\000e\000r\000a\000r\000c\000h\000i\000c\000a\000l\000\040\000I\000n\000d\000e\000x}{}% 1
\BOOKMARK [1][-]{section.1.1}{\376\377\0001\000.\0001\000\040\000C\000l\000a\000s\000s\000\040\000H\000i\000e\000r\000a\000r\000c\000h\000y}{chapter.1}% 2
\BOOKMARK [0][-]{chapter.2}{\376\377\0002\000\040\000C\000l\000a\000s\000s\000\040\000I\000n\000d\000e\000x}{}% 3
\BOOKMARK [1][-]{section.2.1}{\376\377\0002\000.\0001\000\040\000C\000l\000a\000s\000s\000\040\000L\000i\000s\000t}{chapter.2}% 4
\BOOKMARK [0][-]{chapter.3}{\376\377\0003\000\040\000F\000i\000l\000e\000\040\000I\000n\000d\000e\000x}{}% 5
\BOOKMARK [1][-]{section.3.1}{\376\377\0003\000.\0001\000\040\000F\000i\000l\000e\000\040\000L\000i\000s\000t}{chapter.3}% 6
\BOOKMARK [0][-]{chapter.4}{\376\377\0004\000\040\000C\000l\000a\000s\000s\000\040\000D\000o\000c\000u\000m\000e\000n\000t\000a\000t\000i\000o\000n}{}% 7
\BOOKMARK [1][-]{section.4.1}{\376\377\0004\000.\0001\000\040\000C\000o\000r\000e\000\040\000C\000l\000a\000s\000s\000\040\000R\000e\000f\000e\000r\000e\000n\000c\000e}{chapter.4}% 8
\BOOKMARK [2][-]{subsection.4.1.1}{\376\377\0004\000.\0001\000.\0001\000\040\000D\000e\000t\000a\000i\000l\000e\000d\000\040\000D\000e\000s\000c\000r\000i\000p\000t\000i\000o\000n}{section.4.1}% 9
\BOOKMARK [2][-]{subsection.4.1.2}{\376\377\0004\000.\0001\000.\0002\000\040\000C\000o\000n\000s\000t\000r\000u\000c\000t\000o\000r\000\040\000\046\000\040\000D\000e\000s\000t\000r\000u\000c\000t\000o\000r\000\040\000D\000o\000c\000u\000m\000e\000n\000t\000a\000t\000i\000o\000n}{section.4.1}% 10
\BOOKMARK [3][-]{subsubsection.4.1.2.1}{\376\377\0004\000.\0001\000.\0002\000.\0001\000\040\000\040\000C\000o\000r\000e\000\050\000\051}{subsection.4.1.2}% 11
\BOOKMARK [2][-]{subsection.4.1.3}{\376\377\0004\000.\0001\000.\0003\000\040\000F\000r\000i\000e\000n\000d\000s\000\040\000A\000n\000d\000\040\000R\000e\000l\000a\000t\000e\000d\000\040\000F\000u\000n\000c\000t\000i\000o\000n\000\040\000D\000o\000c\000u\000m\000e\000n\000t\000a\000t\000i\000o\000n}{section.4.1}% 12
\BOOKMARK [3][-]{subsubsection.4.1.3.1}{\376\377\0004\000.\0001\000.\0003\000.\0001\000\040\000S\000I\000G\000R\000u\000n}{subsection.4.1.3}% 13
\BOOKMARK [3][-]{subsubsection.4.1.3.2}{\376\377\0004\000.\0001\000.\0003\000.\0002\000\040\000S\000I\000G\000R\000u\000n\000C\000o\000r\000e\000T\000e\000s\000t}{subsection.4.1.3}% 14
\BOOKMARK [3][-]{subsubsection.4.1.3.3}{\376\377\0004\000.\0001\000.\0003\000.\0003\000\040\000S\000I\000G\000R\000u\000n\000T\000e\000s\000t}{subsection.4.1.3}% 15
\BOOKMARK [1][-]{section.4.2}{\376\377\0004\000.\0002\000\040\000L\000o\000g\000\040\000C\000l\000a\000s\000s\000\040\000R\000e\000f\000e\000r\000e\000n\000c\000e}{chapter.4}% 16
\BOOKMARK [2][-]{subsection.4.2.1}{\376\377\0004\000.\0002\000.\0001\000\040\000D\000e\000t\000a\000i\000l\000e\000d\000\040\000D\000e\000s\000c\000r\000i\000p\000t\000i\000o\000n}{section.4.2}% 17
\BOOKMARK [1][-]{section.4.3}{\376\377\0004\000.\0003\000\040\000P\000l\000u\000g\000i\000n\000C\000o\000l\000l\000e\000c\000t\000o\000r\000\040\000C\000l\000a\000s\000s\000\040\000R\000e\000f\000e\000r\000e\000n\000c\000e}{chapter.4}% 18
\BOOKMARK [2][-]{subsection.4.3.1}{\376\377\0004\000.\0003\000.\0001\000\040\000D\000e\000t\000a\000i\000l\000e\000d\000\040\000D\000e\000s\000c\000r\000i\000p\000t\000i\000o\000n}{section.4.3}% 19
\BOOKMARK [2][-]{subsection.4.3.2}{\376\377\0004\000.\0003\000.\0002\000\040\000M\000e\000m\000b\000e\000r\000\040\000F\000u\000n\000c\000t\000i\000o\000n\000\040\000D\000o\000c\000u\000m\000e\000n\000t\000a\000t\000i\000o\000n}{section.4.3}% 20
\BOOKMARK [3][-]{subsubsection.4.3.2.1}{\376\377\0004\000.\0003\000.\0002\000.\0001\000\040\000c\000o\000l\000l\000e\000c\000t\000\050\000\051}{subsection.4.3.2}% 21
\BOOKMARK [1][-]{section.4.4}{\376\377\0004\000.\0004\000\040\000P\000r\000i\000n\000t\000\040\000C\000l\000a\000s\000s\000\040\000R\000e\000f\000e\000r\000e\000n\000c\000e}{chapter.4}% 22
\BOOKMARK [2][-]{subsection.4.4.1}{\376\377\0004\000.\0004\000.\0001\000\040\000D\000e\000t\000a\000i\000l\000e\000d\000\040\000D\000e\000s\000c\000r\000i\000p\000t\000i\000o\000n}{section.4.4}% 23
\BOOKMARK [2][-]{subsection.4.4.2}{\376\377\0004\000.\0004\000.\0002\000\040\000C\000o\000n\000s\000t\000r\000u\000c\000t\000o\000r\000\040\000\046\000\040\000D\000e\000s\000t\000r\000u\000c\000t\000o\000r\000\040\000D\000o\000c\000u\000m\000e\000n\000t\000a\000t\000i\000o\000n}{section.4.4}% 24
\BOOKMARK [3][-]{subsubsection.4.4.2.1}{\376\377\0004\000.\0004\000.\0002\000.\0001\000\040\000P\000r\000i\000n\000t\000\050\000\051}{subsection.4.4.2}% 25
\BOOKMARK [3][-]{subsubsection.4.4.2.2}{\376\377\0004\000.\0004\000.\0002\000.\0002\000\040\000\040\000P\000r\000i\000n\000t\000\050\000\051}{subsection.4.4.2}% 26
\BOOKMARK [2][-]{subsection.4.4.3}{\376\377\0004\000.\0004\000.\0003\000\040\000M\000e\000m\000b\000e\000r\000\040\000F\000u\000n\000c\000t\000i\000o\000n\000\040\000D\000o\000c\000u\000m\000e\000n\000t\000a\000t\000i\000o\000n}{section.4.4}% 27
\BOOKMARK [3][-]{subsubsection.4.4.3.1}{\376\377\0004\000.\0004\000.\0003\000.\0001\000\040\000p\000r\000i\000n\000t\000\050\000\051\000\040\000[\0001\000/\0004\000]}{subsection.4.4.3}% 28
\BOOKMARK [3][-]{subsubsection.4.4.3.2}{\376\377\0004\000.\0004\000.\0003\000.\0002\000\040\000p\000r\000i\000n\000t\000\050\000\051\000\040\000[\0002\000/\0004\000]}{subsection.4.4.3}% 29
\BOOKMARK [3][-]{subsubsection.4.4.3.3}{\376\377\0004\000.\0004\000.\0003\000.\0003\000\040\000p\000r\000i\000n\000t\000\050\000\051\000\040\000[\0003\000/\0004\000]}{subsection.4.4.3}% 30
\BOOKMARK [3][-]{subsubsection.4.4.3.4}{\376\377\0004\000.\0004\000.\0003\000.\0004\000\040\000p\000r\000i\000n\000t\000\050\000\051\000\040\000[\0004\000/\0004\000]}{subsection.4.4.3}% 31
\BOOKMARK [1][-]{section.4.5}{\376\377\0004\000.\0005\000\040\000S\000c\000r\000i\000p\000t\000i\000n\000g\000\040\000C\000l\000a\000s\000s\000\040\000R\000e\000f\000e\000r\000e\000n\000c\000e}{chapter.4}% 32
\BOOKMARK [2][-]{subsection.4.5.1}{\376\377\0004\000.\0005\000.\0001\000\040\000D\000e\000t\000a\000i\000l\000e\000d\000\040\000D\000e\000s\000c\000r\000i\000p\000t\000i\000o\000n}{section.4.5}% 33
\BOOKMARK [1][-]{section.4.6}{\376\377\0004\000.\0006\000\040\000S\000I\000G\000R\000u\000n\000\040\000C\000l\000a\000s\000s\000\040\000R\000e\000f\000e\000r\000e\000n\000c\000e}{chapter.4}% 34
\BOOKMARK [2][-]{subsection.4.6.1}{\376\377\0004\000.\0006\000.\0001\000\040\000D\000e\000t\000a\000i\000l\000e\000d\000\040\000D\000e\000s\000c\000r\000i\000p\000t\000i\000o\000n}{section.4.6}% 35
\BOOKMARK [2][-]{subsection.4.6.2}{\376\377\0004\000.\0006\000.\0002\000\040\000C\000o\000n\000s\000t\000r\000u\000c\000t\000o\000r\000\040\000\046\000\040\000D\000e\000s\000t\000r\000u\000c\000t\000o\000r\000\040\000D\000o\000c\000u\000m\000e\000n\000t\000a\000t\000i\000o\000n}{section.4.6}% 36
\BOOKMARK [3][-]{subsubsection.4.6.2.1}{\376\377\0004\000.\0006\000.\0002\000.\0001\000\040\000S\000I\000G\000R\000u\000n\000\050\000\051}{subsection.4.6.2}% 37
\BOOKMARK [3][-]{subsubsection.4.6.2.2}{\376\377\0004\000.\0006\000.\0002\000.\0002\000\040\000\040\000S\000I\000G\000R\000u\000n\000\050\000\051}{subsection.4.6.2}% 38
\BOOKMARK [2][-]{subsection.4.6.3}{\376\377\0004\000.\0006\000.\0003\000\040\000M\000e\000m\000b\000e\000r\000\040\000F\000u\000n\000c\000t\000i\000o\000n\000\040\000D\000o\000c\000u\000m\000e\000n\000t\000a\000t\000i\000o\000n}{section.4.6}% 39
\BOOKMARK [3][-]{subsubsection.4.6.3.1}{\376\377\0004\000.\0006\000.\0003\000.\0001\000\040\000e\000x\000e\000c\000\050\000\051}{subsection.4.6.3}% 40
\BOOKMARK [3][-]{subsubsection.4.6.3.2}{\376\377\0004\000.\0006\000.\0003\000.\0002\000\040\000q\000u\000i\000t\000\050\000\051}{subsection.4.6.3}% 41
\BOOKMARK [1][-]{section.4.7}{\376\377\0004\000.\0007\000\040\000S\000u\000p\000e\000r\000E\000f\000f\000e\000c\000t\000\040\000C\000l\000a\000s\000s\000\040\000R\000e\000f\000e\000r\000e\000n\000c\000e}{chapter.4}% 42
\BOOKMARK [2][-]{subsection.4.7.1}{\376\377\0004\000.\0007\000.\0001\000\040\000D\000e\000t\000a\000i\000l\000e\000d\000\040\000D\000e\000s\000c\000r\000i\000p\000t\000i\000o\000n}{section.4.7}% 43
\BOOKMARK [0][-]{chapter.5}{\376\377\0005\000\040\000F\000i\000l\000e\000\040\000D\000o\000c\000u\000m\000e\000n\000t\000a\000t\000i\000o\000n}{}% 44
\BOOKMARK [1][-]{section.5.1}{\376\377\0005\000.\0001\000\040\000/\000h\000o\000m\000e\000/\000j\000u\000e\000r\000g\000e\000n\000/\0001\000\137\000d\000e\000v\000/\000p\000r\000o\000j\000e\000c\000t\000s\000/\000S\000k\000e\000t\000c\000h\000a\000b\000l\000e\000-\000I\000n\000t\000e\000r\000a\000c\000t\000i\000o\000n\000/\000S\000I\000/\000s\000r\000c\000/\000d\000e\000b\000u\000g\000/\000P\000r\000i\000n\000t\000.\000c\000p\000p\000\040\000F\000i\000l\000e\000\040\000R\000e\000f\000e\000r\000e\000n\000c\000e}{chapter.5}% 45
\BOOKMARK [1][-]{section.5.2}{\376\377\0005\000.\0002\000\040\000/\000h\000o\000m\000e\000/\000j\000u\000e\000r\000g\000e\000n\000/\0001\000\137\000d\000e\000v\000/\000p\000r\000o\000j\000e\000c\000t\000s\000/\000S\000k\000e\000t\000c\000h\000a\000b\000l\000e\000-\000I\000n\000t\000e\000r\000a\000c\000t\000i\000o\000n\000/\000S\000I\000/\000s\000r\000c\000/\000d\000e\000b\000u\000g\000/\000P\000r\000i\000n\000t\000.\000h\000p\000p\000\040\000F\000i\000l\000e\000\040\000R\000e\000f\000e\000r\000e\000n\000c\000e}{chapter.5}% 46
\BOOKMARK [1][-]{section.5.3}{\376\377\0005\000.\0003\000\040\000/\000h\000o\000m\000e\000/\000j\000u\000e\000r\000g\000e\000n\000/\0001\000\137\000d\000e\000v\000/\000p\000r\000o\000j\000e\000c\000t\000s\000/\000S\000k\000e\000t\000c\000h\000a\000b\000l\000e\000-\000I\000n\000t\000e\000r\000a\000c\000t\000i\000o\000n\000/\000S\000I\000/\000s\000r\000c\000/\000p\000y\000s\000i\000/\000S\000u\000p\000e\000r\000E\000f\000f\000e\000c\000t\000.\000c\000p\000p\000\040\000F\000i\000l\000e\000\040\000R\000e\000f\000e\000r\000e\000n\000c\000e}{chapter.5}% 47
\BOOKMARK [1][-]{section.5.4}{\376\377\0005\000.\0004\000\040\000/\000h\000o\000m\000e\000/\000j\000u\000e\000r\000g\000e\000n\000/\0001\000\137\000d\000e\000v\000/\000p\000r\000o\000j\000e\000c\000t\000s\000/\000S\000k\000e\000t\000c\000h\000a\000b\000l\000e\000-\000I\000n\000t\000e\000r\000a\000c\000t\000i\000o\000n\000/\000S\000I\000/\000s\000r\000c\000/\000p\000y\000s\000i\000/\000S\000u\000p\000e\000r\000E\000f\000f\000e\000c\000t\000.\000h\000p\000p\000\040\000F\000i\000l\000e\000\040\000R\000e\000f\000e\000r\000e\000n\000c\000e}{chapter.5}% 48
\BOOKMARK [1][-]{section.5.5}{\376\377\0005\000.\0005\000\040\000/\000h\000o\000m\000e\000/\000j\000u\000e\000r\000g\000e\000n\000/\0001\000\137\000d\000e\000v\000/\000p\000r\000o\000j\000e\000c\000t\000s\000/\000S\000k\000e\000t\000c\000h\000a\000b\000l\000e\000-\000I\000n\000t\000e\000r\000a\000c\000t\000i\000o\000n\000/\000S\000I\000/\000s\000r\000c\000/\000S\000I\000G\000R\000u\000n\000.\000c\000p\000p\000\040\000F\000i\000l\000e\000\040\000R\000e\000f\000e\000r\000e\000n\000c\000e}{chapter.5}% 49
\BOOKMARK [1][-]{section.5.6}{\376\377\0005\000.\0006\000\040\000/\000h\000o\000m\000e\000/\000j\000u\000e\000r\000g\000e\000n\000/\0001\000\137\000d\000e\000v\000/\000p\000r\000o\000j\000e\000c\000t\000s\000/\000S\000k\000e\000t\000c\000h\000a\000b\000l\000e\000-\000I\000n\000t\000e\000r\000a\000c\000t\000i\000o\000n\000/\000S\000I\000/\000s\000r\000c\000/\000S\000I\000G\000R\000u\000n\000.\000h\000p\000p\000\040\000F\000i\000l\000e\000\040\000R\000e\000f\000e\000r\000e\000n\000c\000e}{chapter.5}% 50
\BOOKMARK [1][-]{section.5.7}{\376\377\0005\000.\0007\000\040\000/\000h\000o\000m\000e\000/\000j\000u\000e\000r\000g\000e\000n\000/\0001\000\137\000d\000e\000v\000/\000p\000r\000o\000j\000e\000c\000t\000s\000/\000S\000k\000e\000t\000c\000h\000a\000b\000l\000e\000-\000I\000n\000t\000e\000r\000a\000c\000t\000i\000o\000n\000/\000S\000I\000/\000s\000r\000c\000/\000s\000i\000g\000r\000u\000n\000/\000C\000o\000r\000e\000.\000c\000p\000p\000\040\000F\000i\000l\000e\000\040\000R\000e\000f\000e\000r\000e\000n\000c\000e}{chapter.5}% 51
\BOOKMARK [1][-]{section.5.8}{\376\377\0005\000.\0008\000\040\000/\000h\000o\000m\000e\000/\000j\000u\000e\000r\000g\000e\000n\000/\0001\000\137\000d\000e\000v\000/\000p\000r\000o\000j\000e\000c\000t\000s\000/\000S\000k\000e\000t\000c\000h\000a\000b\000l\000e\000-\000I\000n\000t\000e\000r\000a\000c\000t\000i\000o\000n\000/\000S\000I\000/\000s\000r\000c\000/\000s\000i\000g\000r\000u\000n\000/\000C\000o\000r\000e\000.\000h\000p\000p\000\040\000F\000i\000l\000e\000\040\000R\000e\000f\000e\000r\000e\000n\000c\000e}{chapter.5}% 52
\BOOKMARK [1][-]{section.5.9}{\376\377\0005\000.\0009\000\040\000/\000h\000o\000m\000e\000/\000j\000u\000e\000r\000g\000e\000n\000/\0001\000\137\000d\000e\000v\000/\000p\000r\000o\000j\000e\000c\000t\000s\000/\000S\000k\000e\000t\000c\000h\000a\000b\000l\000e\000-\000I\000n\000t\000e\000r\000a\000c\000t\000i\000o\000n\000/\000S\000I\000/\000s\000r\000c\000/\000s\000i\000g\000r\000u\000n\000/\000l\000o\000g\000/\000L\000o\000g\000.\000c\000p\000p\000\040\000F\000i\000l\000e\000\040\000R\000e\000f\000e\000r\000e\000n\000c\000e}{chapter.5}% 53
\BOOKMARK [1][-]{section.5.10}{\376\377\0005\000.\0001\0000\000\040\000/\000h\000o\000m\000e\000/\000j\000u\000e\000r\000g\000e\000n\000/\0001\000\137\000d\000e\000v\000/\000p\000r\000o\000j\000e\000c\000t\000s\000/\000S\000k\000e\000t\000c\000h\000a\000b\000l\000e\000-\000I\000n\000t\000e\000r\000a\000c\000t\000i\000o\000n\000/\000S\000I\000/\000s\000r\000c\000/\000s\000i\000g\000r\000u\000n\000/\000l\000o\000g\000/\000L\000o\000g\000.\000h\000p\000p\000\040\000F\000i\000l\000e\000\040\000R\000e\000f\000e\000r\000e\000n\000c\000e}{chapter.5}% 54
\BOOKMARK [1][-]{section.5.11}{\376\377\0005\000.\0001\0001\000\040\000/\000h\000o\000m\000e\000/\000j\000u\000e\000r\000g\000e\000n\000/\0001\000\137\000d\000e\000v\000/\000p\000r\000o\000j\000e\000c\000t\000s\000/\000S\000k\000e\000t\000c\000h\000a\000b\000l\000e\000-\000I\000n\000t\000e\000r\000a\000c\000t\000i\000o\000n\000/\000S\000I\000/\000s\000r\000c\000/\000s\000i\000g\000r\000u\000n\000/\000p\000l\000u\000g\000i\000n\000/\000P\000l\000u\000g\000i\000n\000C\000o\000l\000l\000e\000c\000t\000o\000r\000.\000c\000p\000p\000\040\000F\000i\000l\000e\000\040\000R\000e\000f\000e\000r\000e\000n\000c\000e}{chapter.5}% 55
\BOOKMARK [1][-]{section.5.12}{\376\377\0005\000.\0001\0002\000\040\000/\000h\000o\000m\000e\000/\000j\000u\000e\000r\000g\000e\000n\000/\0001\000\137\000d\000e\000v\000/\000p\000r\000o\000j\000e\000c\000t\000s\000/\000S\000k\000e\000t\000c\000h\000a\000b\000l\000e\000-\000I\000n\000t\000e\000r\000a\000c\000t\000i\000o\000n\000/\000S\000I\000/\000s\000r\000c\000/\000s\000i\000g\000r\000u\000n\000/\000p\000l\000u\000g\000i\000n\000/\000P\000l\000u\000g\000i\000n\000C\000o\000l\000l\000e\000c\000t\000o\000r\000.\000h\000p\000p\000\040\000F\000i\000l\000e\000\040\000R\000e\000f\000e\000r\000e\000n\000c\000e}{chapter.5}% 56
\BOOKMARK [1][-]{section.5.13}{\376\377\0005\000.\0001\0003\000\040\000/\000h\000o\000m\000e\000/\000j\000u\000e\000r\000g\000e\000n\000/\0001\000\137\000d\000e\000v\000/\000p\000r\000o\000j\000e\000c\000t\000s\000/\000S\000k\000e\000t\000c\000h\000a\000b\000l\000e\000-\000I\000n\000t\000e\000r\000a\000c\000t\000i\000o\000n\000/\000S\000I\000/\000s\000r\000c\000/\000s\000i\000g\000r\000u\000n\000/\000p\000l\000u\000g\000i\000n\000/\000S\000c\000r\000i\000p\000t\000i\000n\000g\000.\000c\000p\000p\000\040\000F\000i\000l\000e\000\040\000R\000e\000f\000e\000r\000e\000n\000c\000e}{chapter.5}% 57
\BOOKMARK [1][-]{section.5.14}{\376\377\0005\000.\0001\0004\000\040\000/\000h\000o\000m\000e\000/\000j\000u\000e\000r\000g\000e\000n\000/\0001\000\137\000d\000e\000v\000/\000p\000r\000o\000j\000e\000c\000t\000s\000/\000S\000k\000e\000t\000c\000h\000a\000b\000l\000e\000-\000I\000n\000t\000e\000r\000a\000c\000t\000i\000o\000n\000/\000S\000I\000/\000s\000r\000c\000/\000s\000i\000g\000r\000u\000n\000/\000p\000l\000u\000g\000i\000n\000/\000S\000c\000r\000i\000p\000t\000i\000n\000g\000.\000h\000p\000p\000\040\000F\000i\000l\000e\000\040\000R\000e\000f\000e\000r\000e\000n\000c\000e}{chapter.5}% 58
\BOOKMARK [0][-]{section*.34}{\376\377\000I\000n\000d\000e\000x}{}% 59
