[0.013s] Invoking command in '/home/juergen/1_dev/projects/Sketchable-Interaction/SI/src/sirose/msg/ros2_si_interface/build/ros2_si_interface': /usr/local/bin/cmake /home/juergen/1_dev/projects/Sketchable-Interaction/SI/src/sirose/msg/ros2_si_interface -DCMAKE_INSTALL_PREFIX=/home/juergen/1_dev/projects/Sketchable-Interaction/SI/src/sirose/msg/ros2_si_interface/install/ros2_si_interface
[0.084s] -- The C compiler identification is GNU 10.2.1
[0.168s] -- The CXX compiler identification is GNU 10.2.1
[0.186s] -- Check for working C compiler: /usr/bin/cc
[0.261s] -- Check for working C compiler: /usr/bin/cc -- works
[0.264s] -- Detecting C compiler ABI info
[0.335s] -- Detecting C compiler ABI info - done
[0.390s] -- Detecting C compile features
[0.391s] -- Detecting C compile features - done
[0.400s] -- Check for working CXX compiler: /usr/bin/c++
[0.469s] -- Check for working CXX compiler: /usr/bin/c++ -- works
[0.472s] -- Detecting CXX compiler ABI info
[0.538s] -- Detecting CXX compiler ABI info - done
[0.593s] -- Detecting CXX compile features
[0.595s] -- Detecting CXX compile features - done
[0.605s] CMake Error at CMakeLists.txt:9 (find_package):
[0.605s]   By not providing "Findament_cmake.cmake" in CMAKE_MODULE_PATH this project
[0.605s]   has asked CMake to find a package configuration file provided by
[0.605s]   "ament_cmake", but CMake did not find one.
[0.605s] 
[0.605s]   Could not find a package configuration file provided by "ament_cmake" with
[0.605s]   any of the following names:
[0.605s] 
[0.605s]     ament_cmakeConfig.cmake
[0.605s]     ament_cmake-config.cmake
[0.606s] 
[0.606s]   Add the installation prefix of "ament_cmake" to CMAKE_PREFIX_PATH or set
[0.606s]   "ament_cmake_DIR" to a directory containing one of the above files.  If
[0.606s]   "ament_cmake" provides a separate development package or SDK, be sure it
[0.606s]   has been installed.
[0.606s] 
[0.606s] 
[0.606s] -- Configuring incomplete, errors occurred!
[0.606s] See also "/home/juergen/1_dev/projects/Sketchable-Interaction/SI/src/sirose/msg/ros2_si_interface/build/ros2_si_interface/CMakeFiles/CMakeOutput.log".
[0.609s] Invoked command in '/home/juergen/1_dev/projects/Sketchable-Interaction/SI/src/sirose/msg/ros2_si_interface/build/ros2_si_interface' returned '1': /usr/local/bin/cmake /home/juergen/1_dev/projects/Sketchable-Interaction/SI/src/sirose/msg/ros2_si_interface -DCMAKE_INSTALL_PREFIX=/home/juergen/1_dev/projects/Sketchable-Interaction/SI/src/sirose/msg/ros2_si_interface/install/ros2_si_interface
