[0.246s] Invoking command in '/home/juergen/1_dev/projects/Sketchable-Interaction/SI/src/sirose/msg/ros2_si_interface/build/ros2_si_interface': CMAKE_PREFIX_PATH=${CMAKE_PREFIX_PATH}:/home/juergen/ros2_galactic/install/rqt_bag_plugins:/home/juergen/ros2_galactic/install/rqt_bag:/home/juergen/ros2_galactic/install/ros2bag:/home/juergen/ros2_galactic/install/tracetools_launch:/home/juergen/ros2_galactic/install/topic_monitor:/home/juergen/ros2_galactic/install/tf2_tools:/home/juergen/ros2_galactic/install/examples_tf2_py:/home/juergen/ros2_galactic/install/tf2_ros_py:/home/juergen/ros2_galactic/install/sros2:/home/juergen/ros2_galactic/install/rqt_topic:/home/juergen/ros2_galactic/install/rqt_top:/home/juergen/ros2_galactic/install/rqt_srv:/home/juergen/ros2_galactic/install/rqt_shell:/home/juergen/ros2_galactic/install/rqt_service_caller:/home/juergen/ros2_galactic/install/rqt_reconfigure:/home/juergen/ros2_galactic/install/rqt_py_console:/home/juergen/ros2_galactic/install/rqt_publisher:/home/juergen/ros2_galactic/install/rqt_plot:/home/juergen/ros2_galactic/install/rqt_action:/home/juergen/ros2_galactic/install/rqt_msg:/home/juergen/ros2_galactic/install/rqt_console:/home/juergen/ros2_galactic/install/rqt:/home/juergen/ros2_galactic/install/rqt_graph:/home/juergen/ros2_galactic/install/rqt_gui_py:/home/juergen/ros2_galactic/install/rqt_gui:/home/juergen/ros2_galactic/install/ros2trace:/home/juergen/ros2_galactic/install/ros2topic:/home/juergen/ros2_galactic/install/ros2test:/home/juergen/ros2_galactic/install/ros2component:/home/juergen/ros2_galactic/install/ros2param:/home/juergen/ros2_galactic/install/ros2lifecycle:/home/juergen/ros2_galactic/install/ros2service:/home/juergen/ros2_galactic/install/ros2run:/home/juergen/ros2_galactic/install/ros2launch:/home/juergen/ros2_galactic/install/ros2pkg:/home/juergen/ros2_galactic/install/ros2node:/home/juergen/ros2_galactic/install/ros2multicast:/home/juergen/ros2_galactic/install/ros2interface:/home/juergen/ros2_galactic/install/ros2doctor:/home/juergen/ros2_galactic/install/ros2action:/home/juergen/ros2_galactic/install/ros2cli:/home/juergen/ros2_galactic/install/quality_of_service_demo_py:/home/juergen/ros2_galactic/install/launch_testing_ros:/home/juergen/ros2_galactic/install/launch_ros:/home/juergen/ros2_galactic/install/examples_rclpy_pointcloud_publisher:/home/juergen/ros2_galactic/install/examples_rclpy_minimal_subscriber:/home/juergen/ros2_galactic/install/examples_rclpy_minimal_service:/home/juergen/ros2_galactic/install/examples_rclpy_minimal_publisher:/home/juergen/ros2_galactic/install/examples_rclpy_minimal_client:/home/juergen/ros2_galactic/install/examples_rclpy_minimal_action_server:/home/juergen/ros2_galactic/install/examples_rclpy_minimal_action_client:/home/juergen/ros2_galactic/install/examples_rclpy_guard_conditions:/home/juergen/ros2_galactic/install/examples_rclpy_executors:/home/juergen/ros2_galactic/install/demo_nodes_py:/home/juergen/ros2_galactic/install/action_tutorials_py:/home/juergen/ros2_galactic/install/ament_uncrustify:/home/juergen/ros2_galactic/install/tracetools_trace:/home/juergen/ros2_galactic/install/tracetools_read:/home/juergen/ros2_galactic/install/test_launch_ros:/home/juergen/ros2_galactic/install/sensor_msgs_py:/home/juergen/ros2_galactic/install/rpyutils:/home/juergen/ros2_galactic/install/rosidl_runtime_py:/home/juergen/ros2_galactic/install/rosidl_cli:/home/juergen/ros2_galactic/install/launch_yaml:/home/juergen/ros2_galactic/install/launch_xml:/home/juergen/ros2_galactic/install/launch_testing:/home/juergen/ros2_galactic/install/launch:/home/juergen/ros2_galactic/install/osrf_pycommon:/home/juergen/ros2_galactic/install/domain_coordinator:/home/juergen/ros2_galactic/install/ament_xmllint:/home/juergen/ros2_galactic/install/ament_pyflakes:/home/juergen/ros2_galactic/install/ament_pycodestyle:/home/juergen/ros2_galactic/install/ament_pep257:/home/juergen/ros2_galactic/install/ament_pclint:/home/juergen/ros2_galactic/install/ament_package:/home/juergen/ros2_galactic/install/ament_mypy:/home/juergen/ros2_galactic/install/ament_lint_cmake:/home/juergen/ros2_galactic/install/ament_flake8:/home/juergen/ros2_galactic/install/ament_copyright:/home/juergen/ros2_galactic/install/ament_lint:/home/juergen/ros2_galactic/install/ament_index_python:/home/juergen/ros2_galactic/install/ament_cpplint:/home/juergen/ros2_galactic/install/ament_cppcheck:/home/juergen/ros2_galactic/install/ament_clang_tidy:/home/juergen/ros2_galactic/install/ament_clang_format /usr/local/bin/cmake --build /home/juergen/1_dev/projects/Sketchable-Interaction/SI/src/sirose/msg/ros2_si_interface/build/ros2_si_interface -- -j4 -l4
[0.377s] gmake[1]: Entering directory '/home/juergen/1_dev/projects/Sketchable-Interaction/SI/src/sirose/msg/ros2_si_interface/build/ros2_si_interface'
[0.410s] gmake[2]: Entering directory '/home/juergen/1_dev/projects/Sketchable-Interaction/SI/src/sirose/msg/ros2_si_interface/build/ros2_si_interface'
[0.417s] gmake[3]: Entering directory '/home/juergen/1_dev/projects/Sketchable-Interaction/SI/src/sirose/msg/ros2_si_interface/build/ros2_si_interface'
[0.432s] gmake[3]: Leaving directory '/home/juergen/1_dev/projects/Sketchable-Interaction/SI/src/sirose/msg/ros2_si_interface/build/ros2_si_interface'
[0.459s] [  3%] Built target ros2_si_interface__cpp
[0.468s] gmake[3]: Entering directory '/home/juergen/1_dev/projects/Sketchable-Interaction/SI/src/sirose/msg/ros2_si_interface/build/ros2_si_interface'
[0.489s] gmake[3]: Leaving directory '/home/juergen/1_dev/projects/Sketchable-Interaction/SI/src/sirose/msg/ros2_si_interface/build/ros2_si_interface'
[0.518s] [ 12%] Built target ros2_si_interface__rosidl_generator_c
[0.526s] gmake[3]: Entering directory '/home/juergen/1_dev/projects/Sketchable-Interaction/SI/src/sirose/msg/ros2_si_interface/build/ros2_si_interface'
[0.624s] gmake[3]: Leaving directory '/home/juergen/1_dev/projects/Sketchable-Interaction/SI/src/sirose/msg/ros2_si_interface/build/ros2_si_interface'
[0.666s] [ 22%] Built target ros2_si_interface__rosidl_typesupport_introspection_cpp
[0.715s] gmake[3]: Entering directory '/home/juergen/1_dev/projects/Sketchable-Interaction/SI/src/sirose/msg/ros2_si_interface/build/ros2_si_interface'
[0.801s] gmake[3]: Leaving directory '/home/juergen/1_dev/projects/Sketchable-Interaction/SI/src/sirose/msg/ros2_si_interface/build/ros2_si_interface'
[0.899s] [ 32%] Built target ros2_si_interface__rosidl_typesupport_c
[0.913s] gmake[3]: Entering directory '/home/juergen/1_dev/projects/Sketchable-Interaction/SI/src/sirose/msg/ros2_si_interface/build/ros2_si_interface'
[1.012s] gmake[3]: Leaving directory '/home/juergen/1_dev/projects/Sketchable-Interaction/SI/src/sirose/msg/ros2_si_interface/build/ros2_si_interface'
[1.075s] [ 41%] Built target ros2_si_interface__rosidl_typesupport_introspection_c
[1.101s] gmake[3]: Entering directory '/home/juergen/1_dev/projects/Sketchable-Interaction/SI/src/sirose/msg/ros2_si_interface/build/ros2_si_interface'
[1.157s] gmake[3]: Leaving directory '/home/juergen/1_dev/projects/Sketchable-Interaction/SI/src/sirose/msg/ros2_si_interface/build/ros2_si_interface'
[1.241s] [ 51%] Built target ros2_si_interface__rosidl_typesupport_fastrtps_cpp
[1.278s] gmake[3]: Entering directory '/home/juergen/1_dev/projects/Sketchable-Interaction/SI/src/sirose/msg/ros2_si_interface/build/ros2_si_interface'
[1.349s] gmake[3]: Leaving directory '/home/juergen/1_dev/projects/Sketchable-Interaction/SI/src/sirose/msg/ros2_si_interface/build/ros2_si_interface'
[1.421s] [ 61%] Built target ros2_si_interface__rosidl_typesupport_cpp
[1.459s] gmake[3]: Entering directory '/home/juergen/1_dev/projects/Sketchable-Interaction/SI/src/sirose/msg/ros2_si_interface/build/ros2_si_interface'
[1.546s] gmake[3]: Leaving directory '/home/juergen/1_dev/projects/Sketchable-Interaction/SI/src/sirose/msg/ros2_si_interface/build/ros2_si_interface'
[1.654s] [ 70%] Built target ros2_si_interface__rosidl_typesupport_fastrtps_c
[1.687s] gmake[3]: Entering directory '/home/juergen/1_dev/projects/Sketchable-Interaction/SI/src/sirose/msg/ros2_si_interface/build/ros2_si_interface'
[1.715s] gmake[3]: Leaving directory '/home/juergen/1_dev/projects/Sketchable-Interaction/SI/src/sirose/msg/ros2_si_interface/build/ros2_si_interface'
[1.785s] [ 70%] Built target ros2_si_interface
[1.807s] gmake[3]: Entering directory '/home/juergen/1_dev/projects/Sketchable-Interaction/SI/src/sirose/msg/ros2_si_interface/build/ros2_si_interface'
[1.841s] gmake[3]: Leaving directory '/home/juergen/1_dev/projects/Sketchable-Interaction/SI/src/sirose/msg/ros2_si_interface/build/ros2_si_interface'
[1.863s] [ 74%] Built target ros2_si_interface__py
[1.879s] gmake[3]: Entering directory '/home/juergen/1_dev/projects/Sketchable-Interaction/SI/src/sirose/msg/ros2_si_interface/build/ros2_si_interface'
[1.901s] gmake[3]: Leaving directory '/home/juergen/1_dev/projects/Sketchable-Interaction/SI/src/sirose/msg/ros2_si_interface/build/ros2_si_interface'
[1.932s] [ 80%] Built target ros2_si_interface__python
[1.939s] gmake[3]: Entering directory '/home/juergen/1_dev/projects/Sketchable-Interaction/SI/src/sirose/msg/ros2_si_interface/build/ros2_si_interface'
[1.956s] gmake[3]: Leaving directory '/home/juergen/1_dev/projects/Sketchable-Interaction/SI/src/sirose/msg/ros2_si_interface/build/ros2_si_interface'
[2.009s] [ 87%] Built target ros2_si_interface__rosidl_typesupport_c__pyext
[2.029s] gmake[3]: Entering directory '/home/juergen/1_dev/projects/Sketchable-Interaction/SI/src/sirose/msg/ros2_si_interface/build/ros2_si_interface'
[2.123s] gmake[3]: Leaving directory '/home/juergen/1_dev/projects/Sketchable-Interaction/SI/src/sirose/msg/ros2_si_interface/build/ros2_si_interface'
[2.175s] [ 93%] Built target ros2_si_interface__rosidl_typesupport_introspection_c__pyext
[2.224s] gmake[3]: Entering directory '/home/juergen/1_dev/projects/Sketchable-Interaction/SI/src/sirose/msg/ros2_si_interface/build/ros2_si_interface'
[2.296s] gmake[3]: Leaving directory '/home/juergen/1_dev/projects/Sketchable-Interaction/SI/src/sirose/msg/ros2_si_interface/build/ros2_si_interface'
[2.386s] [100%] Built target ros2_si_interface__rosidl_typesupport_fastrtps_c__pyext
[2.387s] gmake[2]: Leaving directory '/home/juergen/1_dev/projects/Sketchable-Interaction/SI/src/sirose/msg/ros2_si_interface/build/ros2_si_interface'
[2.416s] gmake[1]: Leaving directory '/home/juergen/1_dev/projects/Sketchable-Interaction/SI/src/sirose/msg/ros2_si_interface/build/ros2_si_interface'
[2.421s] Invoked command in '/home/juergen/1_dev/projects/Sketchable-Interaction/SI/src/sirose/msg/ros2_si_interface/build/ros2_si_interface' returned '0': CMAKE_PREFIX_PATH=${CMAKE_PREFIX_PATH}:/home/juergen/ros2_galactic/install/rqt_bag_plugins:/home/juergen/ros2_galactic/install/rqt_bag:/home/juergen/ros2_galactic/install/ros2bag:/home/juergen/ros2_galactic/install/tracetools_launch:/home/juergen/ros2_galactic/install/topic_monitor:/home/juergen/ros2_galactic/install/tf2_tools:/home/juergen/ros2_galactic/install/examples_tf2_py:/home/juergen/ros2_galactic/install/tf2_ros_py:/home/juergen/ros2_galactic/install/sros2:/home/juergen/ros2_galactic/install/rqt_topic:/home/juergen/ros2_galactic/install/rqt_top:/home/juergen/ros2_galactic/install/rqt_srv:/home/juergen/ros2_galactic/install/rqt_shell:/home/juergen/ros2_galactic/install/rqt_service_caller:/home/juergen/ros2_galactic/install/rqt_reconfigure:/home/juergen/ros2_galactic/install/rqt_py_console:/home/juergen/ros2_galactic/install/rqt_publisher:/home/juergen/ros2_galactic/install/rqt_plot:/home/juergen/ros2_galactic/install/rqt_action:/home/juergen/ros2_galactic/install/rqt_msg:/home/juergen/ros2_galactic/install/rqt_console:/home/juergen/ros2_galactic/install/rqt:/home/juergen/ros2_galactic/install/rqt_graph:/home/juergen/ros2_galactic/install/rqt_gui_py:/home/juergen/ros2_galactic/install/rqt_gui:/home/juergen/ros2_galactic/install/ros2trace:/home/juergen/ros2_galactic/install/ros2topic:/home/juergen/ros2_galactic/install/ros2test:/home/juergen/ros2_galactic/install/ros2component:/home/juergen/ros2_galactic/install/ros2param:/home/juergen/ros2_galactic/install/ros2lifecycle:/home/juergen/ros2_galactic/install/ros2service:/home/juergen/ros2_galactic/install/ros2run:/home/juergen/ros2_galactic/install/ros2launch:/home/juergen/ros2_galactic/install/ros2pkg:/home/juergen/ros2_galactic/install/ros2node:/home/juergen/ros2_galactic/install/ros2multicast:/home/juergen/ros2_galactic/install/ros2interface:/home/juergen/ros2_galactic/install/ros2doctor:/home/juergen/ros2_galactic/install/ros2action:/home/juergen/ros2_galactic/install/ros2cli:/home/juergen/ros2_galactic/install/quality_of_service_demo_py:/home/juergen/ros2_galactic/install/launch_testing_ros:/home/juergen/ros2_galactic/install/launch_ros:/home/juergen/ros2_galactic/install/examples_rclpy_pointcloud_publisher:/home/juergen/ros2_galactic/install/examples_rclpy_minimal_subscriber:/home/juergen/ros2_galactic/install/examples_rclpy_minimal_service:/home/juergen/ros2_galactic/install/examples_rclpy_minimal_publisher:/home/juergen/ros2_galactic/install/examples_rclpy_minimal_client:/home/juergen/ros2_galactic/install/examples_rclpy_minimal_action_server:/home/juergen/ros2_galactic/install/examples_rclpy_minimal_action_client:/home/juergen/ros2_galactic/install/examples_rclpy_guard_conditions:/home/juergen/ros2_galactic/install/examples_rclpy_executors:/home/juergen/ros2_galactic/install/demo_nodes_py:/home/juergen/ros2_galactic/install/action_tutorials_py:/home/juergen/ros2_galactic/install/ament_uncrustify:/home/juergen/ros2_galactic/install/tracetools_trace:/home/juergen/ros2_galactic/install/tracetools_read:/home/juergen/ros2_galactic/install/test_launch_ros:/home/juergen/ros2_galactic/install/sensor_msgs_py:/home/juergen/ros2_galactic/install/rpyutils:/home/juergen/ros2_galactic/install/rosidl_runtime_py:/home/juergen/ros2_galactic/install/rosidl_cli:/home/juergen/ros2_galactic/install/launch_yaml:/home/juergen/ros2_galactic/install/launch_xml:/home/juergen/ros2_galactic/install/launch_testing:/home/juergen/ros2_galactic/install/launch:/home/juergen/ros2_galactic/install/osrf_pycommon:/home/juergen/ros2_galactic/install/domain_coordinator:/home/juergen/ros2_galactic/install/ament_xmllint:/home/juergen/ros2_galactic/install/ament_pyflakes:/home/juergen/ros2_galactic/install/ament_pycodestyle:/home/juergen/ros2_galactic/install/ament_pep257:/home/juergen/ros2_galactic/install/ament_pclint:/home/juergen/ros2_galactic/install/ament_package:/home/juergen/ros2_galactic/install/ament_mypy:/home/juergen/ros2_galactic/install/ament_lint_cmake:/home/juergen/ros2_galactic/install/ament_flake8:/home/juergen/ros2_galactic/install/ament_copyright:/home/juergen/ros2_galactic/install/ament_lint:/home/juergen/ros2_galactic/install/ament_index_python:/home/juergen/ros2_galactic/install/ament_cpplint:/home/juergen/ros2_galactic/install/ament_cppcheck:/home/juergen/ros2_galactic/install/ament_clang_tidy:/home/juergen/ros2_galactic/install/ament_clang_format /usr/local/bin/cmake --build /home/juergen/1_dev/projects/Sketchable-Interaction/SI/src/sirose/msg/ros2_si_interface/build/ros2_si_interface -- -j4 -l4
[3.755s] Invoking command in '/home/juergen/1_dev/projects/Sketchable-Interaction/SI/src/sirose/msg/ros2_si_interface/build/ros2_si_interface': CMAKE_PREFIX_PATH=${CMAKE_PREFIX_PATH}:/home/juergen/ros2_galactic/install/rqt_bag_plugins:/home/juergen/ros2_galactic/install/rqt_bag:/home/juergen/ros2_galactic/install/ros2bag:/home/juergen/ros2_galactic/install/tracetools_launch:/home/juergen/ros2_galactic/install/topic_monitor:/home/juergen/ros2_galactic/install/tf2_tools:/home/juergen/ros2_galactic/install/examples_tf2_py:/home/juergen/ros2_galactic/install/tf2_ros_py:/home/juergen/ros2_galactic/install/sros2:/home/juergen/ros2_galactic/install/rqt_topic:/home/juergen/ros2_galactic/install/rqt_top:/home/juergen/ros2_galactic/install/rqt_srv:/home/juergen/ros2_galactic/install/rqt_shell:/home/juergen/ros2_galactic/install/rqt_service_caller:/home/juergen/ros2_galactic/install/rqt_reconfigure:/home/juergen/ros2_galactic/install/rqt_py_console:/home/juergen/ros2_galactic/install/rqt_publisher:/home/juergen/ros2_galactic/install/rqt_plot:/home/juergen/ros2_galactic/install/rqt_action:/home/juergen/ros2_galactic/install/rqt_msg:/home/juergen/ros2_galactic/install/rqt_console:/home/juergen/ros2_galactic/install/rqt:/home/juergen/ros2_galactic/install/rqt_graph:/home/juergen/ros2_galactic/install/rqt_gui_py:/home/juergen/ros2_galactic/install/rqt_gui:/home/juergen/ros2_galactic/install/ros2trace:/home/juergen/ros2_galactic/install/ros2topic:/home/juergen/ros2_galactic/install/ros2test:/home/juergen/ros2_galactic/install/ros2component:/home/juergen/ros2_galactic/install/ros2param:/home/juergen/ros2_galactic/install/ros2lifecycle:/home/juergen/ros2_galactic/install/ros2service:/home/juergen/ros2_galactic/install/ros2run:/home/juergen/ros2_galactic/install/ros2launch:/home/juergen/ros2_galactic/install/ros2pkg:/home/juergen/ros2_galactic/install/ros2node:/home/juergen/ros2_galactic/install/ros2multicast:/home/juergen/ros2_galactic/install/ros2interface:/home/juergen/ros2_galactic/install/ros2doctor:/home/juergen/ros2_galactic/install/ros2action:/home/juergen/ros2_galactic/install/ros2cli:/home/juergen/ros2_galactic/install/quality_of_service_demo_py:/home/juergen/ros2_galactic/install/launch_testing_ros:/home/juergen/ros2_galactic/install/launch_ros:/home/juergen/ros2_galactic/install/examples_rclpy_pointcloud_publisher:/home/juergen/ros2_galactic/install/examples_rclpy_minimal_subscriber:/home/juergen/ros2_galactic/install/examples_rclpy_minimal_service:/home/juergen/ros2_galactic/install/examples_rclpy_minimal_publisher:/home/juergen/ros2_galactic/install/examples_rclpy_minimal_client:/home/juergen/ros2_galactic/install/examples_rclpy_minimal_action_server:/home/juergen/ros2_galactic/install/examples_rclpy_minimal_action_client:/home/juergen/ros2_galactic/install/examples_rclpy_guard_conditions:/home/juergen/ros2_galactic/install/examples_rclpy_executors:/home/juergen/ros2_galactic/install/demo_nodes_py:/home/juergen/ros2_galactic/install/action_tutorials_py:/home/juergen/ros2_galactic/install/ament_uncrustify:/home/juergen/ros2_galactic/install/tracetools_trace:/home/juergen/ros2_galactic/install/tracetools_read:/home/juergen/ros2_galactic/install/test_launch_ros:/home/juergen/ros2_galactic/install/sensor_msgs_py:/home/juergen/ros2_galactic/install/rpyutils:/home/juergen/ros2_galactic/install/rosidl_runtime_py:/home/juergen/ros2_galactic/install/rosidl_cli:/home/juergen/ros2_galactic/install/launch_yaml:/home/juergen/ros2_galactic/install/launch_xml:/home/juergen/ros2_galactic/install/launch_testing:/home/juergen/ros2_galactic/install/launch:/home/juergen/ros2_galactic/install/osrf_pycommon:/home/juergen/ros2_galactic/install/domain_coordinator:/home/juergen/ros2_galactic/install/ament_xmllint:/home/juergen/ros2_galactic/install/ament_pyflakes:/home/juergen/ros2_galactic/install/ament_pycodestyle:/home/juergen/ros2_galactic/install/ament_pep257:/home/juergen/ros2_galactic/install/ament_pclint:/home/juergen/ros2_galactic/install/ament_package:/home/juergen/ros2_galactic/install/ament_mypy:/home/juergen/ros2_galactic/install/ament_lint_cmake:/home/juergen/ros2_galactic/install/ament_flake8:/home/juergen/ros2_galactic/install/ament_copyright:/home/juergen/ros2_galactic/install/ament_lint:/home/juergen/ros2_galactic/install/ament_index_python:/home/juergen/ros2_galactic/install/ament_cpplint:/home/juergen/ros2_galactic/install/ament_cppcheck:/home/juergen/ros2_galactic/install/ament_clang_tidy:/home/juergen/ros2_galactic/install/ament_clang_format /usr/local/bin/cmake --install /home/juergen/1_dev/projects/Sketchable-Interaction/SI/src/sirose/msg/ros2_si_interface/build/ros2_si_interface
[3.848s] -- Install configuration: ""
[3.848s] -- Up-to-date: /home/juergen/1_dev/projects/Sketchable-Interaction/SI/src/sirose/msg/ros2_si_interface/install/ros2_si_interface/share/ament_index/resource_index/rosidl_interfaces/ros2_si_interface
[3.848s] -- Up-to-date: /home/juergen/1_dev/projects/Sketchable-Interaction/SI/src/sirose/msg/ros2_si_interface/install/ros2_si_interface/include/ros2_si_interface
[3.849s] -- Up-to-date: /home/juergen/1_dev/projects/Sketchable-Interaction/SI/src/sirose/msg/ros2_si_interface/install/ros2_si_interface/include/ros2_si_interface/msg
[3.849s] -- Up-to-date: /home/juergen/1_dev/projects/Sketchable-Interaction/SI/src/sirose/msg/ros2_si_interface/install/ros2_si_interface/include/ros2_si_interface/msg/detail
[3.849s] -- Up-to-date: /home/juergen/1_dev/projects/Sketchable-Interaction/SI/src/sirose/msg/ros2_si_interface/install/ros2_si_interface/include/ros2_si_interface/msg/detail/vtksi_object__struct.h
[3.849s] -- Up-to-date: /home/juergen/1_dev/projects/Sketchable-Interaction/SI/src/sirose/msg/ros2_si_interface/install/ros2_si_interface/include/ros2_si_interface/msg/detail/vtksi_object__type_support.h
[3.849s] -- Up-to-date: /home/juergen/1_dev/projects/Sketchable-Interaction/SI/src/sirose/msg/ros2_si_interface/install/ros2_si_interface/include/ros2_si_interface/msg/detail/vtksi_object__functions.h
[3.852s] -- Up-to-date: /home/juergen/1_dev/projects/Sketchable-Interaction/SI/src/sirose/msg/ros2_si_interface/install/ros2_si_interface/include/ros2_si_interface/msg/detail/vtksi_object__functions.c
[3.853s] -- Up-to-date: /home/juergen/1_dev/projects/Sketchable-Interaction/SI/src/sirose/msg/ros2_si_interface/install/ros2_si_interface/include/ros2_si_interface/msg/rosidl_generator_c__visibility_control.h
[3.853s] -- Up-to-date: /home/juergen/1_dev/projects/Sketchable-Interaction/SI/src/sirose/msg/ros2_si_interface/install/ros2_si_interface/include/ros2_si_interface/msg/vtksi_object.h
[3.854s] -- Up-to-date: /home/juergen/1_dev/projects/Sketchable-Interaction/SI/src/sirose/msg/ros2_si_interface/install/ros2_si_interface/share/ros2_si_interface/environment/library_path.sh
[3.854s] -- Up-to-date: /home/juergen/1_dev/projects/Sketchable-Interaction/SI/src/sirose/msg/ros2_si_interface/install/ros2_si_interface/share/ros2_si_interface/environment/library_path.dsv
[3.855s] -- Up-to-date: /home/juergen/1_dev/projects/Sketchable-Interaction/SI/src/sirose/msg/ros2_si_interface/install/ros2_si_interface/lib/libros2_si_interface__rosidl_generator_c.so
[3.856s] -- Up-to-date: /home/juergen/1_dev/projects/Sketchable-Interaction/SI/src/sirose/msg/ros2_si_interface/install/ros2_si_interface/include/ros2_si_interface
[3.857s] -- Up-to-date: /home/juergen/1_dev/projects/Sketchable-Interaction/SI/src/sirose/msg/ros2_si_interface/install/ros2_si_interface/include/ros2_si_interface/msg
[3.857s] -- Up-to-date: /home/juergen/1_dev/projects/Sketchable-Interaction/SI/src/sirose/msg/ros2_si_interface/install/ros2_si_interface/include/ros2_si_interface/msg/detail
[3.857s] -- Up-to-date: /home/juergen/1_dev/projects/Sketchable-Interaction/SI/src/sirose/msg/ros2_si_interface/install/ros2_si_interface/include/ros2_si_interface/msg/detail/vtksi_object__type_support.c
[3.858s] -- Up-to-date: /home/juergen/1_dev/projects/Sketchable-Interaction/SI/src/sirose/msg/ros2_si_interface/install/ros2_si_interface/include/ros2_si_interface/msg/detail/vtksi_object__rosidl_typesupport_introspection_c.h
[3.861s] -- Up-to-date: /home/juergen/1_dev/projects/Sketchable-Interaction/SI/src/sirose/msg/ros2_si_interface/install/ros2_si_interface/include/ros2_si_interface/msg/rosidl_typesupport_introspection_c__visibility_control.h
[3.862s] -- Up-to-date: /home/juergen/1_dev/projects/Sketchable-Interaction/SI/src/sirose/msg/ros2_si_interface/install/ros2_si_interface/lib/libros2_si_interface__rosidl_typesupport_introspection_c.so
[3.864s] -- Up-to-date: /home/juergen/1_dev/projects/Sketchable-Interaction/SI/src/sirose/msg/ros2_si_interface/install/ros2_si_interface/include/ros2_si_interface
[3.865s] -- Up-to-date: /home/juergen/1_dev/projects/Sketchable-Interaction/SI/src/sirose/msg/ros2_si_interface/install/ros2_si_interface/include/ros2_si_interface/msg
[3.869s] -- Up-to-date: /home/juergen/1_dev/projects/Sketchable-Interaction/SI/src/sirose/msg/ros2_si_interface/install/ros2_si_interface/include/ros2_si_interface/msg/detail
[3.870s] -- Up-to-date: /home/juergen/1_dev/projects/Sketchable-Interaction/SI/src/sirose/msg/ros2_si_interface/install/ros2_si_interface/include/ros2_si_interface/msg/detail/vtksi_object__rosidl_typesupport_fastrtps_c.h
[3.870s] -- Up-to-date: /home/juergen/1_dev/projects/Sketchable-Interaction/SI/src/sirose/msg/ros2_si_interface/install/ros2_si_interface/include/ros2_si_interface/msg/rosidl_typesupport_fastrtps_c__visibility_control.h
[3.878s] -- Up-to-date: /home/juergen/1_dev/projects/Sketchable-Interaction/SI/src/sirose/msg/ros2_si_interface/install/ros2_si_interface/lib/libros2_si_interface__rosidl_typesupport_fastrtps_c.so
[3.880s] -- Up-to-date: /home/juergen/1_dev/projects/Sketchable-Interaction/SI/src/sirose/msg/ros2_si_interface/install/ros2_si_interface/include/ros2_si_interface
[3.880s] -- Up-to-date: /home/juergen/1_dev/projects/Sketchable-Interaction/SI/src/sirose/msg/ros2_si_interface/install/ros2_si_interface/include/ros2_si_interface/msg
[3.881s] -- Up-to-date: /home/juergen/1_dev/projects/Sketchable-Interaction/SI/src/sirose/msg/ros2_si_interface/install/ros2_si_interface/include/ros2_si_interface/msg/rosidl_typesupport_fastrtps_cpp__visibility_control.h
[3.881s] -- Up-to-date: /home/juergen/1_dev/projects/Sketchable-Interaction/SI/src/sirose/msg/ros2_si_interface/install/ros2_si_interface/include/ros2_si_interface/msg/detail
[3.882s] -- Up-to-date: /home/juergen/1_dev/projects/Sketchable-Interaction/SI/src/sirose/msg/ros2_si_interface/install/ros2_si_interface/include/ros2_si_interface/msg/detail/vtksi_object__rosidl_typesupport_fastrtps_cpp.hpp
[3.882s] -- Up-to-date: /home/juergen/1_dev/projects/Sketchable-Interaction/SI/src/sirose/msg/ros2_si_interface/install/ros2_si_interface/include/ros2_si_interface/msg/detail/dds_fastrtps
[3.884s] -- Up-to-date: /home/juergen/1_dev/projects/Sketchable-Interaction/SI/src/sirose/msg/ros2_si_interface/install/ros2_si_interface/lib/libros2_si_interface__rosidl_typesupport_fastrtps_cpp.so
[3.887s] -- Up-to-date: /home/juergen/1_dev/projects/Sketchable-Interaction/SI/src/sirose/msg/ros2_si_interface/install/ros2_si_interface/lib/libros2_si_interface__rosidl_typesupport_c.so
[3.888s] -- Up-to-date: /home/juergen/1_dev/projects/Sketchable-Interaction/SI/src/sirose/msg/ros2_si_interface/install/ros2_si_interface/include/ros2_si_interface
[3.889s] -- Up-to-date: /home/juergen/1_dev/projects/Sketchable-Interaction/SI/src/sirose/msg/ros2_si_interface/install/ros2_si_interface/include/ros2_si_interface/msg
[3.889s] -- Up-to-date: /home/juergen/1_dev/projects/Sketchable-Interaction/SI/src/sirose/msg/ros2_si_interface/install/ros2_si_interface/include/ros2_si_interface/msg/detail
[3.889s] -- Up-to-date: /home/juergen/1_dev/projects/Sketchable-Interaction/SI/src/sirose/msg/ros2_si_interface/install/ros2_si_interface/include/ros2_si_interface/msg/detail/vtksi_object__struct.hpp
[3.891s] -- Up-to-date: /home/juergen/1_dev/projects/Sketchable-Interaction/SI/src/sirose/msg/ros2_si_interface/install/ros2_si_interface/include/ros2_si_interface/msg/detail/vtksi_object__traits.hpp
[3.892s] -- Up-to-date: /home/juergen/1_dev/projects/Sketchable-Interaction/SI/src/sirose/msg/ros2_si_interface/install/ros2_si_interface/include/ros2_si_interface/msg/detail/vtksi_object__builder.hpp
[3.892s] -- Up-to-date: /home/juergen/1_dev/projects/Sketchable-Interaction/SI/src/sirose/msg/ros2_si_interface/install/ros2_si_interface/include/ros2_si_interface/msg/vtksi_object.hpp
[3.892s] -- Up-to-date: /home/juergen/1_dev/projects/Sketchable-Interaction/SI/src/sirose/msg/ros2_si_interface/install/ros2_si_interface/include/ros2_si_interface
[3.893s] -- Up-to-date: /home/juergen/1_dev/projects/Sketchable-Interaction/SI/src/sirose/msg/ros2_si_interface/install/ros2_si_interface/include/ros2_si_interface/msg
[3.893s] -- Up-to-date: /home/juergen/1_dev/projects/Sketchable-Interaction/SI/src/sirose/msg/ros2_si_interface/install/ros2_si_interface/include/ros2_si_interface/msg/detail
[3.893s] -- Up-to-date: /home/juergen/1_dev/projects/Sketchable-Interaction/SI/src/sirose/msg/ros2_si_interface/install/ros2_si_interface/include/ros2_si_interface/msg/detail/vtksi_object__type_support.cpp
[3.894s] -- Up-to-date: /home/juergen/1_dev/projects/Sketchable-Interaction/SI/src/sirose/msg/ros2_si_interface/install/ros2_si_interface/include/ros2_si_interface/msg/detail/vtksi_object__rosidl_typesupport_introspection_cpp.hpp
[3.909s] -- Up-to-date: /home/juergen/1_dev/projects/Sketchable-Interaction/SI/src/sirose/msg/ros2_si_interface/install/ros2_si_interface/lib/libros2_si_interface__rosidl_typesupport_introspection_cpp.so
[3.917s] -- Up-to-date: /home/juergen/1_dev/projects/Sketchable-Interaction/SI/src/sirose/msg/ros2_si_interface/install/ros2_si_interface/lib/libros2_si_interface__rosidl_typesupport_cpp.so
[3.918s] -- Up-to-date: /home/juergen/1_dev/projects/Sketchable-Interaction/SI/src/sirose/msg/ros2_si_interface/install/ros2_si_interface/share/ros2_si_interface/environment/pythonpath.sh
[3.919s] -- Up-to-date: /home/juergen/1_dev/projects/Sketchable-Interaction/SI/src/sirose/msg/ros2_si_interface/install/ros2_si_interface/share/ros2_si_interface/environment/pythonpath.dsv
[3.919s] -- Up-to-date: /home/juergen/1_dev/projects/Sketchable-Interaction/SI/src/sirose/msg/ros2_si_interface/install/ros2_si_interface/lib/python3.9/site-packages/ros2_si_interface/__init__.py
[4.433s] -- Up-to-date: /home/juergen/1_dev/projects/Sketchable-Interaction/SI/src/sirose/msg/ros2_si_interface/install/ros2_si_interface/lib/python3.9/site-packages/ros2_si_interface/msg
[4.433s] -- Up-to-date: /home/juergen/1_dev/projects/Sketchable-Interaction/SI/src/sirose/msg/ros2_si_interface/install/ros2_si_interface/lib/python3.9/site-packages/ros2_si_interface/msg/_vtksi_object.py
[4.433s] -- Up-to-date: /home/juergen/1_dev/projects/Sketchable-Interaction/SI/src/sirose/msg/ros2_si_interface/install/ros2_si_interface/lib/python3.9/site-packages/ros2_si_interface/msg/_vtksi_object_s.c
[4.433s] -- Up-to-date: /home/juergen/1_dev/projects/Sketchable-Interaction/SI/src/sirose/msg/ros2_si_interface/install/ros2_si_interface/lib/python3.9/site-packages/ros2_si_interface/msg/__init__.py
[4.434s] -- Up-to-date: /home/juergen/1_dev/projects/Sketchable-Interaction/SI/src/sirose/msg/ros2_si_interface/install/ros2_si_interface/lib/python3.9/site-packages/ros2_si_interface/ros2_si_interface_s__rosidl_typesupport_introspection_c.cpython-39-x86_64-linux-gnu.so
[4.434s] -- Up-to-date: /home/juergen/1_dev/projects/Sketchable-Interaction/SI/src/sirose/msg/ros2_si_interface/install/ros2_si_interface/lib/python3.9/site-packages/ros2_si_interface/ros2_si_interface_s__rosidl_typesupport_fastrtps_c.cpython-39-x86_64-linux-gnu.so
[4.434s] -- Up-to-date: /home/juergen/1_dev/projects/Sketchable-Interaction/SI/src/sirose/msg/ros2_si_interface/install/ros2_si_interface/lib/python3.9/site-packages/ros2_si_interface/ros2_si_interface_s__rosidl_typesupport_c.cpython-39-x86_64-linux-gnu.so
[4.438s] -- Up-to-date: /home/juergen/1_dev/projects/Sketchable-Interaction/SI/src/sirose/msg/ros2_si_interface/install/ros2_si_interface/lib/libros2_si_interface__python.so
[4.439s] -- Up-to-date: /home/juergen/1_dev/projects/Sketchable-Interaction/SI/src/sirose/msg/ros2_si_interface/install/ros2_si_interface/share/ros2_si_interface/msg/VTKSIObject.idl
[4.439s] -- Up-to-date: /home/juergen/1_dev/projects/Sketchable-Interaction/SI/src/sirose/msg/ros2_si_interface/install/ros2_si_interface/share/ros2_si_interface/msg/VTKSIObject.msg
[4.440s] -- Up-to-date: /home/juergen/1_dev/projects/Sketchable-Interaction/SI/src/sirose/msg/ros2_si_interface/install/ros2_si_interface/share/ament_index/resource_index/package_run_dependencies/ros2_si_interface
[4.440s] -- Up-to-date: /home/juergen/1_dev/projects/Sketchable-Interaction/SI/src/sirose/msg/ros2_si_interface/install/ros2_si_interface/share/ament_index/resource_index/parent_prefix_path/ros2_si_interface
[4.443s] -- Up-to-date: /home/juergen/1_dev/projects/Sketchable-Interaction/SI/src/sirose/msg/ros2_si_interface/install/ros2_si_interface/share/ros2_si_interface/environment/ament_prefix_path.dsv
[4.444s] -- Up-to-date: /home/juergen/1_dev/projects/Sketchable-Interaction/SI/src/sirose/msg/ros2_si_interface/install/ros2_si_interface/share/ros2_si_interface/environment/path.dsv
[4.444s] -- Up-to-date: /home/juergen/1_dev/projects/Sketchable-Interaction/SI/src/sirose/msg/ros2_si_interface/install/ros2_si_interface/share/ros2_si_interface/local_setup.bash
[4.445s] -- Up-to-date: /home/juergen/1_dev/projects/Sketchable-Interaction/SI/src/sirose/msg/ros2_si_interface/install/ros2_si_interface/share/ros2_si_interface/local_setup.sh
[4.445s] -- Up-to-date: /home/juergen/1_dev/projects/Sketchable-Interaction/SI/src/sirose/msg/ros2_si_interface/install/ros2_si_interface/share/ros2_si_interface/local_setup.zsh
[4.448s] -- Up-to-date: /home/juergen/1_dev/projects/Sketchable-Interaction/SI/src/sirose/msg/ros2_si_interface/install/ros2_si_interface/share/ros2_si_interface/local_setup.dsv
[4.449s] -- Installing: /home/juergen/1_dev/projects/Sketchable-Interaction/SI/src/sirose/msg/ros2_si_interface/install/ros2_si_interface/share/ros2_si_interface/package.dsv
[4.449s] -- Up-to-date: /home/juergen/1_dev/projects/Sketchable-Interaction/SI/src/sirose/msg/ros2_si_interface/install/ros2_si_interface/share/ament_index/resource_index/packages/ros2_si_interface
[4.450s] -- Up-to-date: /home/juergen/1_dev/projects/Sketchable-Interaction/SI/src/sirose/msg/ros2_si_interface/install/ros2_si_interface/share/ros2_si_interface/cmake/ros2_si_interface__rosidl_generator_cExport.cmake
[4.452s] -- Up-to-date: /home/juergen/1_dev/projects/Sketchable-Interaction/SI/src/sirose/msg/ros2_si_interface/install/ros2_si_interface/share/ros2_si_interface/cmake/ros2_si_interface__rosidl_generator_cExport-noconfig.cmake
[4.455s] -- Up-to-date: /home/juergen/1_dev/projects/Sketchable-Interaction/SI/src/sirose/msg/ros2_si_interface/install/ros2_si_interface/share/ros2_si_interface/cmake/ros2_si_interface__rosidl_typesupport_introspection_cExport.cmake
[4.455s] -- Up-to-date: /home/juergen/1_dev/projects/Sketchable-Interaction/SI/src/sirose/msg/ros2_si_interface/install/ros2_si_interface/share/ros2_si_interface/cmake/ros2_si_interface__rosidl_typesupport_introspection_cExport-noconfig.cmake
[4.456s] -- Up-to-date: /home/juergen/1_dev/projects/Sketchable-Interaction/SI/src/sirose/msg/ros2_si_interface/install/ros2_si_interface/share/ros2_si_interface/cmake/ros2_si_interface__rosidl_typesupport_cExport.cmake
[4.463s] -- Up-to-date: /home/juergen/1_dev/projects/Sketchable-Interaction/SI/src/sirose/msg/ros2_si_interface/install/ros2_si_interface/share/ros2_si_interface/cmake/ros2_si_interface__rosidl_typesupport_cExport-noconfig.cmake
[4.464s] -- Up-to-date: /home/juergen/1_dev/projects/Sketchable-Interaction/SI/src/sirose/msg/ros2_si_interface/install/ros2_si_interface/share/ros2_si_interface/cmake/ros2_si_interface__rosidl_generator_cppExport.cmake
[4.465s] -- Up-to-date: /home/juergen/1_dev/projects/Sketchable-Interaction/SI/src/sirose/msg/ros2_si_interface/install/ros2_si_interface/share/ros2_si_interface/cmake/ros2_si_interface__rosidl_typesupport_introspection_cppExport.cmake
[4.466s] -- Up-to-date: /home/juergen/1_dev/projects/Sketchable-Interaction/SI/src/sirose/msg/ros2_si_interface/install/ros2_si_interface/share/ros2_si_interface/cmake/ros2_si_interface__rosidl_typesupport_introspection_cppExport-noconfig.cmake
[4.468s] -- Up-to-date: /home/juergen/1_dev/projects/Sketchable-Interaction/SI/src/sirose/msg/ros2_si_interface/install/ros2_si_interface/share/ros2_si_interface/cmake/ros2_si_interface__rosidl_typesupport_cppExport.cmake
[4.468s] -- Up-to-date: /home/juergen/1_dev/projects/Sketchable-Interaction/SI/src/sirose/msg/ros2_si_interface/install/ros2_si_interface/share/ros2_si_interface/cmake/ros2_si_interface__rosidl_typesupport_cppExport-noconfig.cmake
[4.469s] -- Up-to-date: /home/juergen/1_dev/projects/Sketchable-Interaction/SI/src/sirose/msg/ros2_si_interface/install/ros2_si_interface/share/ros2_si_interface/cmake/rosidl_cmake-extras.cmake
[4.469s] -- Up-to-date: /home/juergen/1_dev/projects/Sketchable-Interaction/SI/src/sirose/msg/ros2_si_interface/install/ros2_si_interface/share/ros2_si_interface/cmake/ament_cmake_export_dependencies-extras.cmake
[4.470s] -- Up-to-date: /home/juergen/1_dev/projects/Sketchable-Interaction/SI/src/sirose/msg/ros2_si_interface/install/ros2_si_interface/share/ros2_si_interface/cmake/ament_cmake_export_libraries-extras.cmake
[4.470s] -- Up-to-date: /home/juergen/1_dev/projects/Sketchable-Interaction/SI/src/sirose/msg/ros2_si_interface/install/ros2_si_interface/share/ros2_si_interface/cmake/ament_cmake_export_targets-extras.cmake
[4.472s] -- Up-to-date: /home/juergen/1_dev/projects/Sketchable-Interaction/SI/src/sirose/msg/ros2_si_interface/install/ros2_si_interface/share/ros2_si_interface/cmake/ament_cmake_export_include_directories-extras.cmake
[4.473s] -- Up-to-date: /home/juergen/1_dev/projects/Sketchable-Interaction/SI/src/sirose/msg/ros2_si_interface/install/ros2_si_interface/share/ros2_si_interface/cmake/rosidl_cmake_export_typesupport_targets-extras.cmake
[4.475s] -- Up-to-date: /home/juergen/1_dev/projects/Sketchable-Interaction/SI/src/sirose/msg/ros2_si_interface/install/ros2_si_interface/share/ros2_si_interface/cmake/rosidl_cmake_export_typesupport_libraries-extras.cmake
[4.480s] -- Up-to-date: /home/juergen/1_dev/projects/Sketchable-Interaction/SI/src/sirose/msg/ros2_si_interface/install/ros2_si_interface/share/ros2_si_interface/cmake/ros2_si_interfaceConfig.cmake
[4.482s] -- Up-to-date: /home/juergen/1_dev/projects/Sketchable-Interaction/SI/src/sirose/msg/ros2_si_interface/install/ros2_si_interface/share/ros2_si_interface/cmake/ros2_si_interfaceConfig-version.cmake
[4.482s] -- Up-to-date: /home/juergen/1_dev/projects/Sketchable-Interaction/SI/src/sirose/msg/ros2_si_interface/install/ros2_si_interface/share/ros2_si_interface/package.xml
[4.491s] Invoked command in '/home/juergen/1_dev/projects/Sketchable-Interaction/SI/src/sirose/msg/ros2_si_interface/build/ros2_si_interface' returned '0': CMAKE_PREFIX_PATH=${CMAKE_PREFIX_PATH}:/home/juergen/ros2_galactic/install/rqt_bag_plugins:/home/juergen/ros2_galactic/install/rqt_bag:/home/juergen/ros2_galactic/install/ros2bag:/home/juergen/ros2_galactic/install/tracetools_launch:/home/juergen/ros2_galactic/install/topic_monitor:/home/juergen/ros2_galactic/install/tf2_tools:/home/juergen/ros2_galactic/install/examples_tf2_py:/home/juergen/ros2_galactic/install/tf2_ros_py:/home/juergen/ros2_galactic/install/sros2:/home/juergen/ros2_galactic/install/rqt_topic:/home/juergen/ros2_galactic/install/rqt_top:/home/juergen/ros2_galactic/install/rqt_srv:/home/juergen/ros2_galactic/install/rqt_shell:/home/juergen/ros2_galactic/install/rqt_service_caller:/home/juergen/ros2_galactic/install/rqt_reconfigure:/home/juergen/ros2_galactic/install/rqt_py_console:/home/juergen/ros2_galactic/install/rqt_publisher:/home/juergen/ros2_galactic/install/rqt_plot:/home/juergen/ros2_galactic/install/rqt_action:/home/juergen/ros2_galactic/install/rqt_msg:/home/juergen/ros2_galactic/install/rqt_console:/home/juergen/ros2_galactic/install/rqt:/home/juergen/ros2_galactic/install/rqt_graph:/home/juergen/ros2_galactic/install/rqt_gui_py:/home/juergen/ros2_galactic/install/rqt_gui:/home/juergen/ros2_galactic/install/ros2trace:/home/juergen/ros2_galactic/install/ros2topic:/home/juergen/ros2_galactic/install/ros2test:/home/juergen/ros2_galactic/install/ros2component:/home/juergen/ros2_galactic/install/ros2param:/home/juergen/ros2_galactic/install/ros2lifecycle:/home/juergen/ros2_galactic/install/ros2service:/home/juergen/ros2_galactic/install/ros2run:/home/juergen/ros2_galactic/install/ros2launch:/home/juergen/ros2_galactic/install/ros2pkg:/home/juergen/ros2_galactic/install/ros2node:/home/juergen/ros2_galactic/install/ros2multicast:/home/juergen/ros2_galactic/install/ros2interface:/home/juergen/ros2_galactic/install/ros2doctor:/home/juergen/ros2_galactic/install/ros2action:/home/juergen/ros2_galactic/install/ros2cli:/home/juergen/ros2_galactic/install/quality_of_service_demo_py:/home/juergen/ros2_galactic/install/launch_testing_ros:/home/juergen/ros2_galactic/install/launch_ros:/home/juergen/ros2_galactic/install/examples_rclpy_pointcloud_publisher:/home/juergen/ros2_galactic/install/examples_rclpy_minimal_subscriber:/home/juergen/ros2_galactic/install/examples_rclpy_minimal_service:/home/juergen/ros2_galactic/install/examples_rclpy_minimal_publisher:/home/juergen/ros2_galactic/install/examples_rclpy_minimal_client:/home/juergen/ros2_galactic/install/examples_rclpy_minimal_action_server:/home/juergen/ros2_galactic/install/examples_rclpy_minimal_action_client:/home/juergen/ros2_galactic/install/examples_rclpy_guard_conditions:/home/juergen/ros2_galactic/install/examples_rclpy_executors:/home/juergen/ros2_galactic/install/demo_nodes_py:/home/juergen/ros2_galactic/install/action_tutorials_py:/home/juergen/ros2_galactic/install/ament_uncrustify:/home/juergen/ros2_galactic/install/tracetools_trace:/home/juergen/ros2_galactic/install/tracetools_read:/home/juergen/ros2_galactic/install/test_launch_ros:/home/juergen/ros2_galactic/install/sensor_msgs_py:/home/juergen/ros2_galactic/install/rpyutils:/home/juergen/ros2_galactic/install/rosidl_runtime_py:/home/juergen/ros2_galactic/install/rosidl_cli:/home/juergen/ros2_galactic/install/launch_yaml:/home/juergen/ros2_galactic/install/launch_xml:/home/juergen/ros2_galactic/install/launch_testing:/home/juergen/ros2_galactic/install/launch:/home/juergen/ros2_galactic/install/osrf_pycommon:/home/juergen/ros2_galactic/install/domain_coordinator:/home/juergen/ros2_galactic/install/ament_xmllint:/home/juergen/ros2_galactic/install/ament_pyflakes:/home/juergen/ros2_galactic/install/ament_pycodestyle:/home/juergen/ros2_galactic/install/ament_pep257:/home/juergen/ros2_galactic/install/ament_pclint:/home/juergen/ros2_galactic/install/ament_package:/home/juergen/ros2_galactic/install/ament_mypy:/home/juergen/ros2_galactic/install/ament_lint_cmake:/home/juergen/ros2_galactic/install/ament_flake8:/home/juergen/ros2_galactic/install/ament_copyright:/home/juergen/ros2_galactic/install/ament_lint:/home/juergen/ros2_galactic/install/ament_index_python:/home/juergen/ros2_galactic/install/ament_cpplint:/home/juergen/ros2_galactic/install/ament_cppcheck:/home/juergen/ros2_galactic/install/ament_clang_tidy:/home/juergen/ros2_galactic/install/ament_clang_format /usr/local/bin/cmake --install /home/juergen/1_dev/projects/Sketchable-Interaction/SI/src/sirose/msg/ros2_si_interface/build/ros2_si_interface
