[0.084s] Invoking command in '/home/juergen/1_dev/projects/Sketchable-Interaction/SI/src/sirose/msg/ros2_si_interface/build/ros2_si_interface': CMAKE_PREFIX_PATH=${CMAKE_PREFIX_PATH}:/home/juergen/ros2_galactic/install/rqt_bag_plugins:/home/juergen/ros2_galactic/install/rqt_bag:/home/juergen/ros2_galactic/install/ros2bag:/home/juergen/ros2_galactic/install/tracetools_launch:/home/juergen/ros2_galactic/install/topic_monitor:/home/juergen/ros2_galactic/install/tf2_tools:/home/juergen/ros2_galactic/install/examples_tf2_py:/home/juergen/ros2_galactic/install/tf2_ros_py:/home/juergen/ros2_galactic/install/sros2:/home/juergen/ros2_galactic/install/rqt_topic:/home/juergen/ros2_galactic/install/rqt_top:/home/juergen/ros2_galactic/install/rqt_srv:/home/juergen/ros2_galactic/install/rqt_shell:/home/juergen/ros2_galactic/install/rqt_service_caller:/home/juergen/ros2_galactic/install/rqt_reconfigure:/home/juergen/ros2_galactic/install/rqt_py_console:/home/juergen/ros2_galactic/install/rqt_publisher:/home/juergen/ros2_galactic/install/rqt_plot:/home/juergen/ros2_galactic/install/rqt_action:/home/juergen/ros2_galactic/install/rqt_msg:/home/juergen/ros2_galactic/install/rqt_console:/home/juergen/ros2_galactic/install/rqt:/home/juergen/ros2_galactic/install/rqt_graph:/home/juergen/ros2_galactic/install/rqt_gui_py:/home/juergen/ros2_galactic/install/rqt_gui:/home/juergen/ros2_galactic/install/ros2trace:/home/juergen/ros2_galactic/install/ros2topic:/home/juergen/ros2_galactic/install/ros2test:/home/juergen/ros2_galactic/install/ros2component:/home/juergen/ros2_galactic/install/ros2param:/home/juergen/ros2_galactic/install/ros2lifecycle:/home/juergen/ros2_galactic/install/ros2service:/home/juergen/ros2_galactic/install/ros2run:/home/juergen/ros2_galactic/install/ros2launch:/home/juergen/ros2_galactic/install/ros2pkg:/home/juergen/ros2_galactic/install/ros2node:/home/juergen/ros2_galactic/install/ros2multicast:/home/juergen/ros2_galactic/install/ros2interface:/home/juergen/ros2_galactic/install/ros2doctor:/home/juergen/ros2_galactic/install/ros2action:/home/juergen/ros2_galactic/install/ros2cli:/home/juergen/ros2_galactic/install/quality_of_service_demo_py:/home/juergen/ros2_galactic/install/launch_testing_ros:/home/juergen/ros2_galactic/install/launch_ros:/home/juergen/ros2_galactic/install/examples_rclpy_pointcloud_publisher:/home/juergen/ros2_galactic/install/examples_rclpy_minimal_subscriber:/home/juergen/ros2_galactic/install/examples_rclpy_minimal_service:/home/juergen/ros2_galactic/install/examples_rclpy_minimal_publisher:/home/juergen/ros2_galactic/install/examples_rclpy_minimal_client:/home/juergen/ros2_galactic/install/examples_rclpy_minimal_action_server:/home/juergen/ros2_galactic/install/examples_rclpy_minimal_action_client:/home/juergen/ros2_galactic/install/examples_rclpy_guard_conditions:/home/juergen/ros2_galactic/install/examples_rclpy_executors:/home/juergen/ros2_galactic/install/demo_nodes_py:/home/juergen/ros2_galactic/install/action_tutorials_py:/home/juergen/ros2_galactic/install/ament_uncrustify:/home/juergen/ros2_galactic/install/tracetools_trace:/home/juergen/ros2_galactic/install/tracetools_read:/home/juergen/ros2_galactic/install/test_launch_ros:/home/juergen/ros2_galactic/install/sensor_msgs_py:/home/juergen/ros2_galactic/install/rpyutils:/home/juergen/ros2_galactic/install/rosidl_runtime_py:/home/juergen/ros2_galactic/install/rosidl_cli:/home/juergen/ros2_galactic/install/launch_yaml:/home/juergen/ros2_galactic/install/launch_xml:/home/juergen/ros2_galactic/install/launch_testing:/home/juergen/ros2_galactic/install/launch:/home/juergen/ros2_galactic/install/osrf_pycommon:/home/juergen/ros2_galactic/install/domain_coordinator:/home/juergen/ros2_galactic/install/ament_xmllint:/home/juergen/ros2_galactic/install/ament_pyflakes:/home/juergen/ros2_galactic/install/ament_pycodestyle:/home/juergen/ros2_galactic/install/ament_pep257:/home/juergen/ros2_galactic/install/ament_pclint:/home/juergen/ros2_galactic/install/ament_package:/home/juergen/ros2_galactic/install/ament_mypy:/home/juergen/ros2_galactic/install/ament_lint_cmake:/home/juergen/ros2_galactic/install/ament_flake8:/home/juergen/ros2_galactic/install/ament_copyright:/home/juergen/ros2_galactic/install/ament_lint:/home/juergen/ros2_galactic/install/ament_index_python:/home/juergen/ros2_galactic/install/ament_cpplint:/home/juergen/ros2_galactic/install/ament_cppcheck:/home/juergen/ros2_galactic/install/ament_clang_tidy:/home/juergen/ros2_galactic/install/ament_clang_format /usr/local/bin/cmake --build /home/juergen/1_dev/projects/Sketchable-Interaction/SI/src/sirose/msg/ros2_si_interface/build/ros2_si_interface -- -j4 -l4
[0.121s] gmake[1]: Entering directory '/home/juergen/1_dev/projects/Sketchable-Interaction/SI/src/sirose/msg/ros2_si_interface/build/ros2_si_interface'
[0.152s] gmake[2]: Entering directory '/home/juergen/1_dev/projects/Sketchable-Interaction/SI/src/sirose/msg/ros2_si_interface/build/ros2_si_interface'
[0.157s] gmake[3]: Entering directory '/home/juergen/1_dev/projects/Sketchable-Interaction/SI/src/sirose/msg/ros2_si_interface/build/ros2_si_interface'
[0.175s] gmake[3]: Leaving directory '/home/juergen/1_dev/projects/Sketchable-Interaction/SI/src/sirose/msg/ros2_si_interface/build/ros2_si_interface'
[0.196s] [  3%] Built target ros2_si_interface__cpp
[0.203s] gmake[3]: Entering directory '/home/juergen/1_dev/projects/Sketchable-Interaction/SI/src/sirose/msg/ros2_si_interface/build/ros2_si_interface'
[0.219s] gmake[3]: Leaving directory '/home/juergen/1_dev/projects/Sketchable-Interaction/SI/src/sirose/msg/ros2_si_interface/build/ros2_si_interface'
[0.247s] [ 12%] Built target ros2_si_interface__rosidl_generator_c
[0.253s] gmake[3]: Entering directory '/home/juergen/1_dev/projects/Sketchable-Interaction/SI/src/sirose/msg/ros2_si_interface/build/ros2_si_interface'
[0.270s] gmake[3]: Leaving directory '/home/juergen/1_dev/projects/Sketchable-Interaction/SI/src/sirose/msg/ros2_si_interface/build/ros2_si_interface'
[0.294s] [ 22%] Built target ros2_si_interface__rosidl_typesupport_introspection_cpp
[0.298s] gmake[3]: Entering directory '/home/juergen/1_dev/projects/Sketchable-Interaction/SI/src/sirose/msg/ros2_si_interface/build/ros2_si_interface'
[0.310s] gmake[3]: Leaving directory '/home/juergen/1_dev/projects/Sketchable-Interaction/SI/src/sirose/msg/ros2_si_interface/build/ros2_si_interface'
[0.327s] [ 32%] Built target ros2_si_interface__rosidl_typesupport_c
[0.333s] gmake[3]: Entering directory '/home/juergen/1_dev/projects/Sketchable-Interaction/SI/src/sirose/msg/ros2_si_interface/build/ros2_si_interface'
[0.346s] gmake[3]: Leaving directory '/home/juergen/1_dev/projects/Sketchable-Interaction/SI/src/sirose/msg/ros2_si_interface/build/ros2_si_interface'
[0.365s] [ 41%] Built target ros2_si_interface__rosidl_typesupport_introspection_c
[0.369s] gmake[3]: Entering directory '/home/juergen/1_dev/projects/Sketchable-Interaction/SI/src/sirose/msg/ros2_si_interface/build/ros2_si_interface'
[0.382s] gmake[3]: Leaving directory '/home/juergen/1_dev/projects/Sketchable-Interaction/SI/src/sirose/msg/ros2_si_interface/build/ros2_si_interface'
[0.402s] [ 51%] Built target ros2_si_interface__rosidl_typesupport_fastrtps_cpp
[0.410s] gmake[3]: Entering directory '/home/juergen/1_dev/projects/Sketchable-Interaction/SI/src/sirose/msg/ros2_si_interface/build/ros2_si_interface'
[0.421s] gmake[3]: Leaving directory '/home/juergen/1_dev/projects/Sketchable-Interaction/SI/src/sirose/msg/ros2_si_interface/build/ros2_si_interface'
[0.437s] [ 61%] Built target ros2_si_interface__rosidl_typesupport_cpp
[0.443s] gmake[3]: Entering directory '/home/juergen/1_dev/projects/Sketchable-Interaction/SI/src/sirose/msg/ros2_si_interface/build/ros2_si_interface'
[0.454s] gmake[3]: Leaving directory '/home/juergen/1_dev/projects/Sketchable-Interaction/SI/src/sirose/msg/ros2_si_interface/build/ros2_si_interface'
[0.480s] [ 70%] Built target ros2_si_interface__rosidl_typesupport_fastrtps_c
[0.486s] gmake[3]: Entering directory '/home/juergen/1_dev/projects/Sketchable-Interaction/SI/src/sirose/msg/ros2_si_interface/build/ros2_si_interface'
[0.503s] gmake[3]: Leaving directory '/home/juergen/1_dev/projects/Sketchable-Interaction/SI/src/sirose/msg/ros2_si_interface/build/ros2_si_interface'
[0.519s] [ 70%] Built target ros2_si_interface
[0.525s] gmake[3]: Entering directory '/home/juergen/1_dev/projects/Sketchable-Interaction/SI/src/sirose/msg/ros2_si_interface/build/ros2_si_interface'
[0.540s] gmake[3]: Leaving directory '/home/juergen/1_dev/projects/Sketchable-Interaction/SI/src/sirose/msg/ros2_si_interface/build/ros2_si_interface'
[0.558s] [ 74%] Built target ros2_si_interface__py
[0.563s] gmake[3]: Entering directory '/home/juergen/1_dev/projects/Sketchable-Interaction/SI/src/sirose/msg/ros2_si_interface/build/ros2_si_interface'
[0.574s] gmake[3]: Leaving directory '/home/juergen/1_dev/projects/Sketchable-Interaction/SI/src/sirose/msg/ros2_si_interface/build/ros2_si_interface'
[0.594s] [ 80%] Built target ros2_si_interface__python
[0.600s] gmake[3]: Entering directory '/home/juergen/1_dev/projects/Sketchable-Interaction/SI/src/sirose/msg/ros2_si_interface/build/ros2_si_interface'
[0.615s] gmake[3]: Leaving directory '/home/juergen/1_dev/projects/Sketchable-Interaction/SI/src/sirose/msg/ros2_si_interface/build/ros2_si_interface'
[0.637s] [ 87%] Built target ros2_si_interface__rosidl_typesupport_c__pyext
[0.647s] gmake[3]: Entering directory '/home/juergen/1_dev/projects/Sketchable-Interaction/SI/src/sirose/msg/ros2_si_interface/build/ros2_si_interface'
[0.662s] gmake[3]: Leaving directory '/home/juergen/1_dev/projects/Sketchable-Interaction/SI/src/sirose/msg/ros2_si_interface/build/ros2_si_interface'
[0.686s] [ 93%] Built target ros2_si_interface__rosidl_typesupport_introspection_c__pyext
[0.692s] gmake[3]: Entering directory '/home/juergen/1_dev/projects/Sketchable-Interaction/SI/src/sirose/msg/ros2_si_interface/build/ros2_si_interface'
[0.709s] gmake[3]: Leaving directory '/home/juergen/1_dev/projects/Sketchable-Interaction/SI/src/sirose/msg/ros2_si_interface/build/ros2_si_interface'
[0.733s] [100%] Built target ros2_si_interface__rosidl_typesupport_fastrtps_c__pyext
[0.734s] gmake[2]: Leaving directory '/home/juergen/1_dev/projects/Sketchable-Interaction/SI/src/sirose/msg/ros2_si_interface/build/ros2_si_interface'
[0.743s] gmake[1]: Leaving directory '/home/juergen/1_dev/projects/Sketchable-Interaction/SI/src/sirose/msg/ros2_si_interface/build/ros2_si_interface'
[0.745s] Invoked command in '/home/juergen/1_dev/projects/Sketchable-Interaction/SI/src/sirose/msg/ros2_si_interface/build/ros2_si_interface' returned '0': CMAKE_PREFIX_PATH=${CMAKE_PREFIX_PATH}:/home/juergen/ros2_galactic/install/rqt_bag_plugins:/home/juergen/ros2_galactic/install/rqt_bag:/home/juergen/ros2_galactic/install/ros2bag:/home/juergen/ros2_galactic/install/tracetools_launch:/home/juergen/ros2_galactic/install/topic_monitor:/home/juergen/ros2_galactic/install/tf2_tools:/home/juergen/ros2_galactic/install/examples_tf2_py:/home/juergen/ros2_galactic/install/tf2_ros_py:/home/juergen/ros2_galactic/install/sros2:/home/juergen/ros2_galactic/install/rqt_topic:/home/juergen/ros2_galactic/install/rqt_top:/home/juergen/ros2_galactic/install/rqt_srv:/home/juergen/ros2_galactic/install/rqt_shell:/home/juergen/ros2_galactic/install/rqt_service_caller:/home/juergen/ros2_galactic/install/rqt_reconfigure:/home/juergen/ros2_galactic/install/rqt_py_console:/home/juergen/ros2_galactic/install/rqt_publisher:/home/juergen/ros2_galactic/install/rqt_plot:/home/juergen/ros2_galactic/install/rqt_action:/home/juergen/ros2_galactic/install/rqt_msg:/home/juergen/ros2_galactic/install/rqt_console:/home/juergen/ros2_galactic/install/rqt:/home/juergen/ros2_galactic/install/rqt_graph:/home/juergen/ros2_galactic/install/rqt_gui_py:/home/juergen/ros2_galactic/install/rqt_gui:/home/juergen/ros2_galactic/install/ros2trace:/home/juergen/ros2_galactic/install/ros2topic:/home/juergen/ros2_galactic/install/ros2test:/home/juergen/ros2_galactic/install/ros2component:/home/juergen/ros2_galactic/install/ros2param:/home/juergen/ros2_galactic/install/ros2lifecycle:/home/juergen/ros2_galactic/install/ros2service:/home/juergen/ros2_galactic/install/ros2run:/home/juergen/ros2_galactic/install/ros2launch:/home/juergen/ros2_galactic/install/ros2pkg:/home/juergen/ros2_galactic/install/ros2node:/home/juergen/ros2_galactic/install/ros2multicast:/home/juergen/ros2_galactic/install/ros2interface:/home/juergen/ros2_galactic/install/ros2doctor:/home/juergen/ros2_galactic/install/ros2action:/home/juergen/ros2_galactic/install/ros2cli:/home/juergen/ros2_galactic/install/quality_of_service_demo_py:/home/juergen/ros2_galactic/install/launch_testing_ros:/home/juergen/ros2_galactic/install/launch_ros:/home/juergen/ros2_galactic/install/examples_rclpy_pointcloud_publisher:/home/juergen/ros2_galactic/install/examples_rclpy_minimal_subscriber:/home/juergen/ros2_galactic/install/examples_rclpy_minimal_service:/home/juergen/ros2_galactic/install/examples_rclpy_minimal_publisher:/home/juergen/ros2_galactic/install/examples_rclpy_minimal_client:/home/juergen/ros2_galactic/install/examples_rclpy_minimal_action_server:/home/juergen/ros2_galactic/install/examples_rclpy_minimal_action_client:/home/juergen/ros2_galactic/install/examples_rclpy_guard_conditions:/home/juergen/ros2_galactic/install/examples_rclpy_executors:/home/juergen/ros2_galactic/install/demo_nodes_py:/home/juergen/ros2_galactic/install/action_tutorials_py:/home/juergen/ros2_galactic/install/ament_uncrustify:/home/juergen/ros2_galactic/install/tracetools_trace:/home/juergen/ros2_galactic/install/tracetools_read:/home/juergen/ros2_galactic/install/test_launch_ros:/home/juergen/ros2_galactic/install/sensor_msgs_py:/home/juergen/ros2_galactic/install/rpyutils:/home/juergen/ros2_galactic/install/rosidl_runtime_py:/home/juergen/ros2_galactic/install/rosidl_cli:/home/juergen/ros2_galactic/install/launch_yaml:/home/juergen/ros2_galactic/install/launch_xml:/home/juergen/ros2_galactic/install/launch_testing:/home/juergen/ros2_galactic/install/launch:/home/juergen/ros2_galactic/install/osrf_pycommon:/home/juergen/ros2_galactic/install/domain_coordinator:/home/juergen/ros2_galactic/install/ament_xmllint:/home/juergen/ros2_galactic/install/ament_pyflakes:/home/juergen/ros2_galactic/install/ament_pycodestyle:/home/juergen/ros2_galactic/install/ament_pep257:/home/juergen/ros2_galactic/install/ament_pclint:/home/juergen/ros2_galactic/install/ament_package:/home/juergen/ros2_galactic/install/ament_mypy:/home/juergen/ros2_galactic/install/ament_lint_cmake:/home/juergen/ros2_galactic/install/ament_flake8:/home/juergen/ros2_galactic/install/ament_copyright:/home/juergen/ros2_galactic/install/ament_lint:/home/juergen/ros2_galactic/install/ament_index_python:/home/juergen/ros2_galactic/install/ament_cpplint:/home/juergen/ros2_galactic/install/ament_cppcheck:/home/juergen/ros2_galactic/install/ament_clang_tidy:/home/juergen/ros2_galactic/install/ament_clang_format /usr/local/bin/cmake --build /home/juergen/1_dev/projects/Sketchable-Interaction/SI/src/sirose/msg/ros2_si_interface/build/ros2_si_interface -- -j4 -l4
[0.998s] Invoking command in '/home/juergen/1_dev/projects/Sketchable-Interaction/SI/src/sirose/msg/ros2_si_interface/build/ros2_si_interface': CMAKE_PREFIX_PATH=${CMAKE_PREFIX_PATH}:/home/juergen/ros2_galactic/install/rqt_bag_plugins:/home/juergen/ros2_galactic/install/rqt_bag:/home/juergen/ros2_galactic/install/ros2bag:/home/juergen/ros2_galactic/install/tracetools_launch:/home/juergen/ros2_galactic/install/topic_monitor:/home/juergen/ros2_galactic/install/tf2_tools:/home/juergen/ros2_galactic/install/examples_tf2_py:/home/juergen/ros2_galactic/install/tf2_ros_py:/home/juergen/ros2_galactic/install/sros2:/home/juergen/ros2_galactic/install/rqt_topic:/home/juergen/ros2_galactic/install/rqt_top:/home/juergen/ros2_galactic/install/rqt_srv:/home/juergen/ros2_galactic/install/rqt_shell:/home/juergen/ros2_galactic/install/rqt_service_caller:/home/juergen/ros2_galactic/install/rqt_reconfigure:/home/juergen/ros2_galactic/install/rqt_py_console:/home/juergen/ros2_galactic/install/rqt_publisher:/home/juergen/ros2_galactic/install/rqt_plot:/home/juergen/ros2_galactic/install/rqt_action:/home/juergen/ros2_galactic/install/rqt_msg:/home/juergen/ros2_galactic/install/rqt_console:/home/juergen/ros2_galactic/install/rqt:/home/juergen/ros2_galactic/install/rqt_graph:/home/juergen/ros2_galactic/install/rqt_gui_py:/home/juergen/ros2_galactic/install/rqt_gui:/home/juergen/ros2_galactic/install/ros2trace:/home/juergen/ros2_galactic/install/ros2topic:/home/juergen/ros2_galactic/install/ros2test:/home/juergen/ros2_galactic/install/ros2component:/home/juergen/ros2_galactic/install/ros2param:/home/juergen/ros2_galactic/install/ros2lifecycle:/home/juergen/ros2_galactic/install/ros2service:/home/juergen/ros2_galactic/install/ros2run:/home/juergen/ros2_galactic/install/ros2launch:/home/juergen/ros2_galactic/install/ros2pkg:/home/juergen/ros2_galactic/install/ros2node:/home/juergen/ros2_galactic/install/ros2multicast:/home/juergen/ros2_galactic/install/ros2interface:/home/juergen/ros2_galactic/install/ros2doctor:/home/juergen/ros2_galactic/install/ros2action:/home/juergen/ros2_galactic/install/ros2cli:/home/juergen/ros2_galactic/install/quality_of_service_demo_py:/home/juergen/ros2_galactic/install/launch_testing_ros:/home/juergen/ros2_galactic/install/launch_ros:/home/juergen/ros2_galactic/install/examples_rclpy_pointcloud_publisher:/home/juergen/ros2_galactic/install/examples_rclpy_minimal_subscriber:/home/juergen/ros2_galactic/install/examples_rclpy_minimal_service:/home/juergen/ros2_galactic/install/examples_rclpy_minimal_publisher:/home/juergen/ros2_galactic/install/examples_rclpy_minimal_client:/home/juergen/ros2_galactic/install/examples_rclpy_minimal_action_server:/home/juergen/ros2_galactic/install/examples_rclpy_minimal_action_client:/home/juergen/ros2_galactic/install/examples_rclpy_guard_conditions:/home/juergen/ros2_galactic/install/examples_rclpy_executors:/home/juergen/ros2_galactic/install/demo_nodes_py:/home/juergen/ros2_galactic/install/action_tutorials_py:/home/juergen/ros2_galactic/install/ament_uncrustify:/home/juergen/ros2_galactic/install/tracetools_trace:/home/juergen/ros2_galactic/install/tracetools_read:/home/juergen/ros2_galactic/install/test_launch_ros:/home/juergen/ros2_galactic/install/sensor_msgs_py:/home/juergen/ros2_galactic/install/rpyutils:/home/juergen/ros2_galactic/install/rosidl_runtime_py:/home/juergen/ros2_galactic/install/rosidl_cli:/home/juergen/ros2_galactic/install/launch_yaml:/home/juergen/ros2_galactic/install/launch_xml:/home/juergen/ros2_galactic/install/launch_testing:/home/juergen/ros2_galactic/install/launch:/home/juergen/ros2_galactic/install/osrf_pycommon:/home/juergen/ros2_galactic/install/domain_coordinator:/home/juergen/ros2_galactic/install/ament_xmllint:/home/juergen/ros2_galactic/install/ament_pyflakes:/home/juergen/ros2_galactic/install/ament_pycodestyle:/home/juergen/ros2_galactic/install/ament_pep257:/home/juergen/ros2_galactic/install/ament_pclint:/home/juergen/ros2_galactic/install/ament_package:/home/juergen/ros2_galactic/install/ament_mypy:/home/juergen/ros2_galactic/install/ament_lint_cmake:/home/juergen/ros2_galactic/install/ament_flake8:/home/juergen/ros2_galactic/install/ament_copyright:/home/juergen/ros2_galactic/install/ament_lint:/home/juergen/ros2_galactic/install/ament_index_python:/home/juergen/ros2_galactic/install/ament_cpplint:/home/juergen/ros2_galactic/install/ament_cppcheck:/home/juergen/ros2_galactic/install/ament_clang_tidy:/home/juergen/ros2_galactic/install/ament_clang_format /usr/local/bin/cmake --install /home/juergen/1_dev/projects/Sketchable-Interaction/SI/src/sirose/msg/ros2_si_interface/build/ros2_si_interface
[1.010s] -- Install configuration: ""
[1.011s] -- Up-to-date: /home/juergen/1_dev/projects/Sketchable-Interaction/SI/src/sirose/msg/ros2_si_interface/install/ros2_si_interface/share/ament_index/resource_index/rosidl_interfaces/ros2_si_interface
[1.011s] -- Up-to-date: /home/juergen/1_dev/projects/Sketchable-Interaction/SI/src/sirose/msg/ros2_si_interface/install/ros2_si_interface/include/ros2_si_interface
[1.011s] -- Up-to-date: /home/juergen/1_dev/projects/Sketchable-Interaction/SI/src/sirose/msg/ros2_si_interface/install/ros2_si_interface/include/ros2_si_interface/msg
[1.011s] -- Up-to-date: /home/juergen/1_dev/projects/Sketchable-Interaction/SI/src/sirose/msg/ros2_si_interface/install/ros2_si_interface/include/ros2_si_interface/msg/detail
[1.011s] -- Up-to-date: /home/juergen/1_dev/projects/Sketchable-Interaction/SI/src/sirose/msg/ros2_si_interface/install/ros2_si_interface/include/ros2_si_interface/msg/detail/vtksi_object__struct.h
[1.011s] -- Up-to-date: /home/juergen/1_dev/projects/Sketchable-Interaction/SI/src/sirose/msg/ros2_si_interface/install/ros2_si_interface/include/ros2_si_interface/msg/detail/vtksi_object__type_support.h
[1.012s] -- Up-to-date: /home/juergen/1_dev/projects/Sketchable-Interaction/SI/src/sirose/msg/ros2_si_interface/install/ros2_si_interface/include/ros2_si_interface/msg/detail/vtksi_object__functions.h
[1.012s] -- Up-to-date: /home/juergen/1_dev/projects/Sketchable-Interaction/SI/src/sirose/msg/ros2_si_interface/install/ros2_si_interface/include/ros2_si_interface/msg/detail/vtksi_object__functions.c
[1.012s] -- Up-to-date: /home/juergen/1_dev/projects/Sketchable-Interaction/SI/src/sirose/msg/ros2_si_interface/install/ros2_si_interface/include/ros2_si_interface/msg/rosidl_generator_c__visibility_control.h
[1.012s] -- Up-to-date: /home/juergen/1_dev/projects/Sketchable-Interaction/SI/src/sirose/msg/ros2_si_interface/install/ros2_si_interface/include/ros2_si_interface/msg/vtksi_object.h
[1.012s] -- Up-to-date: /home/juergen/1_dev/projects/Sketchable-Interaction/SI/src/sirose/msg/ros2_si_interface/install/ros2_si_interface/share/ros2_si_interface/environment/library_path.sh
[1.012s] -- Up-to-date: /home/juergen/1_dev/projects/Sketchable-Interaction/SI/src/sirose/msg/ros2_si_interface/install/ros2_si_interface/share/ros2_si_interface/environment/library_path.dsv
[1.012s] -- Up-to-date: /home/juergen/1_dev/projects/Sketchable-Interaction/SI/src/sirose/msg/ros2_si_interface/install/ros2_si_interface/lib/libros2_si_interface__rosidl_generator_c.so
[1.012s] -- Up-to-date: /home/juergen/1_dev/projects/Sketchable-Interaction/SI/src/sirose/msg/ros2_si_interface/install/ros2_si_interface/include/ros2_si_interface
[1.013s] -- Up-to-date: /home/juergen/1_dev/projects/Sketchable-Interaction/SI/src/sirose/msg/ros2_si_interface/install/ros2_si_interface/include/ros2_si_interface/msg
[1.013s] -- Up-to-date: /home/juergen/1_dev/projects/Sketchable-Interaction/SI/src/sirose/msg/ros2_si_interface/install/ros2_si_interface/include/ros2_si_interface/msg/detail
[1.013s] -- Up-to-date: /home/juergen/1_dev/projects/Sketchable-Interaction/SI/src/sirose/msg/ros2_si_interface/install/ros2_si_interface/include/ros2_si_interface/msg/detail/vtksi_object__type_support.c
[1.013s] -- Up-to-date: /home/juergen/1_dev/projects/Sketchable-Interaction/SI/src/sirose/msg/ros2_si_interface/install/ros2_si_interface/include/ros2_si_interface/msg/detail/vtksi_object__rosidl_typesupport_introspection_c.h
[1.013s] -- Up-to-date: /home/juergen/1_dev/projects/Sketchable-Interaction/SI/src/sirose/msg/ros2_si_interface/install/ros2_si_interface/include/ros2_si_interface/msg/rosidl_typesupport_introspection_c__visibility_control.h
[1.013s] -- Up-to-date: /home/juergen/1_dev/projects/Sketchable-Interaction/SI/src/sirose/msg/ros2_si_interface/install/ros2_si_interface/lib/libros2_si_interface__rosidl_typesupport_introspection_c.so
[1.014s] -- Up-to-date: /home/juergen/1_dev/projects/Sketchable-Interaction/SI/src/sirose/msg/ros2_si_interface/install/ros2_si_interface/include/ros2_si_interface
[1.014s] -- Up-to-date: /home/juergen/1_dev/projects/Sketchable-Interaction/SI/src/sirose/msg/ros2_si_interface/install/ros2_si_interface/include/ros2_si_interface/msg
[1.014s] -- Up-to-date: /home/juergen/1_dev/projects/Sketchable-Interaction/SI/src/sirose/msg/ros2_si_interface/install/ros2_si_interface/include/ros2_si_interface/msg/detail
[1.014s] -- Up-to-date: /home/juergen/1_dev/projects/Sketchable-Interaction/SI/src/sirose/msg/ros2_si_interface/install/ros2_si_interface/include/ros2_si_interface/msg/detail/vtksi_object__rosidl_typesupport_fastrtps_c.h
[1.014s] -- Up-to-date: /home/juergen/1_dev/projects/Sketchable-Interaction/SI/src/sirose/msg/ros2_si_interface/install/ros2_si_interface/include/ros2_si_interface/msg/rosidl_typesupport_fastrtps_c__visibility_control.h
[1.014s] -- Up-to-date: /home/juergen/1_dev/projects/Sketchable-Interaction/SI/src/sirose/msg/ros2_si_interface/install/ros2_si_interface/lib/libros2_si_interface__rosidl_typesupport_fastrtps_c.so
[1.015s] -- Up-to-date: /home/juergen/1_dev/projects/Sketchable-Interaction/SI/src/sirose/msg/ros2_si_interface/install/ros2_si_interface/include/ros2_si_interface
[1.015s] -- Up-to-date: /home/juergen/1_dev/projects/Sketchable-Interaction/SI/src/sirose/msg/ros2_si_interface/install/ros2_si_interface/include/ros2_si_interface/msg
[1.015s] -- Up-to-date: /home/juergen/1_dev/projects/Sketchable-Interaction/SI/src/sirose/msg/ros2_si_interface/install/ros2_si_interface/include/ros2_si_interface/msg/rosidl_typesupport_fastrtps_cpp__visibility_control.h
[1.015s] -- Up-to-date: /home/juergen/1_dev/projects/Sketchable-Interaction/SI/src/sirose/msg/ros2_si_interface/install/ros2_si_interface/include/ros2_si_interface/msg/detail
[1.015s] -- Up-to-date: /home/juergen/1_dev/projects/Sketchable-Interaction/SI/src/sirose/msg/ros2_si_interface/install/ros2_si_interface/include/ros2_si_interface/msg/detail/vtksi_object__rosidl_typesupport_fastrtps_cpp.hpp
[1.015s] -- Up-to-date: /home/juergen/1_dev/projects/Sketchable-Interaction/SI/src/sirose/msg/ros2_si_interface/install/ros2_si_interface/include/ros2_si_interface/msg/detail/dds_fastrtps
[1.017s] -- Up-to-date: /home/juergen/1_dev/projects/Sketchable-Interaction/SI/src/sirose/msg/ros2_si_interface/install/ros2_si_interface/lib/libros2_si_interface__rosidl_typesupport_fastrtps_cpp.so
[1.017s] -- Up-to-date: /home/juergen/1_dev/projects/Sketchable-Interaction/SI/src/sirose/msg/ros2_si_interface/install/ros2_si_interface/lib/libros2_si_interface__rosidl_typesupport_c.so
[1.018s] -- Up-to-date: /home/juergen/1_dev/projects/Sketchable-Interaction/SI/src/sirose/msg/ros2_si_interface/install/ros2_si_interface/include/ros2_si_interface
[1.018s] -- Up-to-date: /home/juergen/1_dev/projects/Sketchable-Interaction/SI/src/sirose/msg/ros2_si_interface/install/ros2_si_interface/include/ros2_si_interface/msg
[1.019s] -- Up-to-date: /home/juergen/1_dev/projects/Sketchable-Interaction/SI/src/sirose/msg/ros2_si_interface/install/ros2_si_interface/include/ros2_si_interface/msg/detail
[1.019s] -- Up-to-date: /home/juergen/1_dev/projects/Sketchable-Interaction/SI/src/sirose/msg/ros2_si_interface/install/ros2_si_interface/include/ros2_si_interface/msg/detail/vtksi_object__struct.hpp
[1.019s] -- Up-to-date: /home/juergen/1_dev/projects/Sketchable-Interaction/SI/src/sirose/msg/ros2_si_interface/install/ros2_si_interface/include/ros2_si_interface/msg/detail/vtksi_object__traits.hpp
[1.019s] -- Up-to-date: /home/juergen/1_dev/projects/Sketchable-Interaction/SI/src/sirose/msg/ros2_si_interface/install/ros2_si_interface/include/ros2_si_interface/msg/detail/vtksi_object__builder.hpp
[1.019s] -- Up-to-date: /home/juergen/1_dev/projects/Sketchable-Interaction/SI/src/sirose/msg/ros2_si_interface/install/ros2_si_interface/include/ros2_si_interface/msg/vtksi_object.hpp
[1.019s] -- Up-to-date: /home/juergen/1_dev/projects/Sketchable-Interaction/SI/src/sirose/msg/ros2_si_interface/install/ros2_si_interface/include/ros2_si_interface
[1.019s] -- Up-to-date: /home/juergen/1_dev/projects/Sketchable-Interaction/SI/src/sirose/msg/ros2_si_interface/install/ros2_si_interface/include/ros2_si_interface/msg
[1.020s] -- Up-to-date: /home/juergen/1_dev/projects/Sketchable-Interaction/SI/src/sirose/msg/ros2_si_interface/install/ros2_si_interface/include/ros2_si_interface/msg/detail
[1.020s] -- Up-to-date: /home/juergen/1_dev/projects/Sketchable-Interaction/SI/src/sirose/msg/ros2_si_interface/install/ros2_si_interface/include/ros2_si_interface/msg/detail/vtksi_object__type_support.cpp
[1.020s] -- Up-to-date: /home/juergen/1_dev/projects/Sketchable-Interaction/SI/src/sirose/msg/ros2_si_interface/install/ros2_si_interface/include/ros2_si_interface/msg/detail/vtksi_object__rosidl_typesupport_introspection_cpp.hpp
[1.020s] -- Up-to-date: /home/juergen/1_dev/projects/Sketchable-Interaction/SI/src/sirose/msg/ros2_si_interface/install/ros2_si_interface/lib/libros2_si_interface__rosidl_typesupport_introspection_cpp.so
[1.020s] -- Up-to-date: /home/juergen/1_dev/projects/Sketchable-Interaction/SI/src/sirose/msg/ros2_si_interface/install/ros2_si_interface/lib/libros2_si_interface__rosidl_typesupport_cpp.so
[1.021s] -- Up-to-date: /home/juergen/1_dev/projects/Sketchable-Interaction/SI/src/sirose/msg/ros2_si_interface/install/ros2_si_interface/share/ros2_si_interface/environment/pythonpath.sh
[1.021s] -- Up-to-date: /home/juergen/1_dev/projects/Sketchable-Interaction/SI/src/sirose/msg/ros2_si_interface/install/ros2_si_interface/share/ros2_si_interface/environment/pythonpath.dsv
[1.022s] -- Up-to-date: /home/juergen/1_dev/projects/Sketchable-Interaction/SI/src/sirose/msg/ros2_si_interface/install/ros2_si_interface/lib/python3.9/site-packages/ros2_si_interface/__init__.py
[1.292s] -- Up-to-date: /home/juergen/1_dev/projects/Sketchable-Interaction/SI/src/sirose/msg/ros2_si_interface/install/ros2_si_interface/lib/python3.9/site-packages/ros2_si_interface/msg
[1.292s] -- Up-to-date: /home/juergen/1_dev/projects/Sketchable-Interaction/SI/src/sirose/msg/ros2_si_interface/install/ros2_si_interface/lib/python3.9/site-packages/ros2_si_interface/msg/_vtksi_object.py
[1.292s] -- Up-to-date: /home/juergen/1_dev/projects/Sketchable-Interaction/SI/src/sirose/msg/ros2_si_interface/install/ros2_si_interface/lib/python3.9/site-packages/ros2_si_interface/msg/_vtksi_object_s.c
[1.293s] -- Up-to-date: /home/juergen/1_dev/projects/Sketchable-Interaction/SI/src/sirose/msg/ros2_si_interface/install/ros2_si_interface/lib/python3.9/site-packages/ros2_si_interface/msg/__init__.py
[1.293s] -- Up-to-date: /home/juergen/1_dev/projects/Sketchable-Interaction/SI/src/sirose/msg/ros2_si_interface/install/ros2_si_interface/lib/python3.9/site-packages/ros2_si_interface/ros2_si_interface_s__rosidl_typesupport_introspection_c.cpython-39-x86_64-linux-gnu.so
[1.293s] -- Up-to-date: /home/juergen/1_dev/projects/Sketchable-Interaction/SI/src/sirose/msg/ros2_si_interface/install/ros2_si_interface/lib/python3.9/site-packages/ros2_si_interface/ros2_si_interface_s__rosidl_typesupport_fastrtps_c.cpython-39-x86_64-linux-gnu.so
[1.295s] -- Up-to-date: /home/juergen/1_dev/projects/Sketchable-Interaction/SI/src/sirose/msg/ros2_si_interface/install/ros2_si_interface/lib/python3.9/site-packages/ros2_si_interface/ros2_si_interface_s__rosidl_typesupport_c.cpython-39-x86_64-linux-gnu.so
[1.297s] -- Up-to-date: /home/juergen/1_dev/projects/Sketchable-Interaction/SI/src/sirose/msg/ros2_si_interface/install/ros2_si_interface/lib/libros2_si_interface__python.so
[1.297s] -- Up-to-date: /home/juergen/1_dev/projects/Sketchable-Interaction/SI/src/sirose/msg/ros2_si_interface/install/ros2_si_interface/share/ros2_si_interface/msg/VTKSIObject.idl
[1.297s] -- Up-to-date: /home/juergen/1_dev/projects/Sketchable-Interaction/SI/src/sirose/msg/ros2_si_interface/install/ros2_si_interface/share/ros2_si_interface/msg/VTKSIObject.msg
[1.298s] -- Up-to-date: /home/juergen/1_dev/projects/Sketchable-Interaction/SI/src/sirose/msg/ros2_si_interface/install/ros2_si_interface/share/ament_index/resource_index/package_run_dependencies/ros2_si_interface
[1.298s] -- Up-to-date: /home/juergen/1_dev/projects/Sketchable-Interaction/SI/src/sirose/msg/ros2_si_interface/install/ros2_si_interface/share/ament_index/resource_index/parent_prefix_path/ros2_si_interface
[1.298s] -- Up-to-date: /home/juergen/1_dev/projects/Sketchable-Interaction/SI/src/sirose/msg/ros2_si_interface/install/ros2_si_interface/share/ros2_si_interface/environment/ament_prefix_path.dsv
[1.299s] -- Up-to-date: /home/juergen/1_dev/projects/Sketchable-Interaction/SI/src/sirose/msg/ros2_si_interface/install/ros2_si_interface/share/ros2_si_interface/environment/path.dsv
[1.299s] -- Up-to-date: /home/juergen/1_dev/projects/Sketchable-Interaction/SI/src/sirose/msg/ros2_si_interface/install/ros2_si_interface/share/ros2_si_interface/local_setup.bash
[1.300s] -- Up-to-date: /home/juergen/1_dev/projects/Sketchable-Interaction/SI/src/sirose/msg/ros2_si_interface/install/ros2_si_interface/share/ros2_si_interface/local_setup.sh
[1.300s] -- Up-to-date: /home/juergen/1_dev/projects/Sketchable-Interaction/SI/src/sirose/msg/ros2_si_interface/install/ros2_si_interface/share/ros2_si_interface/local_setup.zsh
[1.300s] -- Up-to-date: /home/juergen/1_dev/projects/Sketchable-Interaction/SI/src/sirose/msg/ros2_si_interface/install/ros2_si_interface/share/ros2_si_interface/local_setup.dsv
[1.301s] -- Installing: /home/juergen/1_dev/projects/Sketchable-Interaction/SI/src/sirose/msg/ros2_si_interface/install/ros2_si_interface/share/ros2_si_interface/package.dsv
[1.303s] -- Up-to-date: /home/juergen/1_dev/projects/Sketchable-Interaction/SI/src/sirose/msg/ros2_si_interface/install/ros2_si_interface/share/ament_index/resource_index/packages/ros2_si_interface
[1.303s] -- Up-to-date: /home/juergen/1_dev/projects/Sketchable-Interaction/SI/src/sirose/msg/ros2_si_interface/install/ros2_si_interface/share/ros2_si_interface/cmake/ros2_si_interface__rosidl_generator_cExport.cmake
[1.303s] -- Up-to-date: /home/juergen/1_dev/projects/Sketchable-Interaction/SI/src/sirose/msg/ros2_si_interface/install/ros2_si_interface/share/ros2_si_interface/cmake/ros2_si_interface__rosidl_generator_cExport-noconfig.cmake
[1.303s] -- Up-to-date: /home/juergen/1_dev/projects/Sketchable-Interaction/SI/src/sirose/msg/ros2_si_interface/install/ros2_si_interface/share/ros2_si_interface/cmake/ros2_si_interface__rosidl_typesupport_introspection_cExport.cmake
[1.303s] -- Up-to-date: /home/juergen/1_dev/projects/Sketchable-Interaction/SI/src/sirose/msg/ros2_si_interface/install/ros2_si_interface/share/ros2_si_interface/cmake/ros2_si_interface__rosidl_typesupport_introspection_cExport-noconfig.cmake
[1.303s] -- Up-to-date: /home/juergen/1_dev/projects/Sketchable-Interaction/SI/src/sirose/msg/ros2_si_interface/install/ros2_si_interface/share/ros2_si_interface/cmake/ros2_si_interface__rosidl_typesupport_cExport.cmake
[1.303s] -- Up-to-date: /home/juergen/1_dev/projects/Sketchable-Interaction/SI/src/sirose/msg/ros2_si_interface/install/ros2_si_interface/share/ros2_si_interface/cmake/ros2_si_interface__rosidl_typesupport_cExport-noconfig.cmake
[1.304s] -- Up-to-date: /home/juergen/1_dev/projects/Sketchable-Interaction/SI/src/sirose/msg/ros2_si_interface/install/ros2_si_interface/share/ros2_si_interface/cmake/ros2_si_interface__rosidl_generator_cppExport.cmake
[1.305s] -- Up-to-date: /home/juergen/1_dev/projects/Sketchable-Interaction/SI/src/sirose/msg/ros2_si_interface/install/ros2_si_interface/share/ros2_si_interface/cmake/ros2_si_interface__rosidl_typesupport_introspection_cppExport.cmake
[1.305s] -- Up-to-date: /home/juergen/1_dev/projects/Sketchable-Interaction/SI/src/sirose/msg/ros2_si_interface/install/ros2_si_interface/share/ros2_si_interface/cmake/ros2_si_interface__rosidl_typesupport_introspection_cppExport-noconfig.cmake
[1.309s] -- Up-to-date: /home/juergen/1_dev/projects/Sketchable-Interaction/SI/src/sirose/msg/ros2_si_interface/install/ros2_si_interface/share/ros2_si_interface/cmake/ros2_si_interface__rosidl_typesupport_cppExport.cmake
[1.309s] -- Up-to-date: /home/juergen/1_dev/projects/Sketchable-Interaction/SI/src/sirose/msg/ros2_si_interface/install/ros2_si_interface/share/ros2_si_interface/cmake/ros2_si_interface__rosidl_typesupport_cppExport-noconfig.cmake
[1.309s] -- Up-to-date: /home/juergen/1_dev/projects/Sketchable-Interaction/SI/src/sirose/msg/ros2_si_interface/install/ros2_si_interface/share/ros2_si_interface/cmake/rosidl_cmake-extras.cmake
[1.309s] -- Up-to-date: /home/juergen/1_dev/projects/Sketchable-Interaction/SI/src/sirose/msg/ros2_si_interface/install/ros2_si_interface/share/ros2_si_interface/cmake/ament_cmake_export_dependencies-extras.cmake
[1.309s] -- Up-to-date: /home/juergen/1_dev/projects/Sketchable-Interaction/SI/src/sirose/msg/ros2_si_interface/install/ros2_si_interface/share/ros2_si_interface/cmake/ament_cmake_export_libraries-extras.cmake
[1.309s] -- Up-to-date: /home/juergen/1_dev/projects/Sketchable-Interaction/SI/src/sirose/msg/ros2_si_interface/install/ros2_si_interface/share/ros2_si_interface/cmake/ament_cmake_export_targets-extras.cmake
[1.310s] -- Up-to-date: /home/juergen/1_dev/projects/Sketchable-Interaction/SI/src/sirose/msg/ros2_si_interface/install/ros2_si_interface/share/ros2_si_interface/cmake/ament_cmake_export_include_directories-extras.cmake
[1.310s] -- Up-to-date: /home/juergen/1_dev/projects/Sketchable-Interaction/SI/src/sirose/msg/ros2_si_interface/install/ros2_si_interface/share/ros2_si_interface/cmake/rosidl_cmake_export_typesupport_targets-extras.cmake
[1.310s] -- Up-to-date: /home/juergen/1_dev/projects/Sketchable-Interaction/SI/src/sirose/msg/ros2_si_interface/install/ros2_si_interface/share/ros2_si_interface/cmake/rosidl_cmake_export_typesupport_libraries-extras.cmake
[1.310s] -- Up-to-date: /home/juergen/1_dev/projects/Sketchable-Interaction/SI/src/sirose/msg/ros2_si_interface/install/ros2_si_interface/share/ros2_si_interface/cmake/ros2_si_interfaceConfig.cmake
[1.310s] -- Up-to-date: /home/juergen/1_dev/projects/Sketchable-Interaction/SI/src/sirose/msg/ros2_si_interface/install/ros2_si_interface/share/ros2_si_interface/cmake/ros2_si_interfaceConfig-version.cmake
[1.311s] -- Up-to-date: /home/juergen/1_dev/projects/Sketchable-Interaction/SI/src/sirose/msg/ros2_si_interface/install/ros2_si_interface/share/ros2_si_interface/package.xml
[1.314s] Invoked command in '/home/juergen/1_dev/projects/Sketchable-Interaction/SI/src/sirose/msg/ros2_si_interface/build/ros2_si_interface' returned '0': CMAKE_PREFIX_PATH=${CMAKE_PREFIX_PATH}:/home/juergen/ros2_galactic/install/rqt_bag_plugins:/home/juergen/ros2_galactic/install/rqt_bag:/home/juergen/ros2_galactic/install/ros2bag:/home/juergen/ros2_galactic/install/tracetools_launch:/home/juergen/ros2_galactic/install/topic_monitor:/home/juergen/ros2_galactic/install/tf2_tools:/home/juergen/ros2_galactic/install/examples_tf2_py:/home/juergen/ros2_galactic/install/tf2_ros_py:/home/juergen/ros2_galactic/install/sros2:/home/juergen/ros2_galactic/install/rqt_topic:/home/juergen/ros2_galactic/install/rqt_top:/home/juergen/ros2_galactic/install/rqt_srv:/home/juergen/ros2_galactic/install/rqt_shell:/home/juergen/ros2_galactic/install/rqt_service_caller:/home/juergen/ros2_galactic/install/rqt_reconfigure:/home/juergen/ros2_galactic/install/rqt_py_console:/home/juergen/ros2_galactic/install/rqt_publisher:/home/juergen/ros2_galactic/install/rqt_plot:/home/juergen/ros2_galactic/install/rqt_action:/home/juergen/ros2_galactic/install/rqt_msg:/home/juergen/ros2_galactic/install/rqt_console:/home/juergen/ros2_galactic/install/rqt:/home/juergen/ros2_galactic/install/rqt_graph:/home/juergen/ros2_galactic/install/rqt_gui_py:/home/juergen/ros2_galactic/install/rqt_gui:/home/juergen/ros2_galactic/install/ros2trace:/home/juergen/ros2_galactic/install/ros2topic:/home/juergen/ros2_galactic/install/ros2test:/home/juergen/ros2_galactic/install/ros2component:/home/juergen/ros2_galactic/install/ros2param:/home/juergen/ros2_galactic/install/ros2lifecycle:/home/juergen/ros2_galactic/install/ros2service:/home/juergen/ros2_galactic/install/ros2run:/home/juergen/ros2_galactic/install/ros2launch:/home/juergen/ros2_galactic/install/ros2pkg:/home/juergen/ros2_galactic/install/ros2node:/home/juergen/ros2_galactic/install/ros2multicast:/home/juergen/ros2_galactic/install/ros2interface:/home/juergen/ros2_galactic/install/ros2doctor:/home/juergen/ros2_galactic/install/ros2action:/home/juergen/ros2_galactic/install/ros2cli:/home/juergen/ros2_galactic/install/quality_of_service_demo_py:/home/juergen/ros2_galactic/install/launch_testing_ros:/home/juergen/ros2_galactic/install/launch_ros:/home/juergen/ros2_galactic/install/examples_rclpy_pointcloud_publisher:/home/juergen/ros2_galactic/install/examples_rclpy_minimal_subscriber:/home/juergen/ros2_galactic/install/examples_rclpy_minimal_service:/home/juergen/ros2_galactic/install/examples_rclpy_minimal_publisher:/home/juergen/ros2_galactic/install/examples_rclpy_minimal_client:/home/juergen/ros2_galactic/install/examples_rclpy_minimal_action_server:/home/juergen/ros2_galactic/install/examples_rclpy_minimal_action_client:/home/juergen/ros2_galactic/install/examples_rclpy_guard_conditions:/home/juergen/ros2_galactic/install/examples_rclpy_executors:/home/juergen/ros2_galactic/install/demo_nodes_py:/home/juergen/ros2_galactic/install/action_tutorials_py:/home/juergen/ros2_galactic/install/ament_uncrustify:/home/juergen/ros2_galactic/install/tracetools_trace:/home/juergen/ros2_galactic/install/tracetools_read:/home/juergen/ros2_galactic/install/test_launch_ros:/home/juergen/ros2_galactic/install/sensor_msgs_py:/home/juergen/ros2_galactic/install/rpyutils:/home/juergen/ros2_galactic/install/rosidl_runtime_py:/home/juergen/ros2_galactic/install/rosidl_cli:/home/juergen/ros2_galactic/install/launch_yaml:/home/juergen/ros2_galactic/install/launch_xml:/home/juergen/ros2_galactic/install/launch_testing:/home/juergen/ros2_galactic/install/launch:/home/juergen/ros2_galactic/install/osrf_pycommon:/home/juergen/ros2_galactic/install/domain_coordinator:/home/juergen/ros2_galactic/install/ament_xmllint:/home/juergen/ros2_galactic/install/ament_pyflakes:/home/juergen/ros2_galactic/install/ament_pycodestyle:/home/juergen/ros2_galactic/install/ament_pep257:/home/juergen/ros2_galactic/install/ament_pclint:/home/juergen/ros2_galactic/install/ament_package:/home/juergen/ros2_galactic/install/ament_mypy:/home/juergen/ros2_galactic/install/ament_lint_cmake:/home/juergen/ros2_galactic/install/ament_flake8:/home/juergen/ros2_galactic/install/ament_copyright:/home/juergen/ros2_galactic/install/ament_lint:/home/juergen/ros2_galactic/install/ament_index_python:/home/juergen/ros2_galactic/install/ament_cpplint:/home/juergen/ros2_galactic/install/ament_cppcheck:/home/juergen/ros2_galactic/install/ament_clang_tidy:/home/juergen/ros2_galactic/install/ament_clang_format /usr/local/bin/cmake --install /home/juergen/1_dev/projects/Sketchable-Interaction/SI/src/sirose/msg/ros2_si_interface/build/ros2_si_interface
