[0.546s] DEBUG:colcon:Command line arguments: ['/usr/bin/colcon', 'build', '--packages-select', 'ros2_si_interface']
[0.546s] DEBUG:colcon:Parsed command line arguments: Namespace(log_base=None, log_level=None, verb_name='build', build_base='build', install_base='install', merge_install=False, symlink_install=False, test_result_base=None, continue_on_error=False, executor='parallel', parallel_workers=4, event_handlers=None, ignore_user_meta=False, metas=['./colcon.meta'], base_paths=['.'], packages_ignore=None, packages_ignore_regex=None, paths=None, packages_up_to=None, packages_up_to_regex=None, packages_above=None, packages_above_and_dependencies=None, packages_above_depth=None, packages_select_by_dep=None, packages_skip_by_dep=None, packages_skip_up_to=None, packages_select_build_failed=False, packages_skip_build_finished=False, packages_select_test_failures=False, packages_skip_test_passed=False, packages_select=['ros2_si_interface'], packages_skip=None, packages_select_regex=None, packages_skip_regex=None, packages_start=None, packages_end=None, cmake_args=None, cmake_target=None, cmake_target_skip_unavailable=False, cmake_clean_cache=False, cmake_clean_first=False, cmake_force_configure=False, ament_cmake_args=None, catkin_cmake_args=None, catkin_skip_building_tests=False, verb_parser=<colcon_defaults.argument_parser.defaults.DefaultArgumentsDecorator object at 0x7f1b641a2b50>, verb_extension=<colcon_core.verb.build.BuildVerb object at 0x7f1b6431ad00>, main=<bound method BuildVerb.main of <colcon_core.verb.build.BuildVerb object at 0x7f1b6431ad00>>)
[0.557s] Level 1:colcon.colcon_core.package_discovery:discover_packages(colcon_meta) check parameters
[0.557s] Level 1:colcon.colcon_core.package_discovery:discover_packages(recursive) check parameters
[0.557s] Level 1:colcon.colcon_core.package_discovery:discover_packages(ignore) check parameters
[0.557s] Level 1:colcon.colcon_core.package_discovery:discover_packages(path) check parameters
[0.557s] Level 1:colcon.colcon_core.package_discovery:discover_packages(colcon_meta) discover
[0.557s] Level 1:colcon.colcon_core.package_discovery:discover_packages(recursive) discover
[0.558s] INFO:colcon.colcon_core.package_discovery:Crawling recursively for packages in '/home/juergen/1_dev/projects/Sketchable-Interaction/SI/src/sirose/msg/ros2_si_interface'
[0.558s] Level 1:colcon.colcon_core.package_identification:_identify(.) by extensions ['ignore', 'ignore_ament_install']
[0.558s] Level 1:colcon.colcon_core.package_identification:_identify(.) by extension 'ignore'
[0.558s] Level 1:colcon.colcon_core.package_identification:_identify(.) by extension 'ignore_ament_install'
[0.558s] Level 1:colcon.colcon_core.package_identification:_identify(.) by extensions ['colcon_pkg']
[0.558s] Level 1:colcon.colcon_core.package_identification:_identify(.) by extension 'colcon_pkg'
[0.558s] Level 1:colcon.colcon_core.package_identification:_identify(.) by extensions ['colcon_meta']
[0.558s] Level 1:colcon.colcon_core.package_identification:_identify(.) by extension 'colcon_meta'
[0.558s] Level 1:colcon.colcon_core.package_identification:_identify(.) by extensions ['ros']
[0.558s] Level 1:colcon.colcon_core.package_identification:_identify(.) by extension 'ros'
[0.574s] DEBUG:colcon.colcon_core.package_identification:Package '.' with type 'ros.ament_cmake' and name 'ros2_si_interface'
[0.575s] Level 1:colcon.colcon_core.package_discovery:discover_packages(recursive) using defaults
[0.575s] Level 1:colcon.colcon_core.package_discovery:discover_packages(ignore) discover
[0.575s] Level 1:colcon.colcon_core.package_discovery:discover_packages(ignore) using defaults
[0.575s] Level 1:colcon.colcon_core.package_discovery:discover_packages(path) discover
[0.575s] Level 1:colcon.colcon_core.package_discovery:discover_packages(path) using defaults
[0.618s] Level 5:colcon.colcon_core.verb:set package 'ros2_si_interface' build argument 'cmake_args' from command line to 'None'
[0.618s] Level 5:colcon.colcon_core.verb:set package 'ros2_si_interface' build argument 'cmake_target' from command line to 'None'
[0.618s] Level 5:colcon.colcon_core.verb:set package 'ros2_si_interface' build argument 'cmake_target_skip_unavailable' from command line to 'False'
[0.618s] Level 5:colcon.colcon_core.verb:set package 'ros2_si_interface' build argument 'cmake_clean_cache' from command line to 'False'
[0.618s] Level 5:colcon.colcon_core.verb:set package 'ros2_si_interface' build argument 'cmake_clean_first' from command line to 'False'
[0.618s] Level 5:colcon.colcon_core.verb:set package 'ros2_si_interface' build argument 'cmake_force_configure' from command line to 'False'
[0.618s] Level 5:colcon.colcon_core.verb:set package 'ros2_si_interface' build argument 'ament_cmake_args' from command line to 'None'
[0.618s] Level 5:colcon.colcon_core.verb:set package 'ros2_si_interface' build argument 'catkin_cmake_args' from command line to 'None'
[0.618s] Level 5:colcon.colcon_core.verb:set package 'ros2_si_interface' build argument 'catkin_skip_building_tests' from command line to 'False'
[0.618s] DEBUG:colcon.colcon_core.verb:Building package 'ros2_si_interface' with the following arguments: {'ament_cmake_args': None, 'build_base': '/home/juergen/1_dev/projects/Sketchable-Interaction/SI/src/sirose/msg/ros2_si_interface/build/ros2_si_interface', 'catkin_cmake_args': None, 'catkin_skip_building_tests': False, 'cmake_args': None, 'cmake_clean_cache': False, 'cmake_clean_first': False, 'cmake_force_configure': False, 'cmake_target': None, 'cmake_target_skip_unavailable': False, 'install_base': '/home/juergen/1_dev/projects/Sketchable-Interaction/SI/src/sirose/msg/ros2_si_interface/install/ros2_si_interface', 'merge_install': False, 'path': '/home/juergen/1_dev/projects/Sketchable-Interaction/SI/src/sirose/msg/ros2_si_interface', 'symlink_install': False, 'test_result_base': None}
[0.619s] INFO:colcon.colcon_core.executor:Executing jobs using 'parallel' executor
[0.630s] DEBUG:colcon.colcon_parallel_executor.executor.parallel:run_until_complete
[0.630s] INFO:colcon.colcon_ros.task.ament_cmake.build:Building ROS package in '/home/juergen/1_dev/projects/Sketchable-Interaction/SI/src/sirose/msg/ros2_si_interface' with build type 'ament_cmake'
[0.630s] INFO:colcon.colcon_cmake.task.cmake.build:Building CMake package in '/home/juergen/1_dev/projects/Sketchable-Interaction/SI/src/sirose/msg/ros2_si_interface'
[0.640s] INFO:colcon.colcon_core.plugin_system:Skipping extension 'colcon_core.shell.bat': Not used on non-Windows systems
[0.641s] INFO:colcon.colcon_core.shell:Skip shell extension 'powershell' for command environment: Not usable outside of PowerShell
[0.641s] DEBUG:colcon.colcon_core.shell:Skip shell extension 'dsv' for command environment
[0.676s] DEBUG:colcon.colcon_core.event_handler.log_command:Invoking command in '/home/juergen/1_dev/projects/Sketchable-Interaction/SI/src/sirose/msg/ros2_si_interface/build/ros2_si_interface': CMAKE_PREFIX_PATH=${CMAKE_PREFIX_PATH}:/home/juergen/ros2_galactic/install/rqt_bag_plugins:/home/juergen/ros2_galactic/install/rqt_bag:/home/juergen/ros2_galactic/install/ros2bag:/home/juergen/ros2_galactic/install/tracetools_launch:/home/juergen/ros2_galactic/install/topic_monitor:/home/juergen/ros2_galactic/install/tf2_tools:/home/juergen/ros2_galactic/install/examples_tf2_py:/home/juergen/ros2_galactic/install/tf2_ros_py:/home/juergen/ros2_galactic/install/sros2:/home/juergen/ros2_galactic/install/rqt_topic:/home/juergen/ros2_galactic/install/rqt_top:/home/juergen/ros2_galactic/install/rqt_srv:/home/juergen/ros2_galactic/install/rqt_shell:/home/juergen/ros2_galactic/install/rqt_service_caller:/home/juergen/ros2_galactic/install/rqt_reconfigure:/home/juergen/ros2_galactic/install/rqt_py_console:/home/juergen/ros2_galactic/install/rqt_publisher:/home/juergen/ros2_galactic/install/rqt_plot:/home/juergen/ros2_galactic/install/rqt_action:/home/juergen/ros2_galactic/install/rqt_msg:/home/juergen/ros2_galactic/install/rqt_console:/home/juergen/ros2_galactic/install/rqt:/home/juergen/ros2_galactic/install/rqt_graph:/home/juergen/ros2_galactic/install/rqt_gui_py:/home/juergen/ros2_galactic/install/rqt_gui:/home/juergen/ros2_galactic/install/ros2trace:/home/juergen/ros2_galactic/install/ros2topic:/home/juergen/ros2_galactic/install/ros2test:/home/juergen/ros2_galactic/install/ros2component:/home/juergen/ros2_galactic/install/ros2param:/home/juergen/ros2_galactic/install/ros2lifecycle:/home/juergen/ros2_galactic/install/ros2service:/home/juergen/ros2_galactic/install/ros2run:/home/juergen/ros2_galactic/install/ros2launch:/home/juergen/ros2_galactic/install/ros2pkg:/home/juergen/ros2_galactic/install/ros2node:/home/juergen/ros2_galactic/install/ros2multicast:/home/juergen/ros2_galactic/install/ros2interface:/home/juergen/ros2_galactic/install/ros2doctor:/home/juergen/ros2_galactic/install/ros2action:/home/juergen/ros2_galactic/install/ros2cli:/home/juergen/ros2_galactic/install/quality_of_service_demo_py:/home/juergen/ros2_galactic/install/launch_testing_ros:/home/juergen/ros2_galactic/install/launch_ros:/home/juergen/ros2_galactic/install/examples_rclpy_pointcloud_publisher:/home/juergen/ros2_galactic/install/examples_rclpy_minimal_subscriber:/home/juergen/ros2_galactic/install/examples_rclpy_minimal_service:/home/juergen/ros2_galactic/install/examples_rclpy_minimal_publisher:/home/juergen/ros2_galactic/install/examples_rclpy_minimal_client:/home/juergen/ros2_galactic/install/examples_rclpy_minimal_action_server:/home/juergen/ros2_galactic/install/examples_rclpy_minimal_action_client:/home/juergen/ros2_galactic/install/examples_rclpy_guard_conditions:/home/juergen/ros2_galactic/install/examples_rclpy_executors:/home/juergen/ros2_galactic/install/demo_nodes_py:/home/juergen/ros2_galactic/install/action_tutorials_py:/home/juergen/ros2_galactic/install/ament_uncrustify:/home/juergen/ros2_galactic/install/tracetools_trace:/home/juergen/ros2_galactic/install/tracetools_read:/home/juergen/ros2_galactic/install/test_launch_ros:/home/juergen/ros2_galactic/install/sensor_msgs_py:/home/juergen/ros2_galactic/install/rpyutils:/home/juergen/ros2_galactic/install/rosidl_runtime_py:/home/juergen/ros2_galactic/install/rosidl_cli:/home/juergen/ros2_galactic/install/launch_yaml:/home/juergen/ros2_galactic/install/launch_xml:/home/juergen/ros2_galactic/install/launch_testing:/home/juergen/ros2_galactic/install/launch:/home/juergen/ros2_galactic/install/osrf_pycommon:/home/juergen/ros2_galactic/install/domain_coordinator:/home/juergen/ros2_galactic/install/ament_xmllint:/home/juergen/ros2_galactic/install/ament_pyflakes:/home/juergen/ros2_galactic/install/ament_pycodestyle:/home/juergen/ros2_galactic/install/ament_pep257:/home/juergen/ros2_galactic/install/ament_pclint:/home/juergen/ros2_galactic/install/ament_package:/home/juergen/ros2_galactic/install/ament_mypy:/home/juergen/ros2_galactic/install/ament_lint_cmake:/home/juergen/ros2_galactic/install/ament_flake8:/home/juergen/ros2_galactic/install/ament_copyright:/home/juergen/ros2_galactic/install/ament_lint:/home/juergen/ros2_galactic/install/ament_index_python:/home/juergen/ros2_galactic/install/ament_cpplint:/home/juergen/ros2_galactic/install/ament_cppcheck:/home/juergen/ros2_galactic/install/ament_clang_tidy:/home/juergen/ros2_galactic/install/ament_clang_format /usr/local/bin/cmake --build /home/juergen/1_dev/projects/Sketchable-Interaction/SI/src/sirose/msg/ros2_si_interface/build/ros2_si_interface -- -j4 -l4
[0.997s] DEBUG:colcon.colcon_parallel_executor.executor.parallel:run_until_complete was interrupted
