[0.013s] Invoking command in '/home/juergen/1_dev/projects/Sketchable-Interaction/SI/src/sirose/msg/ros2_si_interface/build/ros2_si_interface': /usr/local/bin/cmake /home/juergen/1_dev/projects/Sketchable-Interaction/SI/src/sirose/msg/ros2_si_interface -DCMAKE_INSTALL_PREFIX=/home/juergen/1_dev/projects/Sketchable-Interaction/SI/src/sirose/msg/ros2_si_interface/install/ros2_si_interface
[0.045s] CMake Error at CMakeLists.txt:9 (find_package):
[0.046s]   By not providing "Findament_cmake.cmake" in CMAKE_MODULE_PATH this project
[0.046s]   has asked CMake to find a package configuration file provided by
[0.046s]   "ament_cmake", but CMake did not find one.
[0.046s] 
[0.046s]   Could not find a package configuration file provided by "ament_cmake" with
[0.046s]   any of the following names:
[0.046s] 
[0.046s]     ament_cmakeConfig.cmake
[0.046s]     ament_cmake-config.cmake
[0.046s] 
[0.046s]   Add the installation prefix of "ament_cmake" to CMAKE_PREFIX_PATH or set
[0.046s]   "ament_cmake_DIR" to a directory containing one of the above files.  If
[0.046s]   "ament_cmake" provides a separate development package or SDK, be sure it
[0.046s]   has been installed.
[0.047s] 
[0.047s] 
[0.047s] -- Configuring incomplete, errors occurred!
[0.047s] See also "/home/juergen/1_dev/projects/Sketchable-Interaction/SI/src/sirose/msg/ros2_si_interface/build/ros2_si_interface/CMakeFiles/CMakeOutput.log".
[0.048s] Invoked command in '/home/juergen/1_dev/projects/Sketchable-Interaction/SI/src/sirose/msg/ros2_si_interface/build/ros2_si_interface' returned '1': /usr/local/bin/cmake /home/juergen/1_dev/projects/Sketchable-Interaction/SI/src/sirose/msg/ros2_si_interface -DCMAKE_INSTALL_PREFIX=/home/juergen/1_dev/projects/Sketchable-Interaction/SI/src/sirose/msg/ros2_si_interface/install/ros2_si_interface
