[0.108s] Invoking command in '/home/juergen/1_dev/projects/Sketchable-Interaction/SI/src/sirose/msg/ros2_si_interface/build/ros2_si_interface': CMAKE_PREFIX_PATH=${CMAKE_PREFIX_PATH}:/home/juergen/ros2_galactic/install/rqt_bag_plugins:/home/juergen/ros2_galactic/install/rqt_bag:/home/juergen/ros2_galactic/install/ros2bag:/home/juergen/ros2_galactic/install/tracetools_launch:/home/juergen/ros2_galactic/install/topic_monitor:/home/juergen/ros2_galactic/install/tf2_tools:/home/juergen/ros2_galactic/install/examples_tf2_py:/home/juergen/ros2_galactic/install/tf2_ros_py:/home/juergen/ros2_galactic/install/sros2:/home/juergen/ros2_galactic/install/rqt_topic:/home/juergen/ros2_galactic/install/rqt_top:/home/juergen/ros2_galactic/install/rqt_srv:/home/juergen/ros2_galactic/install/rqt_shell:/home/juergen/ros2_galactic/install/rqt_service_caller:/home/juergen/ros2_galactic/install/rqt_reconfigure:/home/juergen/ros2_galactic/install/rqt_py_console:/home/juergen/ros2_galactic/install/rqt_publisher:/home/juergen/ros2_galactic/install/rqt_plot:/home/juergen/ros2_galactic/install/rqt_action:/home/juergen/ros2_galactic/install/rqt_msg:/home/juergen/ros2_galactic/install/rqt_console:/home/juergen/ros2_galactic/install/rqt:/home/juergen/ros2_galactic/install/rqt_graph:/home/juergen/ros2_galactic/install/rqt_gui_py:/home/juergen/ros2_galactic/install/rqt_gui:/home/juergen/ros2_galactic/install/ros2trace:/home/juergen/ros2_galactic/install/ros2topic:/home/juergen/ros2_galactic/install/ros2test:/home/juergen/ros2_galactic/install/ros2component:/home/juergen/ros2_galactic/install/ros2param:/home/juergen/ros2_galactic/install/ros2lifecycle:/home/juergen/ros2_galactic/install/ros2service:/home/juergen/ros2_galactic/install/ros2run:/home/juergen/ros2_galactic/install/ros2launch:/home/juergen/ros2_galactic/install/ros2pkg:/home/juergen/ros2_galactic/install/ros2node:/home/juergen/ros2_galactic/install/ros2multicast:/home/juergen/ros2_galactic/install/ros2interface:/home/juergen/ros2_galactic/install/ros2doctor:/home/juergen/ros2_galactic/install/ros2action:/home/juergen/ros2_galactic/install/ros2cli:/home/juergen/ros2_galactic/install/quality_of_service_demo_py:/home/juergen/ros2_galactic/install/launch_testing_ros:/home/juergen/ros2_galactic/install/launch_ros:/home/juergen/ros2_galactic/install/examples_rclpy_pointcloud_publisher:/home/juergen/ros2_galactic/install/examples_rclpy_minimal_subscriber:/home/juergen/ros2_galactic/install/examples_rclpy_minimal_service:/home/juergen/ros2_galactic/install/examples_rclpy_minimal_publisher:/home/juergen/ros2_galactic/install/examples_rclpy_minimal_client:/home/juergen/ros2_galactic/install/examples_rclpy_minimal_action_server:/home/juergen/ros2_galactic/install/examples_rclpy_minimal_action_client:/home/juergen/ros2_galactic/install/examples_rclpy_guard_conditions:/home/juergen/ros2_galactic/install/examples_rclpy_executors:/home/juergen/ros2_galactic/install/demo_nodes_py:/home/juergen/ros2_galactic/install/action_tutorials_py:/home/juergen/ros2_galactic/install/ament_uncrustify:/home/juergen/ros2_galactic/install/tracetools_trace:/home/juergen/ros2_galactic/install/tracetools_read:/home/juergen/ros2_galactic/install/test_launch_ros:/home/juergen/ros2_galactic/install/sensor_msgs_py:/home/juergen/ros2_galactic/install/rpyutils:/home/juergen/ros2_galactic/install/rosidl_runtime_py:/home/juergen/ros2_galactic/install/rosidl_cli:/home/juergen/ros2_galactic/install/launch_yaml:/home/juergen/ros2_galactic/install/launch_xml:/home/juergen/ros2_galactic/install/launch_testing:/home/juergen/ros2_galactic/install/launch:/home/juergen/ros2_galactic/install/osrf_pycommon:/home/juergen/ros2_galactic/install/domain_coordinator:/home/juergen/ros2_galactic/install/ament_xmllint:/home/juergen/ros2_galactic/install/ament_pyflakes:/home/juergen/ros2_galactic/install/ament_pycodestyle:/home/juergen/ros2_galactic/install/ament_pep257:/home/juergen/ros2_galactic/install/ament_pclint:/home/juergen/ros2_galactic/install/ament_package:/home/juergen/ros2_galactic/install/ament_mypy:/home/juergen/ros2_galactic/install/ament_lint_cmake:/home/juergen/ros2_galactic/install/ament_flake8:/home/juergen/ros2_galactic/install/ament_copyright:/home/juergen/ros2_galactic/install/ament_lint:/home/juergen/ros2_galactic/install/ament_index_python:/home/juergen/ros2_galactic/install/ament_cpplint:/home/juergen/ros2_galactic/install/ament_cppcheck:/home/juergen/ros2_galactic/install/ament_clang_tidy:/home/juergen/ros2_galactic/install/ament_clang_format /usr/local/bin/cmake --build /home/juergen/1_dev/projects/Sketchable-Interaction/SI/src/sirose/msg/ros2_si_interface/build/ros2_si_interface -- -j4 -l4
[0.195s] gmake[1]: Entering directory '/home/juergen/1_dev/projects/Sketchable-Interaction/SI/src/sirose/msg/ros2_si_interface/build/ros2_si_interface'
[0.271s] gmake[2]: Entering directory '/home/juergen/1_dev/projects/Sketchable-Interaction/SI/src/sirose/msg/ros2_si_interface/build/ros2_si_interface'
[0.275s] gmake[3]: Entering directory '/home/juergen/1_dev/projects/Sketchable-Interaction/SI/src/sirose/msg/ros2_si_interface/build/ros2_si_interface'
[0.290s] gmake[3]: Leaving directory '/home/juergen/1_dev/projects/Sketchable-Interaction/SI/src/sirose/msg/ros2_si_interface/build/ros2_si_interface'
[0.312s] [  3%] Built target ros2_si_interface__cpp
[0.320s] gmake[3]: Entering directory '/home/juergen/1_dev/projects/Sketchable-Interaction/SI/src/sirose/msg/ros2_si_interface/build/ros2_si_interface'
[0.335s] gmake[3]: Leaving directory '/home/juergen/1_dev/projects/Sketchable-Interaction/SI/src/sirose/msg/ros2_si_interface/build/ros2_si_interface'
[0.355s] [ 12%] Built target ros2_si_interface__rosidl_generator_c
[0.363s] gmake[3]: Entering directory '/home/juergen/1_dev/projects/Sketchable-Interaction/SI/src/sirose/msg/ros2_si_interface/build/ros2_si_interface'
[0.379s] gmake[3]: Leaving directory '/home/juergen/1_dev/projects/Sketchable-Interaction/SI/src/sirose/msg/ros2_si_interface/build/ros2_si_interface'
[0.402s] [ 22%] Built target ros2_si_interface__rosidl_typesupport_introspection_cpp
[0.408s] gmake[3]: Entering directory '/home/juergen/1_dev/projects/Sketchable-Interaction/SI/src/sirose/msg/ros2_si_interface/build/ros2_si_interface'
[0.425s] gmake[3]: Leaving directory '/home/juergen/1_dev/projects/Sketchable-Interaction/SI/src/sirose/msg/ros2_si_interface/build/ros2_si_interface'
[0.460s] [ 32%] Built target ros2_si_interface__rosidl_typesupport_introspection_c
[0.481s] gmake[3]: Entering directory '/home/juergen/1_dev/projects/Sketchable-Interaction/SI/src/sirose/msg/ros2_si_interface/build/ros2_si_interface'
[0.538s] gmake[3]: Leaving directory '/home/juergen/1_dev/projects/Sketchable-Interaction/SI/src/sirose/msg/ros2_si_interface/build/ros2_si_interface'
[0.591s] [ 41%] Built target ros2_si_interface__rosidl_typesupport_c
[0.610s] gmake[3]: Entering directory '/home/juergen/1_dev/projects/Sketchable-Interaction/SI/src/sirose/msg/ros2_si_interface/build/ros2_si_interface'
[0.656s] gmake[3]: Leaving directory '/home/juergen/1_dev/projects/Sketchable-Interaction/SI/src/sirose/msg/ros2_si_interface/build/ros2_si_interface'
[0.700s] [ 51%] Built target ros2_si_interface__rosidl_typesupport_cpp
[0.707s] gmake[3]: Entering directory '/home/juergen/1_dev/projects/Sketchable-Interaction/SI/src/sirose/msg/ros2_si_interface/build/ros2_si_interface'
[0.723s] gmake[3]: Leaving directory '/home/juergen/1_dev/projects/Sketchable-Interaction/SI/src/sirose/msg/ros2_si_interface/build/ros2_si_interface'
[0.751s] [ 61%] Built target ros2_si_interface__rosidl_typesupport_fastrtps_cpp
[0.757s] gmake[3]: Entering directory '/home/juergen/1_dev/projects/Sketchable-Interaction/SI/src/sirose/msg/ros2_si_interface/build/ros2_si_interface'
[0.773s] gmake[3]: Leaving directory '/home/juergen/1_dev/projects/Sketchable-Interaction/SI/src/sirose/msg/ros2_si_interface/build/ros2_si_interface'
[0.801s] [ 70%] Built target ros2_si_interface__rosidl_typesupport_fastrtps_c
[0.806s] gmake[3]: Entering directory '/home/juergen/1_dev/projects/Sketchable-Interaction/SI/src/sirose/msg/ros2_si_interface/build/ros2_si_interface'
[0.823s] gmake[3]: Leaving directory '/home/juergen/1_dev/projects/Sketchable-Interaction/SI/src/sirose/msg/ros2_si_interface/build/ros2_si_interface'
[0.842s] [ 70%] Built target ros2_si_interface
[0.848s] gmake[3]: Entering directory '/home/juergen/1_dev/projects/Sketchable-Interaction/SI/src/sirose/msg/ros2_si_interface/build/ros2_si_interface'
[0.863s] gmake[3]: Leaving directory '/home/juergen/1_dev/projects/Sketchable-Interaction/SI/src/sirose/msg/ros2_si_interface/build/ros2_si_interface'
[0.883s] [ 74%] Built target ros2_si_interface__py
[0.890s] gmake[3]: Entering directory '/home/juergen/1_dev/projects/Sketchable-Interaction/SI/src/sirose/msg/ros2_si_interface/build/ros2_si_interface'
[0.906s] gmake[3]: Leaving directory '/home/juergen/1_dev/projects/Sketchable-Interaction/SI/src/sirose/msg/ros2_si_interface/build/ros2_si_interface'
[0.935s] [ 80%] Built target ros2_si_interface__python
[0.942s] gmake[3]: Entering directory '/home/juergen/1_dev/projects/Sketchable-Interaction/SI/src/sirose/msg/ros2_si_interface/build/ros2_si_interface'
[0.959s] gmake[3]: Leaving directory '/home/juergen/1_dev/projects/Sketchable-Interaction/SI/src/sirose/msg/ros2_si_interface/build/ros2_si_interface'
[0.988s] [ 87%] Built target ros2_si_interface__rosidl_typesupport_c__pyext
[0.994s] gmake[3]: Entering directory '/home/juergen/1_dev/projects/Sketchable-Interaction/SI/src/sirose/msg/ros2_si_interface/build/ros2_si_interface'
[1.011s] gmake[3]: Leaving directory '/home/juergen/1_dev/projects/Sketchable-Interaction/SI/src/sirose/msg/ros2_si_interface/build/ros2_si_interface'
[1.054s] [ 93%] Built target ros2_si_interface__rosidl_typesupport_introspection_c__pyext
[1.073s] gmake[3]: Entering directory '/home/juergen/1_dev/projects/Sketchable-Interaction/SI/src/sirose/msg/ros2_si_interface/build/ros2_si_interface'
[1.130s] gmake[3]: Leaving directory '/home/juergen/1_dev/projects/Sketchable-Interaction/SI/src/sirose/msg/ros2_si_interface/build/ros2_si_interface'
[1.174s] [100%] Built target ros2_si_interface__rosidl_typesupport_fastrtps_c__pyext
[1.174s] gmake[2]: Leaving directory '/home/juergen/1_dev/projects/Sketchable-Interaction/SI/src/sirose/msg/ros2_si_interface/build/ros2_si_interface'
[1.186s] gmake[1]: Leaving directory '/home/juergen/1_dev/projects/Sketchable-Interaction/SI/src/sirose/msg/ros2_si_interface/build/ros2_si_interface'
[1.190s] Invoked command in '/home/juergen/1_dev/projects/Sketchable-Interaction/SI/src/sirose/msg/ros2_si_interface/build/ros2_si_interface' returned '0': CMAKE_PREFIX_PATH=${CMAKE_PREFIX_PATH}:/home/juergen/ros2_galactic/install/rqt_bag_plugins:/home/juergen/ros2_galactic/install/rqt_bag:/home/juergen/ros2_galactic/install/ros2bag:/home/juergen/ros2_galactic/install/tracetools_launch:/home/juergen/ros2_galactic/install/topic_monitor:/home/juergen/ros2_galactic/install/tf2_tools:/home/juergen/ros2_galactic/install/examples_tf2_py:/home/juergen/ros2_galactic/install/tf2_ros_py:/home/juergen/ros2_galactic/install/sros2:/home/juergen/ros2_galactic/install/rqt_topic:/home/juergen/ros2_galactic/install/rqt_top:/home/juergen/ros2_galactic/install/rqt_srv:/home/juergen/ros2_galactic/install/rqt_shell:/home/juergen/ros2_galactic/install/rqt_service_caller:/home/juergen/ros2_galactic/install/rqt_reconfigure:/home/juergen/ros2_galactic/install/rqt_py_console:/home/juergen/ros2_galactic/install/rqt_publisher:/home/juergen/ros2_galactic/install/rqt_plot:/home/juergen/ros2_galactic/install/rqt_action:/home/juergen/ros2_galactic/install/rqt_msg:/home/juergen/ros2_galactic/install/rqt_console:/home/juergen/ros2_galactic/install/rqt:/home/juergen/ros2_galactic/install/rqt_graph:/home/juergen/ros2_galactic/install/rqt_gui_py:/home/juergen/ros2_galactic/install/rqt_gui:/home/juergen/ros2_galactic/install/ros2trace:/home/juergen/ros2_galactic/install/ros2topic:/home/juergen/ros2_galactic/install/ros2test:/home/juergen/ros2_galactic/install/ros2component:/home/juergen/ros2_galactic/install/ros2param:/home/juergen/ros2_galactic/install/ros2lifecycle:/home/juergen/ros2_galactic/install/ros2service:/home/juergen/ros2_galactic/install/ros2run:/home/juergen/ros2_galactic/install/ros2launch:/home/juergen/ros2_galactic/install/ros2pkg:/home/juergen/ros2_galactic/install/ros2node:/home/juergen/ros2_galactic/install/ros2multicast:/home/juergen/ros2_galactic/install/ros2interface:/home/juergen/ros2_galactic/install/ros2doctor:/home/juergen/ros2_galactic/install/ros2action:/home/juergen/ros2_galactic/install/ros2cli:/home/juergen/ros2_galactic/install/quality_of_service_demo_py:/home/juergen/ros2_galactic/install/launch_testing_ros:/home/juergen/ros2_galactic/install/launch_ros:/home/juergen/ros2_galactic/install/examples_rclpy_pointcloud_publisher:/home/juergen/ros2_galactic/install/examples_rclpy_minimal_subscriber:/home/juergen/ros2_galactic/install/examples_rclpy_minimal_service:/home/juergen/ros2_galactic/install/examples_rclpy_minimal_publisher:/home/juergen/ros2_galactic/install/examples_rclpy_minimal_client:/home/juergen/ros2_galactic/install/examples_rclpy_minimal_action_server:/home/juergen/ros2_galactic/install/examples_rclpy_minimal_action_client:/home/juergen/ros2_galactic/install/examples_rclpy_guard_conditions:/home/juergen/ros2_galactic/install/examples_rclpy_executors:/home/juergen/ros2_galactic/install/demo_nodes_py:/home/juergen/ros2_galactic/install/action_tutorials_py:/home/juergen/ros2_galactic/install/ament_uncrustify:/home/juergen/ros2_galactic/install/tracetools_trace:/home/juergen/ros2_galactic/install/tracetools_read:/home/juergen/ros2_galactic/install/test_launch_ros:/home/juergen/ros2_galactic/install/sensor_msgs_py:/home/juergen/ros2_galactic/install/rpyutils:/home/juergen/ros2_galactic/install/rosidl_runtime_py:/home/juergen/ros2_galactic/install/rosidl_cli:/home/juergen/ros2_galactic/install/launch_yaml:/home/juergen/ros2_galactic/install/launch_xml:/home/juergen/ros2_galactic/install/launch_testing:/home/juergen/ros2_galactic/install/launch:/home/juergen/ros2_galactic/install/osrf_pycommon:/home/juergen/ros2_galactic/install/domain_coordinator:/home/juergen/ros2_galactic/install/ament_xmllint:/home/juergen/ros2_galactic/install/ament_pyflakes:/home/juergen/ros2_galactic/install/ament_pycodestyle:/home/juergen/ros2_galactic/install/ament_pep257:/home/juergen/ros2_galactic/install/ament_pclint:/home/juergen/ros2_galactic/install/ament_package:/home/juergen/ros2_galactic/install/ament_mypy:/home/juergen/ros2_galactic/install/ament_lint_cmake:/home/juergen/ros2_galactic/install/ament_flake8:/home/juergen/ros2_galactic/install/ament_copyright:/home/juergen/ros2_galactic/install/ament_lint:/home/juergen/ros2_galactic/install/ament_index_python:/home/juergen/ros2_galactic/install/ament_cpplint:/home/juergen/ros2_galactic/install/ament_cppcheck:/home/juergen/ros2_galactic/install/ament_clang_tidy:/home/juergen/ros2_galactic/install/ament_clang_format /usr/local/bin/cmake --build /home/juergen/1_dev/projects/Sketchable-Interaction/SI/src/sirose/msg/ros2_si_interface/build/ros2_si_interface -- -j4 -l4
[1.785s] Invoking command in '/home/juergen/1_dev/projects/Sketchable-Interaction/SI/src/sirose/msg/ros2_si_interface/build/ros2_si_interface': CMAKE_PREFIX_PATH=${CMAKE_PREFIX_PATH}:/home/juergen/ros2_galactic/install/rqt_bag_plugins:/home/juergen/ros2_galactic/install/rqt_bag:/home/juergen/ros2_galactic/install/ros2bag:/home/juergen/ros2_galactic/install/tracetools_launch:/home/juergen/ros2_galactic/install/topic_monitor:/home/juergen/ros2_galactic/install/tf2_tools:/home/juergen/ros2_galactic/install/examples_tf2_py:/home/juergen/ros2_galactic/install/tf2_ros_py:/home/juergen/ros2_galactic/install/sros2:/home/juergen/ros2_galactic/install/rqt_topic:/home/juergen/ros2_galactic/install/rqt_top:/home/juergen/ros2_galactic/install/rqt_srv:/home/juergen/ros2_galactic/install/rqt_shell:/home/juergen/ros2_galactic/install/rqt_service_caller:/home/juergen/ros2_galactic/install/rqt_reconfigure:/home/juergen/ros2_galactic/install/rqt_py_console:/home/juergen/ros2_galactic/install/rqt_publisher:/home/juergen/ros2_galactic/install/rqt_plot:/home/juergen/ros2_galactic/install/rqt_action:/home/juergen/ros2_galactic/install/rqt_msg:/home/juergen/ros2_galactic/install/rqt_console:/home/juergen/ros2_galactic/install/rqt:/home/juergen/ros2_galactic/install/rqt_graph:/home/juergen/ros2_galactic/install/rqt_gui_py:/home/juergen/ros2_galactic/install/rqt_gui:/home/juergen/ros2_galactic/install/ros2trace:/home/juergen/ros2_galactic/install/ros2topic:/home/juergen/ros2_galactic/install/ros2test:/home/juergen/ros2_galactic/install/ros2component:/home/juergen/ros2_galactic/install/ros2param:/home/juergen/ros2_galactic/install/ros2lifecycle:/home/juergen/ros2_galactic/install/ros2service:/home/juergen/ros2_galactic/install/ros2run:/home/juergen/ros2_galactic/install/ros2launch:/home/juergen/ros2_galactic/install/ros2pkg:/home/juergen/ros2_galactic/install/ros2node:/home/juergen/ros2_galactic/install/ros2multicast:/home/juergen/ros2_galactic/install/ros2interface:/home/juergen/ros2_galactic/install/ros2doctor:/home/juergen/ros2_galactic/install/ros2action:/home/juergen/ros2_galactic/install/ros2cli:/home/juergen/ros2_galactic/install/quality_of_service_demo_py:/home/juergen/ros2_galactic/install/launch_testing_ros:/home/juergen/ros2_galactic/install/launch_ros:/home/juergen/ros2_galactic/install/examples_rclpy_pointcloud_publisher:/home/juergen/ros2_galactic/install/examples_rclpy_minimal_subscriber:/home/juergen/ros2_galactic/install/examples_rclpy_minimal_service:/home/juergen/ros2_galactic/install/examples_rclpy_minimal_publisher:/home/juergen/ros2_galactic/install/examples_rclpy_minimal_client:/home/juergen/ros2_galactic/install/examples_rclpy_minimal_action_server:/home/juergen/ros2_galactic/install/examples_rclpy_minimal_action_client:/home/juergen/ros2_galactic/install/examples_rclpy_guard_conditions:/home/juergen/ros2_galactic/install/examples_rclpy_executors:/home/juergen/ros2_galactic/install/demo_nodes_py:/home/juergen/ros2_galactic/install/action_tutorials_py:/home/juergen/ros2_galactic/install/ament_uncrustify:/home/juergen/ros2_galactic/install/tracetools_trace:/home/juergen/ros2_galactic/install/tracetools_read:/home/juergen/ros2_galactic/install/test_launch_ros:/home/juergen/ros2_galactic/install/sensor_msgs_py:/home/juergen/ros2_galactic/install/rpyutils:/home/juergen/ros2_galactic/install/rosidl_runtime_py:/home/juergen/ros2_galactic/install/rosidl_cli:/home/juergen/ros2_galactic/install/launch_yaml:/home/juergen/ros2_galactic/install/launch_xml:/home/juergen/ros2_galactic/install/launch_testing:/home/juergen/ros2_galactic/install/launch:/home/juergen/ros2_galactic/install/osrf_pycommon:/home/juergen/ros2_galactic/install/domain_coordinator:/home/juergen/ros2_galactic/install/ament_xmllint:/home/juergen/ros2_galactic/install/ament_pyflakes:/home/juergen/ros2_galactic/install/ament_pycodestyle:/home/juergen/ros2_galactic/install/ament_pep257:/home/juergen/ros2_galactic/install/ament_pclint:/home/juergen/ros2_galactic/install/ament_package:/home/juergen/ros2_galactic/install/ament_mypy:/home/juergen/ros2_galactic/install/ament_lint_cmake:/home/juergen/ros2_galactic/install/ament_flake8:/home/juergen/ros2_galactic/install/ament_copyright:/home/juergen/ros2_galactic/install/ament_lint:/home/juergen/ros2_galactic/install/ament_index_python:/home/juergen/ros2_galactic/install/ament_cpplint:/home/juergen/ros2_galactic/install/ament_cppcheck:/home/juergen/ros2_galactic/install/ament_clang_tidy:/home/juergen/ros2_galactic/install/ament_clang_format /usr/local/bin/cmake --install /home/juergen/1_dev/projects/Sketchable-Interaction/SI/src/sirose/msg/ros2_si_interface/build/ros2_si_interface
[1.820s] -- Install configuration: ""
[1.820s] -- Up-to-date: /home/juergen/1_dev/projects/Sketchable-Interaction/SI/src/sirose/msg/ros2_si_interface/install/ros2_si_interface/share/ament_index/resource_index/rosidl_interfaces/ros2_si_interface
[1.822s] -- Up-to-date: /home/juergen/1_dev/projects/Sketchable-Interaction/SI/src/sirose/msg/ros2_si_interface/install/ros2_si_interface/include/ros2_si_interface
[1.824s] -- Up-to-date: /home/juergen/1_dev/projects/Sketchable-Interaction/SI/src/sirose/msg/ros2_si_interface/install/ros2_si_interface/include/ros2_si_interface/msg
[1.824s] -- Up-to-date: /home/juergen/1_dev/projects/Sketchable-Interaction/SI/src/sirose/msg/ros2_si_interface/install/ros2_si_interface/include/ros2_si_interface/msg/detail
[1.824s] -- Up-to-date: /home/juergen/1_dev/projects/Sketchable-Interaction/SI/src/sirose/msg/ros2_si_interface/install/ros2_si_interface/include/ros2_si_interface/msg/detail/vtksi_object__struct.h
[1.825s] -- Up-to-date: /home/juergen/1_dev/projects/Sketchable-Interaction/SI/src/sirose/msg/ros2_si_interface/install/ros2_si_interface/include/ros2_si_interface/msg/detail/vtksi_object__type_support.h
[1.825s] -- Up-to-date: /home/juergen/1_dev/projects/Sketchable-Interaction/SI/src/sirose/msg/ros2_si_interface/install/ros2_si_interface/include/ros2_si_interface/msg/detail/vtksi_object__functions.h
[1.825s] -- Up-to-date: /home/juergen/1_dev/projects/Sketchable-Interaction/SI/src/sirose/msg/ros2_si_interface/install/ros2_si_interface/include/ros2_si_interface/msg/detail/vtksi_object__functions.c
[1.825s] -- Up-to-date: /home/juergen/1_dev/projects/Sketchable-Interaction/SI/src/sirose/msg/ros2_si_interface/install/ros2_si_interface/include/ros2_si_interface/msg/rosidl_generator_c__visibility_control.h
[1.825s] -- Up-to-date: /home/juergen/1_dev/projects/Sketchable-Interaction/SI/src/sirose/msg/ros2_si_interface/install/ros2_si_interface/include/ros2_si_interface/msg/vtksi_object.h
[1.825s] -- Up-to-date: /home/juergen/1_dev/projects/Sketchable-Interaction/SI/src/sirose/msg/ros2_si_interface/install/ros2_si_interface/share/ros2_si_interface/environment/library_path.sh
[1.825s] -- Up-to-date: /home/juergen/1_dev/projects/Sketchable-Interaction/SI/src/sirose/msg/ros2_si_interface/install/ros2_si_interface/share/ros2_si_interface/environment/library_path.dsv
[1.837s] -- Up-to-date: /home/juergen/1_dev/projects/Sketchable-Interaction/SI/src/sirose/msg/ros2_si_interface/install/ros2_si_interface/lib/libros2_si_interface__rosidl_generator_c.so
[1.837s] -- Up-to-date: /home/juergen/1_dev/projects/Sketchable-Interaction/SI/src/sirose/msg/ros2_si_interface/install/ros2_si_interface/include/ros2_si_interface
[1.837s] -- Up-to-date: /home/juergen/1_dev/projects/Sketchable-Interaction/SI/src/sirose/msg/ros2_si_interface/install/ros2_si_interface/include/ros2_si_interface/msg
[1.839s] -- Up-to-date: /home/juergen/1_dev/projects/Sketchable-Interaction/SI/src/sirose/msg/ros2_si_interface/install/ros2_si_interface/include/ros2_si_interface/msg/detail
[1.839s] -- Up-to-date: /home/juergen/1_dev/projects/Sketchable-Interaction/SI/src/sirose/msg/ros2_si_interface/install/ros2_si_interface/include/ros2_si_interface/msg/detail/vtksi_object__type_support.c
[1.840s] -- Up-to-date: /home/juergen/1_dev/projects/Sketchable-Interaction/SI/src/sirose/msg/ros2_si_interface/install/ros2_si_interface/include/ros2_si_interface/msg/detail/vtksi_object__rosidl_typesupport_introspection_c.h
[1.840s] -- Up-to-date: /home/juergen/1_dev/projects/Sketchable-Interaction/SI/src/sirose/msg/ros2_si_interface/install/ros2_si_interface/include/ros2_si_interface/msg/rosidl_typesupport_introspection_c__visibility_control.h
[1.840s] -- Up-to-date: /home/juergen/1_dev/projects/Sketchable-Interaction/SI/src/sirose/msg/ros2_si_interface/install/ros2_si_interface/lib/libros2_si_interface__rosidl_typesupport_introspection_c.so
[1.840s] -- Up-to-date: /home/juergen/1_dev/projects/Sketchable-Interaction/SI/src/sirose/msg/ros2_si_interface/install/ros2_si_interface/include/ros2_si_interface
[1.840s] -- Up-to-date: /home/juergen/1_dev/projects/Sketchable-Interaction/SI/src/sirose/msg/ros2_si_interface/install/ros2_si_interface/include/ros2_si_interface/msg
[1.840s] -- Up-to-date: /home/juergen/1_dev/projects/Sketchable-Interaction/SI/src/sirose/msg/ros2_si_interface/install/ros2_si_interface/include/ros2_si_interface/msg/detail
[1.840s] -- Up-to-date: /home/juergen/1_dev/projects/Sketchable-Interaction/SI/src/sirose/msg/ros2_si_interface/install/ros2_si_interface/include/ros2_si_interface/msg/detail/vtksi_object__rosidl_typesupport_fastrtps_c.h
[1.840s] -- Up-to-date: /home/juergen/1_dev/projects/Sketchable-Interaction/SI/src/sirose/msg/ros2_si_interface/install/ros2_si_interface/include/ros2_si_interface/msg/rosidl_typesupport_fastrtps_c__visibility_control.h
[1.841s] -- Up-to-date: /home/juergen/1_dev/projects/Sketchable-Interaction/SI/src/sirose/msg/ros2_si_interface/install/ros2_si_interface/lib/libros2_si_interface__rosidl_typesupport_fastrtps_c.so
[1.841s] -- Up-to-date: /home/juergen/1_dev/projects/Sketchable-Interaction/SI/src/sirose/msg/ros2_si_interface/install/ros2_si_interface/include/ros2_si_interface
[1.841s] -- Up-to-date: /home/juergen/1_dev/projects/Sketchable-Interaction/SI/src/sirose/msg/ros2_si_interface/install/ros2_si_interface/include/ros2_si_interface/msg
[1.841s] -- Up-to-date: /home/juergen/1_dev/projects/Sketchable-Interaction/SI/src/sirose/msg/ros2_si_interface/install/ros2_si_interface/include/ros2_si_interface/msg/rosidl_typesupport_fastrtps_cpp__visibility_control.h
[1.841s] -- Up-to-date: /home/juergen/1_dev/projects/Sketchable-Interaction/SI/src/sirose/msg/ros2_si_interface/install/ros2_si_interface/include/ros2_si_interface/msg/detail
[1.841s] -- Up-to-date: /home/juergen/1_dev/projects/Sketchable-Interaction/SI/src/sirose/msg/ros2_si_interface/install/ros2_si_interface/include/ros2_si_interface/msg/detail/vtksi_object__rosidl_typesupport_fastrtps_cpp.hpp
[1.841s] -- Up-to-date: /home/juergen/1_dev/projects/Sketchable-Interaction/SI/src/sirose/msg/ros2_si_interface/install/ros2_si_interface/include/ros2_si_interface/msg/detail/dds_fastrtps
[1.841s] -- Up-to-date: /home/juergen/1_dev/projects/Sketchable-Interaction/SI/src/sirose/msg/ros2_si_interface/install/ros2_si_interface/lib/libros2_si_interface__rosidl_typesupport_fastrtps_cpp.so
[1.843s] -- Up-to-date: /home/juergen/1_dev/projects/Sketchable-Interaction/SI/src/sirose/msg/ros2_si_interface/install/ros2_si_interface/lib/libros2_si_interface__rosidl_typesupport_c.so
[1.843s] -- Up-to-date: /home/juergen/1_dev/projects/Sketchable-Interaction/SI/src/sirose/msg/ros2_si_interface/install/ros2_si_interface/include/ros2_si_interface
[1.844s] -- Up-to-date: /home/juergen/1_dev/projects/Sketchable-Interaction/SI/src/sirose/msg/ros2_si_interface/install/ros2_si_interface/include/ros2_si_interface/msg
[1.844s] -- Up-to-date: /home/juergen/1_dev/projects/Sketchable-Interaction/SI/src/sirose/msg/ros2_si_interface/install/ros2_si_interface/include/ros2_si_interface/msg/detail
[1.844s] -- Up-to-date: /home/juergen/1_dev/projects/Sketchable-Interaction/SI/src/sirose/msg/ros2_si_interface/install/ros2_si_interface/include/ros2_si_interface/msg/detail/vtksi_object__struct.hpp
[1.844s] -- Up-to-date: /home/juergen/1_dev/projects/Sketchable-Interaction/SI/src/sirose/msg/ros2_si_interface/install/ros2_si_interface/include/ros2_si_interface/msg/detail/vtksi_object__traits.hpp
[1.844s] -- Up-to-date: /home/juergen/1_dev/projects/Sketchable-Interaction/SI/src/sirose/msg/ros2_si_interface/install/ros2_si_interface/include/ros2_si_interface/msg/detail/vtksi_object__builder.hpp
[1.844s] -- Up-to-date: /home/juergen/1_dev/projects/Sketchable-Interaction/SI/src/sirose/msg/ros2_si_interface/install/ros2_si_interface/include/ros2_si_interface/msg/vtksi_object.hpp
[1.844s] -- Up-to-date: /home/juergen/1_dev/projects/Sketchable-Interaction/SI/src/sirose/msg/ros2_si_interface/install/ros2_si_interface/include/ros2_si_interface
[1.845s] -- Up-to-date: /home/juergen/1_dev/projects/Sketchable-Interaction/SI/src/sirose/msg/ros2_si_interface/install/ros2_si_interface/include/ros2_si_interface/msg
[1.845s] -- Up-to-date: /home/juergen/1_dev/projects/Sketchable-Interaction/SI/src/sirose/msg/ros2_si_interface/install/ros2_si_interface/include/ros2_si_interface/msg/detail
[1.845s] -- Up-to-date: /home/juergen/1_dev/projects/Sketchable-Interaction/SI/src/sirose/msg/ros2_si_interface/install/ros2_si_interface/include/ros2_si_interface/msg/detail/vtksi_object__type_support.cpp
[1.845s] -- Up-to-date: /home/juergen/1_dev/projects/Sketchable-Interaction/SI/src/sirose/msg/ros2_si_interface/install/ros2_si_interface/include/ros2_si_interface/msg/detail/vtksi_object__rosidl_typesupport_introspection_cpp.hpp
[1.845s] -- Up-to-date: /home/juergen/1_dev/projects/Sketchable-Interaction/SI/src/sirose/msg/ros2_si_interface/install/ros2_si_interface/lib/libros2_si_interface__rosidl_typesupport_introspection_cpp.so
[1.846s] -- Up-to-date: /home/juergen/1_dev/projects/Sketchable-Interaction/SI/src/sirose/msg/ros2_si_interface/install/ros2_si_interface/lib/libros2_si_interface__rosidl_typesupport_cpp.so
[1.859s] -- Up-to-date: /home/juergen/1_dev/projects/Sketchable-Interaction/SI/src/sirose/msg/ros2_si_interface/install/ros2_si_interface/share/ros2_si_interface/environment/pythonpath.sh
[1.860s] -- Up-to-date: /home/juergen/1_dev/projects/Sketchable-Interaction/SI/src/sirose/msg/ros2_si_interface/install/ros2_si_interface/share/ros2_si_interface/environment/pythonpath.dsv
[1.860s] -- Up-to-date: /home/juergen/1_dev/projects/Sketchable-Interaction/SI/src/sirose/msg/ros2_si_interface/install/ros2_si_interface/lib/python3.9/site-packages/ros2_si_interface/__init__.py
[2.286s] -- Up-to-date: /home/juergen/1_dev/projects/Sketchable-Interaction/SI/src/sirose/msg/ros2_si_interface/install/ros2_si_interface/lib/python3.9/site-packages/ros2_si_interface/msg
[2.287s] -- Up-to-date: /home/juergen/1_dev/projects/Sketchable-Interaction/SI/src/sirose/msg/ros2_si_interface/install/ros2_si_interface/lib/python3.9/site-packages/ros2_si_interface/msg/_vtksi_object.py
[2.287s] -- Up-to-date: /home/juergen/1_dev/projects/Sketchable-Interaction/SI/src/sirose/msg/ros2_si_interface/install/ros2_si_interface/lib/python3.9/site-packages/ros2_si_interface/msg/_vtksi_object_s.c
[2.287s] -- Up-to-date: /home/juergen/1_dev/projects/Sketchable-Interaction/SI/src/sirose/msg/ros2_si_interface/install/ros2_si_interface/lib/python3.9/site-packages/ros2_si_interface/msg/__init__.py
[2.288s] -- Up-to-date: /home/juergen/1_dev/projects/Sketchable-Interaction/SI/src/sirose/msg/ros2_si_interface/install/ros2_si_interface/lib/python3.9/site-packages/ros2_si_interface/ros2_si_interface_s__rosidl_typesupport_introspection_c.cpython-39-x86_64-linux-gnu.so
[2.290s] -- Up-to-date: /home/juergen/1_dev/projects/Sketchable-Interaction/SI/src/sirose/msg/ros2_si_interface/install/ros2_si_interface/lib/python3.9/site-packages/ros2_si_interface/ros2_si_interface_s__rosidl_typesupport_fastrtps_c.cpython-39-x86_64-linux-gnu.so
[2.292s] -- Up-to-date: /home/juergen/1_dev/projects/Sketchable-Interaction/SI/src/sirose/msg/ros2_si_interface/install/ros2_si_interface/lib/python3.9/site-packages/ros2_si_interface/ros2_si_interface_s__rosidl_typesupport_c.cpython-39-x86_64-linux-gnu.so
[2.294s] -- Up-to-date: /home/juergen/1_dev/projects/Sketchable-Interaction/SI/src/sirose/msg/ros2_si_interface/install/ros2_si_interface/lib/libros2_si_interface__python.so
[2.295s] -- Up-to-date: /home/juergen/1_dev/projects/Sketchable-Interaction/SI/src/sirose/msg/ros2_si_interface/install/ros2_si_interface/share/ros2_si_interface/msg/VTKSIObject.idl
[2.295s] -- Up-to-date: /home/juergen/1_dev/projects/Sketchable-Interaction/SI/src/sirose/msg/ros2_si_interface/install/ros2_si_interface/share/ros2_si_interface/msg/VTKSIObject.msg
[2.295s] -- Up-to-date: /home/juergen/1_dev/projects/Sketchable-Interaction/SI/src/sirose/msg/ros2_si_interface/install/ros2_si_interface/share/ament_index/resource_index/package_run_dependencies/ros2_si_interface
[2.295s] -- Up-to-date: /home/juergen/1_dev/projects/Sketchable-Interaction/SI/src/sirose/msg/ros2_si_interface/install/ros2_si_interface/share/ament_index/resource_index/parent_prefix_path/ros2_si_interface
[2.296s] -- Up-to-date: /home/juergen/1_dev/projects/Sketchable-Interaction/SI/src/sirose/msg/ros2_si_interface/install/ros2_si_interface/share/ros2_si_interface/environment/ament_prefix_path.dsv
[2.296s] -- Up-to-date: /home/juergen/1_dev/projects/Sketchable-Interaction/SI/src/sirose/msg/ros2_si_interface/install/ros2_si_interface/share/ros2_si_interface/environment/path.dsv
[2.296s] -- Up-to-date: /home/juergen/1_dev/projects/Sketchable-Interaction/SI/src/sirose/msg/ros2_si_interface/install/ros2_si_interface/share/ros2_si_interface/local_setup.bash
[2.297s] -- Up-to-date: /home/juergen/1_dev/projects/Sketchable-Interaction/SI/src/sirose/msg/ros2_si_interface/install/ros2_si_interface/share/ros2_si_interface/local_setup.sh
[2.297s] -- Up-to-date: /home/juergen/1_dev/projects/Sketchable-Interaction/SI/src/sirose/msg/ros2_si_interface/install/ros2_si_interface/share/ros2_si_interface/local_setup.zsh
[2.297s] -- Up-to-date: /home/juergen/1_dev/projects/Sketchable-Interaction/SI/src/sirose/msg/ros2_si_interface/install/ros2_si_interface/share/ros2_si_interface/local_setup.dsv
[2.297s] -- Installing: /home/juergen/1_dev/projects/Sketchable-Interaction/SI/src/sirose/msg/ros2_si_interface/install/ros2_si_interface/share/ros2_si_interface/package.dsv
[2.298s] -- Up-to-date: /home/juergen/1_dev/projects/Sketchable-Interaction/SI/src/sirose/msg/ros2_si_interface/install/ros2_si_interface/share/ament_index/resource_index/packages/ros2_si_interface
[2.299s] -- Up-to-date: /home/juergen/1_dev/projects/Sketchable-Interaction/SI/src/sirose/msg/ros2_si_interface/install/ros2_si_interface/share/ros2_si_interface/cmake/ros2_si_interface__rosidl_generator_cExport.cmake
[2.299s] -- Up-to-date: /home/juergen/1_dev/projects/Sketchable-Interaction/SI/src/sirose/msg/ros2_si_interface/install/ros2_si_interface/share/ros2_si_interface/cmake/ros2_si_interface__rosidl_generator_cExport-noconfig.cmake
[2.312s] -- Up-to-date: /home/juergen/1_dev/projects/Sketchable-Interaction/SI/src/sirose/msg/ros2_si_interface/install/ros2_si_interface/share/ros2_si_interface/cmake/ros2_si_interface__rosidl_typesupport_introspection_cExport.cmake
[2.314s] -- Up-to-date: /home/juergen/1_dev/projects/Sketchable-Interaction/SI/src/sirose/msg/ros2_si_interface/install/ros2_si_interface/share/ros2_si_interface/cmake/ros2_si_interface__rosidl_typesupport_introspection_cExport-noconfig.cmake
[2.315s] -- Up-to-date: /home/juergen/1_dev/projects/Sketchable-Interaction/SI/src/sirose/msg/ros2_si_interface/install/ros2_si_interface/share/ros2_si_interface/cmake/ros2_si_interface__rosidl_typesupport_cExport.cmake
[2.315s] -- Up-to-date: /home/juergen/1_dev/projects/Sketchable-Interaction/SI/src/sirose/msg/ros2_si_interface/install/ros2_si_interface/share/ros2_si_interface/cmake/ros2_si_interface__rosidl_typesupport_cExport-noconfig.cmake
[2.319s] -- Up-to-date: /home/juergen/1_dev/projects/Sketchable-Interaction/SI/src/sirose/msg/ros2_si_interface/install/ros2_si_interface/share/ros2_si_interface/cmake/ros2_si_interface__rosidl_generator_cppExport.cmake
[2.320s] -- Up-to-date: /home/juergen/1_dev/projects/Sketchable-Interaction/SI/src/sirose/msg/ros2_si_interface/install/ros2_si_interface/share/ros2_si_interface/cmake/ros2_si_interface__rosidl_typesupport_introspection_cppExport.cmake
[2.320s] -- Up-to-date: /home/juergen/1_dev/projects/Sketchable-Interaction/SI/src/sirose/msg/ros2_si_interface/install/ros2_si_interface/share/ros2_si_interface/cmake/ros2_si_interface__rosidl_typesupport_introspection_cppExport-noconfig.cmake
[2.321s] -- Up-to-date: /home/juergen/1_dev/projects/Sketchable-Interaction/SI/src/sirose/msg/ros2_si_interface/install/ros2_si_interface/share/ros2_si_interface/cmake/ros2_si_interface__rosidl_typesupport_cppExport.cmake
[2.321s] -- Up-to-date: /home/juergen/1_dev/projects/Sketchable-Interaction/SI/src/sirose/msg/ros2_si_interface/install/ros2_si_interface/share/ros2_si_interface/cmake/ros2_si_interface__rosidl_typesupport_cppExport-noconfig.cmake
[2.321s] -- Up-to-date: /home/juergen/1_dev/projects/Sketchable-Interaction/SI/src/sirose/msg/ros2_si_interface/install/ros2_si_interface/share/ros2_si_interface/cmake/rosidl_cmake-extras.cmake
[2.322s] -- Up-to-date: /home/juergen/1_dev/projects/Sketchable-Interaction/SI/src/sirose/msg/ros2_si_interface/install/ros2_si_interface/share/ros2_si_interface/cmake/ament_cmake_export_dependencies-extras.cmake
[2.322s] -- Up-to-date: /home/juergen/1_dev/projects/Sketchable-Interaction/SI/src/sirose/msg/ros2_si_interface/install/ros2_si_interface/share/ros2_si_interface/cmake/ament_cmake_export_libraries-extras.cmake
[2.322s] -- Up-to-date: /home/juergen/1_dev/projects/Sketchable-Interaction/SI/src/sirose/msg/ros2_si_interface/install/ros2_si_interface/share/ros2_si_interface/cmake/ament_cmake_export_targets-extras.cmake
[2.322s] -- Up-to-date: /home/juergen/1_dev/projects/Sketchable-Interaction/SI/src/sirose/msg/ros2_si_interface/install/ros2_si_interface/share/ros2_si_interface/cmake/ament_cmake_export_include_directories-extras.cmake
[2.328s] -- Up-to-date: /home/juergen/1_dev/projects/Sketchable-Interaction/SI/src/sirose/msg/ros2_si_interface/install/ros2_si_interface/share/ros2_si_interface/cmake/rosidl_cmake_export_typesupport_targets-extras.cmake
[2.328s] -- Up-to-date: /home/juergen/1_dev/projects/Sketchable-Interaction/SI/src/sirose/msg/ros2_si_interface/install/ros2_si_interface/share/ros2_si_interface/cmake/rosidl_cmake_export_typesupport_libraries-extras.cmake
[2.329s] -- Up-to-date: /home/juergen/1_dev/projects/Sketchable-Interaction/SI/src/sirose/msg/ros2_si_interface/install/ros2_si_interface/share/ros2_si_interface/cmake/ros2_si_interfaceConfig.cmake
[2.329s] -- Up-to-date: /home/juergen/1_dev/projects/Sketchable-Interaction/SI/src/sirose/msg/ros2_si_interface/install/ros2_si_interface/share/ros2_si_interface/cmake/ros2_si_interfaceConfig-version.cmake
[2.329s] -- Up-to-date: /home/juergen/1_dev/projects/Sketchable-Interaction/SI/src/sirose/msg/ros2_si_interface/install/ros2_si_interface/share/ros2_si_interface/package.xml
[2.339s] Invoked command in '/home/juergen/1_dev/projects/Sketchable-Interaction/SI/src/sirose/msg/ros2_si_interface/build/ros2_si_interface' returned '0': CMAKE_PREFIX_PATH=${CMAKE_PREFIX_PATH}:/home/juergen/ros2_galactic/install/rqt_bag_plugins:/home/juergen/ros2_galactic/install/rqt_bag:/home/juergen/ros2_galactic/install/ros2bag:/home/juergen/ros2_galactic/install/tracetools_launch:/home/juergen/ros2_galactic/install/topic_monitor:/home/juergen/ros2_galactic/install/tf2_tools:/home/juergen/ros2_galactic/install/examples_tf2_py:/home/juergen/ros2_galactic/install/tf2_ros_py:/home/juergen/ros2_galactic/install/sros2:/home/juergen/ros2_galactic/install/rqt_topic:/home/juergen/ros2_galactic/install/rqt_top:/home/juergen/ros2_galactic/install/rqt_srv:/home/juergen/ros2_galactic/install/rqt_shell:/home/juergen/ros2_galactic/install/rqt_service_caller:/home/juergen/ros2_galactic/install/rqt_reconfigure:/home/juergen/ros2_galactic/install/rqt_py_console:/home/juergen/ros2_galactic/install/rqt_publisher:/home/juergen/ros2_galactic/install/rqt_plot:/home/juergen/ros2_galactic/install/rqt_action:/home/juergen/ros2_galactic/install/rqt_msg:/home/juergen/ros2_galactic/install/rqt_console:/home/juergen/ros2_galactic/install/rqt:/home/juergen/ros2_galactic/install/rqt_graph:/home/juergen/ros2_galactic/install/rqt_gui_py:/home/juergen/ros2_galactic/install/rqt_gui:/home/juergen/ros2_galactic/install/ros2trace:/home/juergen/ros2_galactic/install/ros2topic:/home/juergen/ros2_galactic/install/ros2test:/home/juergen/ros2_galactic/install/ros2component:/home/juergen/ros2_galactic/install/ros2param:/home/juergen/ros2_galactic/install/ros2lifecycle:/home/juergen/ros2_galactic/install/ros2service:/home/juergen/ros2_galactic/install/ros2run:/home/juergen/ros2_galactic/install/ros2launch:/home/juergen/ros2_galactic/install/ros2pkg:/home/juergen/ros2_galactic/install/ros2node:/home/juergen/ros2_galactic/install/ros2multicast:/home/juergen/ros2_galactic/install/ros2interface:/home/juergen/ros2_galactic/install/ros2doctor:/home/juergen/ros2_galactic/install/ros2action:/home/juergen/ros2_galactic/install/ros2cli:/home/juergen/ros2_galactic/install/quality_of_service_demo_py:/home/juergen/ros2_galactic/install/launch_testing_ros:/home/juergen/ros2_galactic/install/launch_ros:/home/juergen/ros2_galactic/install/examples_rclpy_pointcloud_publisher:/home/juergen/ros2_galactic/install/examples_rclpy_minimal_subscriber:/home/juergen/ros2_galactic/install/examples_rclpy_minimal_service:/home/juergen/ros2_galactic/install/examples_rclpy_minimal_publisher:/home/juergen/ros2_galactic/install/examples_rclpy_minimal_client:/home/juergen/ros2_galactic/install/examples_rclpy_minimal_action_server:/home/juergen/ros2_galactic/install/examples_rclpy_minimal_action_client:/home/juergen/ros2_galactic/install/examples_rclpy_guard_conditions:/home/juergen/ros2_galactic/install/examples_rclpy_executors:/home/juergen/ros2_galactic/install/demo_nodes_py:/home/juergen/ros2_galactic/install/action_tutorials_py:/home/juergen/ros2_galactic/install/ament_uncrustify:/home/juergen/ros2_galactic/install/tracetools_trace:/home/juergen/ros2_galactic/install/tracetools_read:/home/juergen/ros2_galactic/install/test_launch_ros:/home/juergen/ros2_galactic/install/sensor_msgs_py:/home/juergen/ros2_galactic/install/rpyutils:/home/juergen/ros2_galactic/install/rosidl_runtime_py:/home/juergen/ros2_galactic/install/rosidl_cli:/home/juergen/ros2_galactic/install/launch_yaml:/home/juergen/ros2_galactic/install/launch_xml:/home/juergen/ros2_galactic/install/launch_testing:/home/juergen/ros2_galactic/install/launch:/home/juergen/ros2_galactic/install/osrf_pycommon:/home/juergen/ros2_galactic/install/domain_coordinator:/home/juergen/ros2_galactic/install/ament_xmllint:/home/juergen/ros2_galactic/install/ament_pyflakes:/home/juergen/ros2_galactic/install/ament_pycodestyle:/home/juergen/ros2_galactic/install/ament_pep257:/home/juergen/ros2_galactic/install/ament_pclint:/home/juergen/ros2_galactic/install/ament_package:/home/juergen/ros2_galactic/install/ament_mypy:/home/juergen/ros2_galactic/install/ament_lint_cmake:/home/juergen/ros2_galactic/install/ament_flake8:/home/juergen/ros2_galactic/install/ament_copyright:/home/juergen/ros2_galactic/install/ament_lint:/home/juergen/ros2_galactic/install/ament_index_python:/home/juergen/ros2_galactic/install/ament_cpplint:/home/juergen/ros2_galactic/install/ament_cppcheck:/home/juergen/ros2_galactic/install/ament_clang_tidy:/home/juergen/ros2_galactic/install/ament_clang_format /usr/local/bin/cmake --install /home/juergen/1_dev/projects/Sketchable-Interaction/SI/src/sirose/msg/ros2_si_interface/build/ros2_si_interface
