[0.131s] Invoking command in '/home/juergen/1_dev/projects/Sketchable-Interaction/SI/src/sirose/msg/ros2_si_interface/build/ros2_si_interface': CMAKE_PREFIX_PATH=${CMAKE_PREFIX_PATH}:/home/juergen/ros2_galactic/install/rqt_bag_plugins:/home/juergen/ros2_galactic/install/rqt_bag:/home/juergen/ros2_galactic/install/ros2bag:/home/juergen/ros2_galactic/install/tracetools_launch:/home/juergen/ros2_galactic/install/topic_monitor:/home/juergen/ros2_galactic/install/tf2_tools:/home/juergen/ros2_galactic/install/examples_tf2_py:/home/juergen/ros2_galactic/install/tf2_ros_py:/home/juergen/ros2_galactic/install/sros2:/home/juergen/ros2_galactic/install/rqt_topic:/home/juergen/ros2_galactic/install/rqt_top:/home/juergen/ros2_galactic/install/rqt_srv:/home/juergen/ros2_galactic/install/rqt_shell:/home/juergen/ros2_galactic/install/rqt_service_caller:/home/juergen/ros2_galactic/install/rqt_reconfigure:/home/juergen/ros2_galactic/install/rqt_py_console:/home/juergen/ros2_galactic/install/rqt_publisher:/home/juergen/ros2_galactic/install/rqt_plot:/home/juergen/ros2_galactic/install/rqt_action:/home/juergen/ros2_galactic/install/rqt_msg:/home/juergen/ros2_galactic/install/rqt_console:/home/juergen/ros2_galactic/install/rqt:/home/juergen/ros2_galactic/install/rqt_graph:/home/juergen/ros2_galactic/install/rqt_gui_py:/home/juergen/ros2_galactic/install/rqt_gui:/home/juergen/ros2_galactic/install/ros2trace:/home/juergen/ros2_galactic/install/ros2topic:/home/juergen/ros2_galactic/install/ros2test:/home/juergen/ros2_galactic/install/ros2component:/home/juergen/ros2_galactic/install/ros2param:/home/juergen/ros2_galactic/install/ros2lifecycle:/home/juergen/ros2_galactic/install/ros2service:/home/juergen/ros2_galactic/install/ros2run:/home/juergen/ros2_galactic/install/ros2launch:/home/juergen/ros2_galactic/install/ros2pkg:/home/juergen/ros2_galactic/install/ros2node:/home/juergen/ros2_galactic/install/ros2multicast:/home/juergen/ros2_galactic/install/ros2interface:/home/juergen/ros2_galactic/install/ros2doctor:/home/juergen/ros2_galactic/install/ros2action:/home/juergen/ros2_galactic/install/ros2cli:/home/juergen/ros2_galactic/install/quality_of_service_demo_py:/home/juergen/ros2_galactic/install/launch_testing_ros:/home/juergen/ros2_galactic/install/launch_ros:/home/juergen/ros2_galactic/install/examples_rclpy_pointcloud_publisher:/home/juergen/ros2_galactic/install/examples_rclpy_minimal_subscriber:/home/juergen/ros2_galactic/install/examples_rclpy_minimal_service:/home/juergen/ros2_galactic/install/examples_rclpy_minimal_publisher:/home/juergen/ros2_galactic/install/examples_rclpy_minimal_client:/home/juergen/ros2_galactic/install/examples_rclpy_minimal_action_server:/home/juergen/ros2_galactic/install/examples_rclpy_minimal_action_client:/home/juergen/ros2_galactic/install/examples_rclpy_guard_conditions:/home/juergen/ros2_galactic/install/examples_rclpy_executors:/home/juergen/ros2_galactic/install/demo_nodes_py:/home/juergen/ros2_galactic/install/action_tutorials_py:/home/juergen/ros2_galactic/install/ament_uncrustify:/home/juergen/ros2_galactic/install/tracetools_trace:/home/juergen/ros2_galactic/install/tracetools_read:/home/juergen/ros2_galactic/install/test_launch_ros:/home/juergen/ros2_galactic/install/sensor_msgs_py:/home/juergen/ros2_galactic/install/rpyutils:/home/juergen/ros2_galactic/install/rosidl_runtime_py:/home/juergen/ros2_galactic/install/rosidl_cli:/home/juergen/ros2_galactic/install/launch_yaml:/home/juergen/ros2_galactic/install/launch_xml:/home/juergen/ros2_galactic/install/launch_testing:/home/juergen/ros2_galactic/install/launch:/home/juergen/ros2_galactic/install/osrf_pycommon:/home/juergen/ros2_galactic/install/domain_coordinator:/home/juergen/ros2_galactic/install/ament_xmllint:/home/juergen/ros2_galactic/install/ament_pyflakes:/home/juergen/ros2_galactic/install/ament_pycodestyle:/home/juergen/ros2_galactic/install/ament_pep257:/home/juergen/ros2_galactic/install/ament_pclint:/home/juergen/ros2_galactic/install/ament_package:/home/juergen/ros2_galactic/install/ament_mypy:/home/juergen/ros2_galactic/install/ament_lint_cmake:/home/juergen/ros2_galactic/install/ament_flake8:/home/juergen/ros2_galactic/install/ament_copyright:/home/juergen/ros2_galactic/install/ament_lint:/home/juergen/ros2_galactic/install/ament_index_python:/home/juergen/ros2_galactic/install/ament_cpplint:/home/juergen/ros2_galactic/install/ament_cppcheck:/home/juergen/ros2_galactic/install/ament_clang_tidy:/home/juergen/ros2_galactic/install/ament_clang_format /usr/local/bin/cmake --build /home/juergen/1_dev/projects/Sketchable-Interaction/SI/src/sirose/msg/ros2_si_interface/build/ros2_si_interface -- -j4 -l4
[0.184s] gmake[1]: Entering directory '/home/juergen/1_dev/projects/Sketchable-Interaction/SI/src/sirose/msg/ros2_si_interface/build/ros2_si_interface'
[0.365s] gmake[2]: Entering directory '/home/juergen/1_dev/projects/Sketchable-Interaction/SI/src/sirose/msg/ros2_si_interface/build/ros2_si_interface'
[0.371s] gmake[3]: Entering directory '/home/juergen/1_dev/projects/Sketchable-Interaction/SI/src/sirose/msg/ros2_si_interface/build/ros2_si_interface'
[0.395s] gmake[3]: Leaving directory '/home/juergen/1_dev/projects/Sketchable-Interaction/SI/src/sirose/msg/ros2_si_interface/build/ros2_si_interface'
[0.443s] [  3%] Built target ros2_si_interface__cpp
[0.477s] gmake[3]: Entering directory '/home/juergen/1_dev/projects/Sketchable-Interaction/SI/src/sirose/msg/ros2_si_interface/build/ros2_si_interface'
[0.517s] gmake[3]: Leaving directory '/home/juergen/1_dev/projects/Sketchable-Interaction/SI/src/sirose/msg/ros2_si_interface/build/ros2_si_interface'
[0.564s] [ 12%] Built target ros2_si_interface__rosidl_generator_c
[0.580s] gmake[3]: Entering directory '/home/juergen/1_dev/projects/Sketchable-Interaction/SI/src/sirose/msg/ros2_si_interface/build/ros2_si_interface'
[0.608s] gmake[3]: Leaving directory '/home/juergen/1_dev/projects/Sketchable-Interaction/SI/src/sirose/msg/ros2_si_interface/build/ros2_si_interface'
[0.629s] [ 22%] Built target ros2_si_interface__rosidl_typesupport_introspection_cpp
[0.638s] gmake[3]: Entering directory '/home/juergen/1_dev/projects/Sketchable-Interaction/SI/src/sirose/msg/ros2_si_interface/build/ros2_si_interface'
[0.664s] gmake[3]: Leaving directory '/home/juergen/1_dev/projects/Sketchable-Interaction/SI/src/sirose/msg/ros2_si_interface/build/ros2_si_interface'
[0.686s] [ 32%] Built target ros2_si_interface__rosidl_typesupport_c
[0.699s] gmake[3]: Entering directory '/home/juergen/1_dev/projects/Sketchable-Interaction/SI/src/sirose/msg/ros2_si_interface/build/ros2_si_interface'
[0.727s] gmake[3]: Leaving directory '/home/juergen/1_dev/projects/Sketchable-Interaction/SI/src/sirose/msg/ros2_si_interface/build/ros2_si_interface'
[0.747s] [ 41%] Built target ros2_si_interface__rosidl_typesupport_introspection_c
[0.758s] gmake[3]: Entering directory '/home/juergen/1_dev/projects/Sketchable-Interaction/SI/src/sirose/msg/ros2_si_interface/build/ros2_si_interface'
[0.777s] gmake[3]: Leaving directory '/home/juergen/1_dev/projects/Sketchable-Interaction/SI/src/sirose/msg/ros2_si_interface/build/ros2_si_interface'
[0.805s] [ 51%] Built target ros2_si_interface__rosidl_typesupport_fastrtps_cpp
[0.814s] gmake[3]: Entering directory '/home/juergen/1_dev/projects/Sketchable-Interaction/SI/src/sirose/msg/ros2_si_interface/build/ros2_si_interface'
[0.831s] gmake[3]: Leaving directory '/home/juergen/1_dev/projects/Sketchable-Interaction/SI/src/sirose/msg/ros2_si_interface/build/ros2_si_interface'
[0.852s] [ 61%] Built target ros2_si_interface__rosidl_typesupport_cpp
[0.862s] gmake[3]: Entering directory '/home/juergen/1_dev/projects/Sketchable-Interaction/SI/src/sirose/msg/ros2_si_interface/build/ros2_si_interface'
[0.880s] gmake[3]: Leaving directory '/home/juergen/1_dev/projects/Sketchable-Interaction/SI/src/sirose/msg/ros2_si_interface/build/ros2_si_interface'
[0.908s] [ 70%] Built target ros2_si_interface__rosidl_typesupport_fastrtps_c
[0.912s] gmake[3]: Entering directory '/home/juergen/1_dev/projects/Sketchable-Interaction/SI/src/sirose/msg/ros2_si_interface/build/ros2_si_interface'
[0.942s] gmake[3]: Leaving directory '/home/juergen/1_dev/projects/Sketchable-Interaction/SI/src/sirose/msg/ros2_si_interface/build/ros2_si_interface'
[0.961s] [ 70%] Built target ros2_si_interface
[0.968s] gmake[3]: Entering directory '/home/juergen/1_dev/projects/Sketchable-Interaction/SI/src/sirose/msg/ros2_si_interface/build/ros2_si_interface'
[0.985s] gmake[3]: Leaving directory '/home/juergen/1_dev/projects/Sketchable-Interaction/SI/src/sirose/msg/ros2_si_interface/build/ros2_si_interface'
[1.011s] [ 74%] Built target ros2_si_interface__py
[1.021s] gmake[3]: Entering directory '/home/juergen/1_dev/projects/Sketchable-Interaction/SI/src/sirose/msg/ros2_si_interface/build/ros2_si_interface'
[1.042s] gmake[3]: Leaving directory '/home/juergen/1_dev/projects/Sketchable-Interaction/SI/src/sirose/msg/ros2_si_interface/build/ros2_si_interface'
[1.074s] [ 80%] Built target ros2_si_interface__python
[1.083s] gmake[3]: Entering directory '/home/juergen/1_dev/projects/Sketchable-Interaction/SI/src/sirose/msg/ros2_si_interface/build/ros2_si_interface'
[1.100s] gmake[3]: Leaving directory '/home/juergen/1_dev/projects/Sketchable-Interaction/SI/src/sirose/msg/ros2_si_interface/build/ros2_si_interface'
[1.127s] [ 87%] Built target ros2_si_interface__rosidl_typesupport_c__pyext
[1.135s] gmake[3]: Entering directory '/home/juergen/1_dev/projects/Sketchable-Interaction/SI/src/sirose/msg/ros2_si_interface/build/ros2_si_interface'
[1.153s] gmake[3]: Leaving directory '/home/juergen/1_dev/projects/Sketchable-Interaction/SI/src/sirose/msg/ros2_si_interface/build/ros2_si_interface'
[1.185s] [ 93%] Built target ros2_si_interface__rosidl_typesupport_introspection_c__pyext
[1.193s] gmake[3]: Entering directory '/home/juergen/1_dev/projects/Sketchable-Interaction/SI/src/sirose/msg/ros2_si_interface/build/ros2_si_interface'
[1.208s] gmake[3]: Leaving directory '/home/juergen/1_dev/projects/Sketchable-Interaction/SI/src/sirose/msg/ros2_si_interface/build/ros2_si_interface'
[1.241s] [100%] Built target ros2_si_interface__rosidl_typesupport_fastrtps_c__pyext
[1.242s] gmake[2]: Leaving directory '/home/juergen/1_dev/projects/Sketchable-Interaction/SI/src/sirose/msg/ros2_si_interface/build/ros2_si_interface'
[1.256s] gmake[1]: Leaving directory '/home/juergen/1_dev/projects/Sketchable-Interaction/SI/src/sirose/msg/ros2_si_interface/build/ros2_si_interface'
[1.263s] Invoked command in '/home/juergen/1_dev/projects/Sketchable-Interaction/SI/src/sirose/msg/ros2_si_interface/build/ros2_si_interface' returned '0': CMAKE_PREFIX_PATH=${CMAKE_PREFIX_PATH}:/home/juergen/ros2_galactic/install/rqt_bag_plugins:/home/juergen/ros2_galactic/install/rqt_bag:/home/juergen/ros2_galactic/install/ros2bag:/home/juergen/ros2_galactic/install/tracetools_launch:/home/juergen/ros2_galactic/install/topic_monitor:/home/juergen/ros2_galactic/install/tf2_tools:/home/juergen/ros2_galactic/install/examples_tf2_py:/home/juergen/ros2_galactic/install/tf2_ros_py:/home/juergen/ros2_galactic/install/sros2:/home/juergen/ros2_galactic/install/rqt_topic:/home/juergen/ros2_galactic/install/rqt_top:/home/juergen/ros2_galactic/install/rqt_srv:/home/juergen/ros2_galactic/install/rqt_shell:/home/juergen/ros2_galactic/install/rqt_service_caller:/home/juergen/ros2_galactic/install/rqt_reconfigure:/home/juergen/ros2_galactic/install/rqt_py_console:/home/juergen/ros2_galactic/install/rqt_publisher:/home/juergen/ros2_galactic/install/rqt_plot:/home/juergen/ros2_galactic/install/rqt_action:/home/juergen/ros2_galactic/install/rqt_msg:/home/juergen/ros2_galactic/install/rqt_console:/home/juergen/ros2_galactic/install/rqt:/home/juergen/ros2_galactic/install/rqt_graph:/home/juergen/ros2_galactic/install/rqt_gui_py:/home/juergen/ros2_galactic/install/rqt_gui:/home/juergen/ros2_galactic/install/ros2trace:/home/juergen/ros2_galactic/install/ros2topic:/home/juergen/ros2_galactic/install/ros2test:/home/juergen/ros2_galactic/install/ros2component:/home/juergen/ros2_galactic/install/ros2param:/home/juergen/ros2_galactic/install/ros2lifecycle:/home/juergen/ros2_galactic/install/ros2service:/home/juergen/ros2_galactic/install/ros2run:/home/juergen/ros2_galactic/install/ros2launch:/home/juergen/ros2_galactic/install/ros2pkg:/home/juergen/ros2_galactic/install/ros2node:/home/juergen/ros2_galactic/install/ros2multicast:/home/juergen/ros2_galactic/install/ros2interface:/home/juergen/ros2_galactic/install/ros2doctor:/home/juergen/ros2_galactic/install/ros2action:/home/juergen/ros2_galactic/install/ros2cli:/home/juergen/ros2_galactic/install/quality_of_service_demo_py:/home/juergen/ros2_galactic/install/launch_testing_ros:/home/juergen/ros2_galactic/install/launch_ros:/home/juergen/ros2_galactic/install/examples_rclpy_pointcloud_publisher:/home/juergen/ros2_galactic/install/examples_rclpy_minimal_subscriber:/home/juergen/ros2_galactic/install/examples_rclpy_minimal_service:/home/juergen/ros2_galactic/install/examples_rclpy_minimal_publisher:/home/juergen/ros2_galactic/install/examples_rclpy_minimal_client:/home/juergen/ros2_galactic/install/examples_rclpy_minimal_action_server:/home/juergen/ros2_galactic/install/examples_rclpy_minimal_action_client:/home/juergen/ros2_galactic/install/examples_rclpy_guard_conditions:/home/juergen/ros2_galactic/install/examples_rclpy_executors:/home/juergen/ros2_galactic/install/demo_nodes_py:/home/juergen/ros2_galactic/install/action_tutorials_py:/home/juergen/ros2_galactic/install/ament_uncrustify:/home/juergen/ros2_galactic/install/tracetools_trace:/home/juergen/ros2_galactic/install/tracetools_read:/home/juergen/ros2_galactic/install/test_launch_ros:/home/juergen/ros2_galactic/install/sensor_msgs_py:/home/juergen/ros2_galactic/install/rpyutils:/home/juergen/ros2_galactic/install/rosidl_runtime_py:/home/juergen/ros2_galactic/install/rosidl_cli:/home/juergen/ros2_galactic/install/launch_yaml:/home/juergen/ros2_galactic/install/launch_xml:/home/juergen/ros2_galactic/install/launch_testing:/home/juergen/ros2_galactic/install/launch:/home/juergen/ros2_galactic/install/osrf_pycommon:/home/juergen/ros2_galactic/install/domain_coordinator:/home/juergen/ros2_galactic/install/ament_xmllint:/home/juergen/ros2_galactic/install/ament_pyflakes:/home/juergen/ros2_galactic/install/ament_pycodestyle:/home/juergen/ros2_galactic/install/ament_pep257:/home/juergen/ros2_galactic/install/ament_pclint:/home/juergen/ros2_galactic/install/ament_package:/home/juergen/ros2_galactic/install/ament_mypy:/home/juergen/ros2_galactic/install/ament_lint_cmake:/home/juergen/ros2_galactic/install/ament_flake8:/home/juergen/ros2_galactic/install/ament_copyright:/home/juergen/ros2_galactic/install/ament_lint:/home/juergen/ros2_galactic/install/ament_index_python:/home/juergen/ros2_galactic/install/ament_cpplint:/home/juergen/ros2_galactic/install/ament_cppcheck:/home/juergen/ros2_galactic/install/ament_clang_tidy:/home/juergen/ros2_galactic/install/ament_clang_format /usr/local/bin/cmake --build /home/juergen/1_dev/projects/Sketchable-Interaction/SI/src/sirose/msg/ros2_si_interface/build/ros2_si_interface -- -j4 -l4
[1.575s] Invoking command in '/home/juergen/1_dev/projects/Sketchable-Interaction/SI/src/sirose/msg/ros2_si_interface/build/ros2_si_interface': CMAKE_PREFIX_PATH=${CMAKE_PREFIX_PATH}:/home/juergen/ros2_galactic/install/rqt_bag_plugins:/home/juergen/ros2_galactic/install/rqt_bag:/home/juergen/ros2_galactic/install/ros2bag:/home/juergen/ros2_galactic/install/tracetools_launch:/home/juergen/ros2_galactic/install/topic_monitor:/home/juergen/ros2_galactic/install/tf2_tools:/home/juergen/ros2_galactic/install/examples_tf2_py:/home/juergen/ros2_galactic/install/tf2_ros_py:/home/juergen/ros2_galactic/install/sros2:/home/juergen/ros2_galactic/install/rqt_topic:/home/juergen/ros2_galactic/install/rqt_top:/home/juergen/ros2_galactic/install/rqt_srv:/home/juergen/ros2_galactic/install/rqt_shell:/home/juergen/ros2_galactic/install/rqt_service_caller:/home/juergen/ros2_galactic/install/rqt_reconfigure:/home/juergen/ros2_galactic/install/rqt_py_console:/home/juergen/ros2_galactic/install/rqt_publisher:/home/juergen/ros2_galactic/install/rqt_plot:/home/juergen/ros2_galactic/install/rqt_action:/home/juergen/ros2_galactic/install/rqt_msg:/home/juergen/ros2_galactic/install/rqt_console:/home/juergen/ros2_galactic/install/rqt:/home/juergen/ros2_galactic/install/rqt_graph:/home/juergen/ros2_galactic/install/rqt_gui_py:/home/juergen/ros2_galactic/install/rqt_gui:/home/juergen/ros2_galactic/install/ros2trace:/home/juergen/ros2_galactic/install/ros2topic:/home/juergen/ros2_galactic/install/ros2test:/home/juergen/ros2_galactic/install/ros2component:/home/juergen/ros2_galactic/install/ros2param:/home/juergen/ros2_galactic/install/ros2lifecycle:/home/juergen/ros2_galactic/install/ros2service:/home/juergen/ros2_galactic/install/ros2run:/home/juergen/ros2_galactic/install/ros2launch:/home/juergen/ros2_galactic/install/ros2pkg:/home/juergen/ros2_galactic/install/ros2node:/home/juergen/ros2_galactic/install/ros2multicast:/home/juergen/ros2_galactic/install/ros2interface:/home/juergen/ros2_galactic/install/ros2doctor:/home/juergen/ros2_galactic/install/ros2action:/home/juergen/ros2_galactic/install/ros2cli:/home/juergen/ros2_galactic/install/quality_of_service_demo_py:/home/juergen/ros2_galactic/install/launch_testing_ros:/home/juergen/ros2_galactic/install/launch_ros:/home/juergen/ros2_galactic/install/examples_rclpy_pointcloud_publisher:/home/juergen/ros2_galactic/install/examples_rclpy_minimal_subscriber:/home/juergen/ros2_galactic/install/examples_rclpy_minimal_service:/home/juergen/ros2_galactic/install/examples_rclpy_minimal_publisher:/home/juergen/ros2_galactic/install/examples_rclpy_minimal_client:/home/juergen/ros2_galactic/install/examples_rclpy_minimal_action_server:/home/juergen/ros2_galactic/install/examples_rclpy_minimal_action_client:/home/juergen/ros2_galactic/install/examples_rclpy_guard_conditions:/home/juergen/ros2_galactic/install/examples_rclpy_executors:/home/juergen/ros2_galactic/install/demo_nodes_py:/home/juergen/ros2_galactic/install/action_tutorials_py:/home/juergen/ros2_galactic/install/ament_uncrustify:/home/juergen/ros2_galactic/install/tracetools_trace:/home/juergen/ros2_galactic/install/tracetools_read:/home/juergen/ros2_galactic/install/test_launch_ros:/home/juergen/ros2_galactic/install/sensor_msgs_py:/home/juergen/ros2_galactic/install/rpyutils:/home/juergen/ros2_galactic/install/rosidl_runtime_py:/home/juergen/ros2_galactic/install/rosidl_cli:/home/juergen/ros2_galactic/install/launch_yaml:/home/juergen/ros2_galactic/install/launch_xml:/home/juergen/ros2_galactic/install/launch_testing:/home/juergen/ros2_galactic/install/launch:/home/juergen/ros2_galactic/install/osrf_pycommon:/home/juergen/ros2_galactic/install/domain_coordinator:/home/juergen/ros2_galactic/install/ament_xmllint:/home/juergen/ros2_galactic/install/ament_pyflakes:/home/juergen/ros2_galactic/install/ament_pycodestyle:/home/juergen/ros2_galactic/install/ament_pep257:/home/juergen/ros2_galactic/install/ament_pclint:/home/juergen/ros2_galactic/install/ament_package:/home/juergen/ros2_galactic/install/ament_mypy:/home/juergen/ros2_galactic/install/ament_lint_cmake:/home/juergen/ros2_galactic/install/ament_flake8:/home/juergen/ros2_galactic/install/ament_copyright:/home/juergen/ros2_galactic/install/ament_lint:/home/juergen/ros2_galactic/install/ament_index_python:/home/juergen/ros2_galactic/install/ament_cpplint:/home/juergen/ros2_galactic/install/ament_cppcheck:/home/juergen/ros2_galactic/install/ament_clang_tidy:/home/juergen/ros2_galactic/install/ament_clang_format /usr/local/bin/cmake --install /home/juergen/1_dev/projects/Sketchable-Interaction/SI/src/sirose/msg/ros2_si_interface/build/ros2_si_interface
[1.598s] -- Install configuration: ""
[1.598s] -- Up-to-date: /home/juergen/1_dev/projects/Sketchable-Interaction/SI/src/sirose/msg/ros2_si_interface/install/ros2_si_interface/share/ament_index/resource_index/rosidl_interfaces/ros2_si_interface
[1.599s] -- Up-to-date: /home/juergen/1_dev/projects/Sketchable-Interaction/SI/src/sirose/msg/ros2_si_interface/install/ros2_si_interface/include/ros2_si_interface
[1.599s] -- Up-to-date: /home/juergen/1_dev/projects/Sketchable-Interaction/SI/src/sirose/msg/ros2_si_interface/install/ros2_si_interface/include/ros2_si_interface/msg
[1.599s] -- Up-to-date: /home/juergen/1_dev/projects/Sketchable-Interaction/SI/src/sirose/msg/ros2_si_interface/install/ros2_si_interface/include/ros2_si_interface/msg/detail
[1.600s] -- Up-to-date: /home/juergen/1_dev/projects/Sketchable-Interaction/SI/src/sirose/msg/ros2_si_interface/install/ros2_si_interface/include/ros2_si_interface/msg/detail/vtksi_object__struct.h
[1.600s] -- Up-to-date: /home/juergen/1_dev/projects/Sketchable-Interaction/SI/src/sirose/msg/ros2_si_interface/install/ros2_si_interface/include/ros2_si_interface/msg/detail/vtksi_object__type_support.h
[1.600s] -- Up-to-date: /home/juergen/1_dev/projects/Sketchable-Interaction/SI/src/sirose/msg/ros2_si_interface/install/ros2_si_interface/include/ros2_si_interface/msg/detail/vtksi_object__functions.h
[1.600s] -- Up-to-date: /home/juergen/1_dev/projects/Sketchable-Interaction/SI/src/sirose/msg/ros2_si_interface/install/ros2_si_interface/include/ros2_si_interface/msg/detail/vtksi_object__functions.c
[1.600s] -- Up-to-date: /home/juergen/1_dev/projects/Sketchable-Interaction/SI/src/sirose/msg/ros2_si_interface/install/ros2_si_interface/include/ros2_si_interface/msg/rosidl_generator_c__visibility_control.h
[1.600s] -- Up-to-date: /home/juergen/1_dev/projects/Sketchable-Interaction/SI/src/sirose/msg/ros2_si_interface/install/ros2_si_interface/include/ros2_si_interface/msg/vtksi_object.h
[1.601s] -- Up-to-date: /home/juergen/1_dev/projects/Sketchable-Interaction/SI/src/sirose/msg/ros2_si_interface/install/ros2_si_interface/share/ros2_si_interface/environment/library_path.sh
[1.601s] -- Up-to-date: /home/juergen/1_dev/projects/Sketchable-Interaction/SI/src/sirose/msg/ros2_si_interface/install/ros2_si_interface/share/ros2_si_interface/environment/library_path.dsv
[1.601s] -- Up-to-date: /home/juergen/1_dev/projects/Sketchable-Interaction/SI/src/sirose/msg/ros2_si_interface/install/ros2_si_interface/lib/libros2_si_interface__rosidl_generator_c.so
[1.602s] -- Up-to-date: /home/juergen/1_dev/projects/Sketchable-Interaction/SI/src/sirose/msg/ros2_si_interface/install/ros2_si_interface/include/ros2_si_interface
[1.602s] -- Up-to-date: /home/juergen/1_dev/projects/Sketchable-Interaction/SI/src/sirose/msg/ros2_si_interface/install/ros2_si_interface/include/ros2_si_interface/msg
[1.602s] -- Up-to-date: /home/juergen/1_dev/projects/Sketchable-Interaction/SI/src/sirose/msg/ros2_si_interface/install/ros2_si_interface/include/ros2_si_interface/msg/detail
[1.602s] -- Up-to-date: /home/juergen/1_dev/projects/Sketchable-Interaction/SI/src/sirose/msg/ros2_si_interface/install/ros2_si_interface/include/ros2_si_interface/msg/detail/vtksi_object__type_support.c
[1.602s] -- Up-to-date: /home/juergen/1_dev/projects/Sketchable-Interaction/SI/src/sirose/msg/ros2_si_interface/install/ros2_si_interface/include/ros2_si_interface/msg/detail/vtksi_object__rosidl_typesupport_introspection_c.h
[1.603s] -- Up-to-date: /home/juergen/1_dev/projects/Sketchable-Interaction/SI/src/sirose/msg/ros2_si_interface/install/ros2_si_interface/include/ros2_si_interface/msg/rosidl_typesupport_introspection_c__visibility_control.h
[1.607s] -- Up-to-date: /home/juergen/1_dev/projects/Sketchable-Interaction/SI/src/sirose/msg/ros2_si_interface/install/ros2_si_interface/lib/libros2_si_interface__rosidl_typesupport_introspection_c.so
[1.609s] -- Up-to-date: /home/juergen/1_dev/projects/Sketchable-Interaction/SI/src/sirose/msg/ros2_si_interface/install/ros2_si_interface/include/ros2_si_interface
[1.609s] -- Up-to-date: /home/juergen/1_dev/projects/Sketchable-Interaction/SI/src/sirose/msg/ros2_si_interface/install/ros2_si_interface/include/ros2_si_interface/msg
[1.609s] -- Up-to-date: /home/juergen/1_dev/projects/Sketchable-Interaction/SI/src/sirose/msg/ros2_si_interface/install/ros2_si_interface/include/ros2_si_interface/msg/detail
[1.609s] -- Up-to-date: /home/juergen/1_dev/projects/Sketchable-Interaction/SI/src/sirose/msg/ros2_si_interface/install/ros2_si_interface/include/ros2_si_interface/msg/detail/vtksi_object__rosidl_typesupport_fastrtps_c.h
[1.609s] -- Up-to-date: /home/juergen/1_dev/projects/Sketchable-Interaction/SI/src/sirose/msg/ros2_si_interface/install/ros2_si_interface/include/ros2_si_interface/msg/rosidl_typesupport_fastrtps_c__visibility_control.h
[1.610s] -- Up-to-date: /home/juergen/1_dev/projects/Sketchable-Interaction/SI/src/sirose/msg/ros2_si_interface/install/ros2_si_interface/lib/libros2_si_interface__rosidl_typesupport_fastrtps_c.so
[1.611s] -- Up-to-date: /home/juergen/1_dev/projects/Sketchable-Interaction/SI/src/sirose/msg/ros2_si_interface/install/ros2_si_interface/include/ros2_si_interface
[1.611s] -- Up-to-date: /home/juergen/1_dev/projects/Sketchable-Interaction/SI/src/sirose/msg/ros2_si_interface/install/ros2_si_interface/include/ros2_si_interface/msg
[1.611s] -- Up-to-date: /home/juergen/1_dev/projects/Sketchable-Interaction/SI/src/sirose/msg/ros2_si_interface/install/ros2_si_interface/include/ros2_si_interface/msg/rosidl_typesupport_fastrtps_cpp__visibility_control.h
[1.612s] -- Up-to-date: /home/juergen/1_dev/projects/Sketchable-Interaction/SI/src/sirose/msg/ros2_si_interface/install/ros2_si_interface/include/ros2_si_interface/msg/detail
[1.612s] -- Up-to-date: /home/juergen/1_dev/projects/Sketchable-Interaction/SI/src/sirose/msg/ros2_si_interface/install/ros2_si_interface/include/ros2_si_interface/msg/detail/vtksi_object__rosidl_typesupport_fastrtps_cpp.hpp
[1.612s] -- Up-to-date: /home/juergen/1_dev/projects/Sketchable-Interaction/SI/src/sirose/msg/ros2_si_interface/install/ros2_si_interface/include/ros2_si_interface/msg/detail/dds_fastrtps
[1.613s] -- Up-to-date: /home/juergen/1_dev/projects/Sketchable-Interaction/SI/src/sirose/msg/ros2_si_interface/install/ros2_si_interface/lib/libros2_si_interface__rosidl_typesupport_fastrtps_cpp.so
[1.615s] -- Up-to-date: /home/juergen/1_dev/projects/Sketchable-Interaction/SI/src/sirose/msg/ros2_si_interface/install/ros2_si_interface/lib/libros2_si_interface__rosidl_typesupport_c.so
[1.616s] -- Up-to-date: /home/juergen/1_dev/projects/Sketchable-Interaction/SI/src/sirose/msg/ros2_si_interface/install/ros2_si_interface/include/ros2_si_interface
[1.616s] -- Up-to-date: /home/juergen/1_dev/projects/Sketchable-Interaction/SI/src/sirose/msg/ros2_si_interface/install/ros2_si_interface/include/ros2_si_interface/msg
[1.616s] -- Up-to-date: /home/juergen/1_dev/projects/Sketchable-Interaction/SI/src/sirose/msg/ros2_si_interface/install/ros2_si_interface/include/ros2_si_interface/msg/detail
[1.617s] -- Up-to-date: /home/juergen/1_dev/projects/Sketchable-Interaction/SI/src/sirose/msg/ros2_si_interface/install/ros2_si_interface/include/ros2_si_interface/msg/detail/vtksi_object__struct.hpp
[1.617s] -- Up-to-date: /home/juergen/1_dev/projects/Sketchable-Interaction/SI/src/sirose/msg/ros2_si_interface/install/ros2_si_interface/include/ros2_si_interface/msg/detail/vtksi_object__traits.hpp
[1.617s] -- Up-to-date: /home/juergen/1_dev/projects/Sketchable-Interaction/SI/src/sirose/msg/ros2_si_interface/install/ros2_si_interface/include/ros2_si_interface/msg/detail/vtksi_object__builder.hpp
[1.617s] -- Up-to-date: /home/juergen/1_dev/projects/Sketchable-Interaction/SI/src/sirose/msg/ros2_si_interface/install/ros2_si_interface/include/ros2_si_interface/msg/vtksi_object.hpp
[1.617s] -- Up-to-date: /home/juergen/1_dev/projects/Sketchable-Interaction/SI/src/sirose/msg/ros2_si_interface/install/ros2_si_interface/include/ros2_si_interface
[1.617s] -- Up-to-date: /home/juergen/1_dev/projects/Sketchable-Interaction/SI/src/sirose/msg/ros2_si_interface/install/ros2_si_interface/include/ros2_si_interface/msg
[1.617s] -- Up-to-date: /home/juergen/1_dev/projects/Sketchable-Interaction/SI/src/sirose/msg/ros2_si_interface/install/ros2_si_interface/include/ros2_si_interface/msg/detail
[1.618s] -- Up-to-date: /home/juergen/1_dev/projects/Sketchable-Interaction/SI/src/sirose/msg/ros2_si_interface/install/ros2_si_interface/include/ros2_si_interface/msg/detail/vtksi_object__type_support.cpp
[1.618s] -- Up-to-date: /home/juergen/1_dev/projects/Sketchable-Interaction/SI/src/sirose/msg/ros2_si_interface/install/ros2_si_interface/include/ros2_si_interface/msg/detail/vtksi_object__rosidl_typesupport_introspection_cpp.hpp
[1.618s] -- Up-to-date: /home/juergen/1_dev/projects/Sketchable-Interaction/SI/src/sirose/msg/ros2_si_interface/install/ros2_si_interface/lib/libros2_si_interface__rosidl_typesupport_introspection_cpp.so
[1.629s] -- Up-to-date: /home/juergen/1_dev/projects/Sketchable-Interaction/SI/src/sirose/msg/ros2_si_interface/install/ros2_si_interface/lib/libros2_si_interface__rosidl_typesupport_cpp.so
[1.629s] -- Up-to-date: /home/juergen/1_dev/projects/Sketchable-Interaction/SI/src/sirose/msg/ros2_si_interface/install/ros2_si_interface/share/ros2_si_interface/environment/pythonpath.sh
[1.629s] -- Up-to-date: /home/juergen/1_dev/projects/Sketchable-Interaction/SI/src/sirose/msg/ros2_si_interface/install/ros2_si_interface/share/ros2_si_interface/environment/pythonpath.dsv
[1.629s] -- Up-to-date: /home/juergen/1_dev/projects/Sketchable-Interaction/SI/src/sirose/msg/ros2_si_interface/install/ros2_si_interface/lib/python3.9/site-packages/ros2_si_interface/__init__.py
[1.976s] -- Up-to-date: /home/juergen/1_dev/projects/Sketchable-Interaction/SI/src/sirose/msg/ros2_si_interface/install/ros2_si_interface/lib/python3.9/site-packages/ros2_si_interface/msg
[1.977s] -- Up-to-date: /home/juergen/1_dev/projects/Sketchable-Interaction/SI/src/sirose/msg/ros2_si_interface/install/ros2_si_interface/lib/python3.9/site-packages/ros2_si_interface/msg/_vtksi_object.py
[1.977s] -- Up-to-date: /home/juergen/1_dev/projects/Sketchable-Interaction/SI/src/sirose/msg/ros2_si_interface/install/ros2_si_interface/lib/python3.9/site-packages/ros2_si_interface/msg/_vtksi_object_s.c
[1.977s] -- Up-to-date: /home/juergen/1_dev/projects/Sketchable-Interaction/SI/src/sirose/msg/ros2_si_interface/install/ros2_si_interface/lib/python3.9/site-packages/ros2_si_interface/msg/__init__.py
[1.978s] -- Up-to-date: /home/juergen/1_dev/projects/Sketchable-Interaction/SI/src/sirose/msg/ros2_si_interface/install/ros2_si_interface/lib/python3.9/site-packages/ros2_si_interface/ros2_si_interface_s__rosidl_typesupport_introspection_c.cpython-39-x86_64-linux-gnu.so
[1.981s] -- Up-to-date: /home/juergen/1_dev/projects/Sketchable-Interaction/SI/src/sirose/msg/ros2_si_interface/install/ros2_si_interface/lib/python3.9/site-packages/ros2_si_interface/ros2_si_interface_s__rosidl_typesupport_fastrtps_c.cpython-39-x86_64-linux-gnu.so
[1.983s] -- Up-to-date: /home/juergen/1_dev/projects/Sketchable-Interaction/SI/src/sirose/msg/ros2_si_interface/install/ros2_si_interface/lib/python3.9/site-packages/ros2_si_interface/ros2_si_interface_s__rosidl_typesupport_c.cpython-39-x86_64-linux-gnu.so
[1.985s] -- Up-to-date: /home/juergen/1_dev/projects/Sketchable-Interaction/SI/src/sirose/msg/ros2_si_interface/install/ros2_si_interface/lib/libros2_si_interface__python.so
[1.985s] -- Up-to-date: /home/juergen/1_dev/projects/Sketchable-Interaction/SI/src/sirose/msg/ros2_si_interface/install/ros2_si_interface/share/ros2_si_interface/msg/VTKSIObject.idl
[1.986s] -- Up-to-date: /home/juergen/1_dev/projects/Sketchable-Interaction/SI/src/sirose/msg/ros2_si_interface/install/ros2_si_interface/share/ros2_si_interface/msg/VTKSIObject.msg
[1.986s] -- Up-to-date: /home/juergen/1_dev/projects/Sketchable-Interaction/SI/src/sirose/msg/ros2_si_interface/install/ros2_si_interface/share/ament_index/resource_index/package_run_dependencies/ros2_si_interface
[1.986s] -- Up-to-date: /home/juergen/1_dev/projects/Sketchable-Interaction/SI/src/sirose/msg/ros2_si_interface/install/ros2_si_interface/share/ament_index/resource_index/parent_prefix_path/ros2_si_interface
[1.989s] -- Up-to-date: /home/juergen/1_dev/projects/Sketchable-Interaction/SI/src/sirose/msg/ros2_si_interface/install/ros2_si_interface/share/ros2_si_interface/environment/ament_prefix_path.dsv
[1.989s] -- Up-to-date: /home/juergen/1_dev/projects/Sketchable-Interaction/SI/src/sirose/msg/ros2_si_interface/install/ros2_si_interface/share/ros2_si_interface/environment/path.dsv
[1.989s] -- Up-to-date: /home/juergen/1_dev/projects/Sketchable-Interaction/SI/src/sirose/msg/ros2_si_interface/install/ros2_si_interface/share/ros2_si_interface/local_setup.bash
[1.989s] -- Up-to-date: /home/juergen/1_dev/projects/Sketchable-Interaction/SI/src/sirose/msg/ros2_si_interface/install/ros2_si_interface/share/ros2_si_interface/local_setup.sh
[1.989s] -- Up-to-date: /home/juergen/1_dev/projects/Sketchable-Interaction/SI/src/sirose/msg/ros2_si_interface/install/ros2_si_interface/share/ros2_si_interface/local_setup.zsh
[1.989s] -- Up-to-date: /home/juergen/1_dev/projects/Sketchable-Interaction/SI/src/sirose/msg/ros2_si_interface/install/ros2_si_interface/share/ros2_si_interface/local_setup.dsv
[1.989s] -- Installing: /home/juergen/1_dev/projects/Sketchable-Interaction/SI/src/sirose/msg/ros2_si_interface/install/ros2_si_interface/share/ros2_si_interface/package.dsv
[1.990s] -- Up-to-date: /home/juergen/1_dev/projects/Sketchable-Interaction/SI/src/sirose/msg/ros2_si_interface/install/ros2_si_interface/share/ament_index/resource_index/packages/ros2_si_interface
[1.991s] -- Up-to-date: /home/juergen/1_dev/projects/Sketchable-Interaction/SI/src/sirose/msg/ros2_si_interface/install/ros2_si_interface/share/ros2_si_interface/cmake/ros2_si_interface__rosidl_generator_cExport.cmake
[1.991s] -- Up-to-date: /home/juergen/1_dev/projects/Sketchable-Interaction/SI/src/sirose/msg/ros2_si_interface/install/ros2_si_interface/share/ros2_si_interface/cmake/ros2_si_interface__rosidl_generator_cExport-noconfig.cmake
[1.992s] -- Up-to-date: /home/juergen/1_dev/projects/Sketchable-Interaction/SI/src/sirose/msg/ros2_si_interface/install/ros2_si_interface/share/ros2_si_interface/cmake/ros2_si_interface__rosidl_typesupport_introspection_cExport.cmake
[1.993s] -- Up-to-date: /home/juergen/1_dev/projects/Sketchable-Interaction/SI/src/sirose/msg/ros2_si_interface/install/ros2_si_interface/share/ros2_si_interface/cmake/ros2_si_interface__rosidl_typesupport_introspection_cExport-noconfig.cmake
[1.994s] -- Up-to-date: /home/juergen/1_dev/projects/Sketchable-Interaction/SI/src/sirose/msg/ros2_si_interface/install/ros2_si_interface/share/ros2_si_interface/cmake/ros2_si_interface__rosidl_typesupport_cExport.cmake
[1.994s] -- Up-to-date: /home/juergen/1_dev/projects/Sketchable-Interaction/SI/src/sirose/msg/ros2_si_interface/install/ros2_si_interface/share/ros2_si_interface/cmake/ros2_si_interface__rosidl_typesupport_cExport-noconfig.cmake
[1.995s] -- Up-to-date: /home/juergen/1_dev/projects/Sketchable-Interaction/SI/src/sirose/msg/ros2_si_interface/install/ros2_si_interface/share/ros2_si_interface/cmake/ros2_si_interface__rosidl_generator_cppExport.cmake
[1.997s] -- Up-to-date: /home/juergen/1_dev/projects/Sketchable-Interaction/SI/src/sirose/msg/ros2_si_interface/install/ros2_si_interface/share/ros2_si_interface/cmake/ros2_si_interface__rosidl_typesupport_introspection_cppExport.cmake
[1.997s] -- Up-to-date: /home/juergen/1_dev/projects/Sketchable-Interaction/SI/src/sirose/msg/ros2_si_interface/install/ros2_si_interface/share/ros2_si_interface/cmake/ros2_si_interface__rosidl_typesupport_introspection_cppExport-noconfig.cmake
[1.998s] -- Up-to-date: /home/juergen/1_dev/projects/Sketchable-Interaction/SI/src/sirose/msg/ros2_si_interface/install/ros2_si_interface/share/ros2_si_interface/cmake/ros2_si_interface__rosidl_typesupport_cppExport.cmake
[1.998s] -- Up-to-date: /home/juergen/1_dev/projects/Sketchable-Interaction/SI/src/sirose/msg/ros2_si_interface/install/ros2_si_interface/share/ros2_si_interface/cmake/ros2_si_interface__rosidl_typesupport_cppExport-noconfig.cmake
[1.999s] -- Up-to-date: /home/juergen/1_dev/projects/Sketchable-Interaction/SI/src/sirose/msg/ros2_si_interface/install/ros2_si_interface/share/ros2_si_interface/cmake/rosidl_cmake-extras.cmake
[1.999s] -- Up-to-date: /home/juergen/1_dev/projects/Sketchable-Interaction/SI/src/sirose/msg/ros2_si_interface/install/ros2_si_interface/share/ros2_si_interface/cmake/ament_cmake_export_dependencies-extras.cmake
[2.000s] -- Up-to-date: /home/juergen/1_dev/projects/Sketchable-Interaction/SI/src/sirose/msg/ros2_si_interface/install/ros2_si_interface/share/ros2_si_interface/cmake/ament_cmake_export_libraries-extras.cmake
[2.000s] -- Up-to-date: /home/juergen/1_dev/projects/Sketchable-Interaction/SI/src/sirose/msg/ros2_si_interface/install/ros2_si_interface/share/ros2_si_interface/cmake/ament_cmake_export_targets-extras.cmake
[2.000s] -- Up-to-date: /home/juergen/1_dev/projects/Sketchable-Interaction/SI/src/sirose/msg/ros2_si_interface/install/ros2_si_interface/share/ros2_si_interface/cmake/ament_cmake_export_include_directories-extras.cmake
[2.000s] -- Up-to-date: /home/juergen/1_dev/projects/Sketchable-Interaction/SI/src/sirose/msg/ros2_si_interface/install/ros2_si_interface/share/ros2_si_interface/cmake/rosidl_cmake_export_typesupport_targets-extras.cmake
[2.000s] -- Up-to-date: /home/juergen/1_dev/projects/Sketchable-Interaction/SI/src/sirose/msg/ros2_si_interface/install/ros2_si_interface/share/ros2_si_interface/cmake/rosidl_cmake_export_typesupport_libraries-extras.cmake
[2.001s] -- Up-to-date: /home/juergen/1_dev/projects/Sketchable-Interaction/SI/src/sirose/msg/ros2_si_interface/install/ros2_si_interface/share/ros2_si_interface/cmake/ros2_si_interfaceConfig.cmake
[2.002s] -- Up-to-date: /home/juergen/1_dev/projects/Sketchable-Interaction/SI/src/sirose/msg/ros2_si_interface/install/ros2_si_interface/share/ros2_si_interface/cmake/ros2_si_interfaceConfig-version.cmake
[2.002s] -- Up-to-date: /home/juergen/1_dev/projects/Sketchable-Interaction/SI/src/sirose/msg/ros2_si_interface/install/ros2_si_interface/share/ros2_si_interface/package.xml
[2.006s] Invoked command in '/home/juergen/1_dev/projects/Sketchable-Interaction/SI/src/sirose/msg/ros2_si_interface/build/ros2_si_interface' returned '0': CMAKE_PREFIX_PATH=${CMAKE_PREFIX_PATH}:/home/juergen/ros2_galactic/install/rqt_bag_plugins:/home/juergen/ros2_galactic/install/rqt_bag:/home/juergen/ros2_galactic/install/ros2bag:/home/juergen/ros2_galactic/install/tracetools_launch:/home/juergen/ros2_galactic/install/topic_monitor:/home/juergen/ros2_galactic/install/tf2_tools:/home/juergen/ros2_galactic/install/examples_tf2_py:/home/juergen/ros2_galactic/install/tf2_ros_py:/home/juergen/ros2_galactic/install/sros2:/home/juergen/ros2_galactic/install/rqt_topic:/home/juergen/ros2_galactic/install/rqt_top:/home/juergen/ros2_galactic/install/rqt_srv:/home/juergen/ros2_galactic/install/rqt_shell:/home/juergen/ros2_galactic/install/rqt_service_caller:/home/juergen/ros2_galactic/install/rqt_reconfigure:/home/juergen/ros2_galactic/install/rqt_py_console:/home/juergen/ros2_galactic/install/rqt_publisher:/home/juergen/ros2_galactic/install/rqt_plot:/home/juergen/ros2_galactic/install/rqt_action:/home/juergen/ros2_galactic/install/rqt_msg:/home/juergen/ros2_galactic/install/rqt_console:/home/juergen/ros2_galactic/install/rqt:/home/juergen/ros2_galactic/install/rqt_graph:/home/juergen/ros2_galactic/install/rqt_gui_py:/home/juergen/ros2_galactic/install/rqt_gui:/home/juergen/ros2_galactic/install/ros2trace:/home/juergen/ros2_galactic/install/ros2topic:/home/juergen/ros2_galactic/install/ros2test:/home/juergen/ros2_galactic/install/ros2component:/home/juergen/ros2_galactic/install/ros2param:/home/juergen/ros2_galactic/install/ros2lifecycle:/home/juergen/ros2_galactic/install/ros2service:/home/juergen/ros2_galactic/install/ros2run:/home/juergen/ros2_galactic/install/ros2launch:/home/juergen/ros2_galactic/install/ros2pkg:/home/juergen/ros2_galactic/install/ros2node:/home/juergen/ros2_galactic/install/ros2multicast:/home/juergen/ros2_galactic/install/ros2interface:/home/juergen/ros2_galactic/install/ros2doctor:/home/juergen/ros2_galactic/install/ros2action:/home/juergen/ros2_galactic/install/ros2cli:/home/juergen/ros2_galactic/install/quality_of_service_demo_py:/home/juergen/ros2_galactic/install/launch_testing_ros:/home/juergen/ros2_galactic/install/launch_ros:/home/juergen/ros2_galactic/install/examples_rclpy_pointcloud_publisher:/home/juergen/ros2_galactic/install/examples_rclpy_minimal_subscriber:/home/juergen/ros2_galactic/install/examples_rclpy_minimal_service:/home/juergen/ros2_galactic/install/examples_rclpy_minimal_publisher:/home/juergen/ros2_galactic/install/examples_rclpy_minimal_client:/home/juergen/ros2_galactic/install/examples_rclpy_minimal_action_server:/home/juergen/ros2_galactic/install/examples_rclpy_minimal_action_client:/home/juergen/ros2_galactic/install/examples_rclpy_guard_conditions:/home/juergen/ros2_galactic/install/examples_rclpy_executors:/home/juergen/ros2_galactic/install/demo_nodes_py:/home/juergen/ros2_galactic/install/action_tutorials_py:/home/juergen/ros2_galactic/install/ament_uncrustify:/home/juergen/ros2_galactic/install/tracetools_trace:/home/juergen/ros2_galactic/install/tracetools_read:/home/juergen/ros2_galactic/install/test_launch_ros:/home/juergen/ros2_galactic/install/sensor_msgs_py:/home/juergen/ros2_galactic/install/rpyutils:/home/juergen/ros2_galactic/install/rosidl_runtime_py:/home/juergen/ros2_galactic/install/rosidl_cli:/home/juergen/ros2_galactic/install/launch_yaml:/home/juergen/ros2_galactic/install/launch_xml:/home/juergen/ros2_galactic/install/launch_testing:/home/juergen/ros2_galactic/install/launch:/home/juergen/ros2_galactic/install/osrf_pycommon:/home/juergen/ros2_galactic/install/domain_coordinator:/home/juergen/ros2_galactic/install/ament_xmllint:/home/juergen/ros2_galactic/install/ament_pyflakes:/home/juergen/ros2_galactic/install/ament_pycodestyle:/home/juergen/ros2_galactic/install/ament_pep257:/home/juergen/ros2_galactic/install/ament_pclint:/home/juergen/ros2_galactic/install/ament_package:/home/juergen/ros2_galactic/install/ament_mypy:/home/juergen/ros2_galactic/install/ament_lint_cmake:/home/juergen/ros2_galactic/install/ament_flake8:/home/juergen/ros2_galactic/install/ament_copyright:/home/juergen/ros2_galactic/install/ament_lint:/home/juergen/ros2_galactic/install/ament_index_python:/home/juergen/ros2_galactic/install/ament_cpplint:/home/juergen/ros2_galactic/install/ament_cppcheck:/home/juergen/ros2_galactic/install/ament_clang_tidy:/home/juergen/ros2_galactic/install/ament_clang_format /usr/local/bin/cmake --install /home/juergen/1_dev/projects/Sketchable-Interaction/SI/src/sirose/msg/ros2_si_interface/build/ros2_si_interface
